IQ-TREE multicore version 2.4.0 for Linux x86 64-bit built Feb  7 2025
Developed by Bui Quang Minh, Nguyen Lam Tung, Olga Chernomor, Heiko Schmidt,
Dominik Schrempf, Michael Woodhams, Ly Trong Nhan, Thomas Wong

Host:    rosa (AVX512, FMA3, 755 GB RAM)
Command: /home/jeremias/software/iqtree-2.4.0-Linux-intel/bin/iqtree2 -s /home/jeremias//chrM/final/window_1_05/window_1_05.fa -T 1 --quiet --redo -blmin 0.00152671755725191 -B 1000
Seed:    40302 (Using SPRNG - Scalable Parallel Random Number Generator)
Time:    Thu Jun 25 05:42:18 2026
Kernel:  AVX+FMA - 1 threads (128 CPU cores detected)

HINT: Use -nt option to specify number of threads because your CPU has 128 cores!
HINT: -nt AUTO will automatically determine the best number of threads to use.

Reading alignment file /home/jeremias//chrM/final/window_1_05/window_1_05.fa ... Fasta format detected
Reading fasta file: done in 6.25551e-05 secs using 97.51% CPU
Alignment most likely contains DNA/RNA sequences
Alignment has 4 sequences with 655 columns, 41 distinct patterns
31 parsimony-informative, 99 singleton sites, 525 constant sites
         Gap/Ambiguity  Composition  p-value
Analyzing sequences: done in 5.82635e-06 secs using 103% CPU
   1  hg38       0.00%    passed     99.40%
   2  gorGor3    0.00%    passed     82.67%
   3  panTro4    0.00%    passed     85.24%
   4  ponAbe2    0.00%    passed     99.79%
****  TOTAL      0.00%  0 sequences failed composition chi2 test (p-value<5%; df=3)


Create initial parsimony tree by phylogenetic likelihood library (PLL)... 0.000 seconds
Perform fast likelihood tree search using GTR+I+G model...
Estimate model parameters (epsilon = 5.000)

WARNING: Estimated model parameters are at boundary that can cause numerical instability!

Perform nearest neighbor interchange...
Estimate model parameters (epsilon = 1.000)
1. Initial log-likelihood: -1425.067
Optimal log-likelihood: -1424.685
Rate parameters:  A-C: 1.50006  A-G: 100.00000  A-T: 3.60444  C-G: 0.00010  C-T: 85.91079  G-T: 1.00000
Warning! Some parameters hit the boundaries
Base frequencies:  A: 0.381  C: 0.346  G: 0.077  T: 0.196
Proportion of invariable sites: 0.383
Gamma shape alpha: 0.623
Parameters optimization took 1 rounds (0.001 sec)

WARNING: Estimated model parameters are at boundary that can cause numerical instability!

Time for fast ML tree search: 0.005 seconds

NOTE: ModelFinder requires 0 MB RAM!
ModelFinder will test up to 484 DNA models (sample size: 655 epsilon: 0.100) ...
 No. Model         -LnL         df  AIC          AICc         BIC
  1  GTR+F         1441.477     13  2908.955     2909.523     2967.255
  2  GTR+F+I       1423.928     14  2875.855     2876.511     2938.640
  3  GTR+F+G4      1423.874     14  2875.748     2876.404     2938.532
  4  GTR+F+I+G4    1424.435     15  2878.869     2879.620     2946.139
  5  GTR+F+R2      1424.070     15  2878.139     2878.890     2945.409
+R3 reinitialized from +R2 with factor 0.500
  6  GTR+F+R3      1423.912     17  2881.824     2882.784     2958.062
 14  GTR+F+I+R2    1423.882     16  2879.763     2880.616     2951.517
+I+R3 reinitialized from +I+R2 with factor 0.500
 15  GTR+F+I+R3    1423.967     18  2883.934     2885.010     2964.658
 24  SYM+I         1526.699     11  3075.399     3075.809     3124.730
 25  SYM+G4        1527.111     11  3076.221     3076.632     3125.552
 26  SYM+I+G4      1527.252     12  3078.505     3078.991     3132.320
 27  SYM+R2        1526.711     12  3077.421     3077.907     3131.237
 46  TVM+F+I       1424.373     13  2874.745     2875.313     2933.046
 47  TVM+F+G4      1424.395     13  2874.790     2875.358     2933.090
 48  TVM+F+I+G4    1424.608     14  2877.217     2877.873     2940.002
 49  TVM+F+R2      1424.367     14  2876.734     2877.390     2939.519
 68  TVMe+I        1533.110     10  3086.219     3086.561     3131.066
 69  TVMe+G4       1533.240     10  3086.479     3086.821     3131.326
 70  TVMe+I+G4     1533.431     11  3088.861     3089.272     3138.192
 71  TVMe+R2       1533.228     11  3088.457     3088.867     3137.788
 90  TIM3+F+I      1424.524     12  2873.048     2873.534     2926.864
 91  TIM3+F+G4     1424.383     12  2872.766     2873.252     2926.581
 92  TIM3+F+I+G4   1424.958     13  2875.917     2876.485     2934.217
 93  TIM3+F+R2     1424.443     13  2874.886     2875.454     2933.186
112  TIM3e+I       1530.004     9   3078.008     3078.287     3118.370
113  TIM3e+G4      1530.455     9   3078.910     3079.189     3119.271
114  TIM3e+I+G4    1530.641     10  3081.282     3081.624     3126.129
115  TIM3e+R2      1530.060     10  3080.120     3080.462     3124.967
134  TIM2+F+I      1424.761     12  2873.522     2874.008     2927.338
135  TIM2+F+G4     1424.669     12  2873.338     2873.824     2927.153
136  TIM2+F+I+G4   1425.245     13  2876.490     2877.058     2934.790
137  TIM2+F+R2     1424.712     13  2875.424     2875.992     2933.725
156  TIM2e+I       1527.662     9   3073.324     3073.603     3113.686
157  TIM2e+G4      1528.090     9   3074.179     3074.458     3114.541
158  TIM2e+I+G4    1528.238     10  3076.477     3076.818     3121.323
159  TIM2e+R2      1527.715     10  3075.431     3075.772     3120.277
178  TIM+F+I       1424.976     12  2873.952     2874.438     2927.768
179  TIM+F+G4      1424.693     12  2873.386     2873.872     2927.202
180  TIM+F+I+G4    1425.470     13  2876.940     2877.508     2935.240
181  TIM+F+R2      1424.905     13  2875.810     2876.377     2934.110
200  TIMe+I        1529.916     9   3077.832     3078.111     3118.194
201  TIMe+G4       1530.286     9   3078.571     3078.850     3118.933
202  TIMe+I+G4     1530.417     10  3080.834     3081.175     3125.680
203  TIMe+R2       1529.960     10  3079.920     3080.261     3124.766
222  TPM3u+F+I     1424.957     11  2871.914     2872.325     2921.245
223  TPM3u+F+G4    1424.985     11  2871.971     2872.381     2921.302
224  TPM3u+F+I+G4  1425.182     12  2874.364     2874.850     2928.179
225  TPM3u+F+R2    1424.980     12  2873.959     2874.445     2927.775
244  TPM3+I        1536.412     8   3088.825     3089.047     3124.702
245  TPM3+G4       1536.546     8   3089.091     3089.314     3124.968
246  TPM3+I+G4     1536.744     9   3091.487     3091.766     3131.849
247  TPM3+R2       1536.532     9   3091.064     3091.343     3131.426
266  TPM2u+F+I     1425.183     11  2872.366     2872.776     2921.697
267  TPM2u+F+G4    1425.122     11  2872.245     2872.655     2921.576
268  TPM2u+F+I+G4  1425.322     12  2874.644     2875.130     2928.459
269  TPM2u+F+R2    1425.166     12  2874.331     2874.817     2928.147
288  TPM2+I        1533.794     8   3083.589     3083.812     3119.466
289  TPM2+G4       1533.899     8   3083.798     3084.021     3119.675
290  TPM2+I+G4     1534.085     9   3086.171     3086.450     3126.533
291  TPM2+R2       1533.834     9   3085.668     3085.947     3126.029
310  K3Pu+F+I      1425.517     11  2873.034     2873.444     2922.365
311  K3Pu+F+G4     1425.419     11  2872.839     2873.249     2922.170
312  K3Pu+F+I+G4   1425.617     12  2875.234     2875.720     2929.050
313  K3Pu+F+R2     1425.489     12  2874.978     2875.464     2928.794
332  K3P+I         1536.193     8   3088.386     3088.609     3124.263
333  K3P+G4        1536.265     8   3088.531     3088.754     3124.408
334  K3P+I+G4      1536.442     9   3090.884     3091.163     3131.246
335  K3P+R2        1536.293     9   3090.585     3090.864     3130.947
354  TN+F+I        1425.023     11  2872.045     2872.456     2921.376
355  TN+F+G4       1424.755     11  2871.510     2871.921     2920.841
356  TN+F+I+G4     1425.424     12  2874.847     2875.333     2928.663
357  TN+F+R2       1424.805     12  2873.610     2874.096     2927.425
376  TNe+I         1530.155     8   3076.309     3076.532     3112.187
377  TNe+G4        1530.575     8   3077.149     3077.372     3113.026
378  TNe+I+G4      1530.751     9   3079.502     3079.781     3119.864
379  TNe+R2        1530.278     9   3078.556     3078.835     3118.918
398  HKY+F+I       1425.542     10  2871.083     2871.425     2915.930
399  HKY+F+G4      1425.495     10  2870.990     2871.331     2915.836
400  HKY+F+I+G4    1425.683     11  2873.366     2873.777     2922.697
401  HKY+F+R2      1425.508     11  2873.015     2873.426     2922.346
420  K2P+I         1536.576     7   3087.152     3087.325     3118.545
421  K2P+G4        1536.682     7   3087.363     3087.537     3118.756
422  K2P+I+G4      1536.859     8   3089.717     3089.940     3125.594
423  K2P+R2        1536.674     8   3089.347     3089.570     3125.224
442  F81+F+I       1576.287     9   3170.575     3170.854     3210.937
443  F81+F+G4      1576.776     9   3171.552     3171.831     3211.914
444  F81+F+I+G4    1576.699     10  3173.398     3173.740     3218.245
445  F81+F+R2      1576.600     10  3173.201     3173.543     3218.047
464  JC+I          1658.728     6   3329.455     3329.585     3356.363
465  JC+G4         1659.111     6   3330.222     3330.351     3357.130
466  JC+I+G4       1659.063     7   3332.127     3332.300     3363.519
467  JC+R2         1658.942     7   3331.885     3332.058     3363.277
Akaike Information Criterion:           HKY+F+G4
Corrected Akaike Information Criterion: HKY+F+G4
Bayesian Information Criterion:         HKY+F+G4
Best-fit model: HKY+F+G4 chosen according to BIC

All model information printed to /home/jeremias//chrM/final/window_1_05/window_1_05.fa.model.gz
CPU time for ModelFinder: 0.169 seconds (0h:0m:0s)
Wall-clock time for ModelFinder: 0.193 seconds (0h:0m:0s)
Generating 1000 samples for ultrafast bootstrap (seed: 40302)...

NOTE: 0 MB RAM (0 GB) is required!
Estimate model parameters (epsilon = 0.100)
1. Initial log-likelihood: -1576.853
2. Current log-likelihood: -1435.425
3. Current log-likelihood: -1425.729
4. Current log-likelihood: -1425.620
Optimal log-likelihood: -1425.492
Rate parameters:  A-C: 1.00000  A-G: 52.49912  A-T: 1.00000  C-G: 1.00000  C-T: 52.49912  G-T: 1.00000
Base frequencies:  A: 0.381  C: 0.346  G: 0.077  T: 0.196
Gamma shape alpha: 0.192
Parameters optimization took 4 rounds (0.002 sec)
Wrote distance file to... 
Computing ML distances based on estimated model parameters...
Calculating distance matrix: done in 7.24196e-05 secs using 92.52% CPU
Computing ML distances took 0.000115 sec (of wall-clock time) 0.000102 sec (of CPU time)
Setting up auxiliary I and S matrices: done in 3.41535e-05 secs using 190.3% CPU
Computing RapidNJ tree took 0.000120 sec (of wall-clock time) 0.000183 sec (of CPU time)
Log-likelihood of RapidNJ tree: -1425.492
--------------------------------------------------------------------
|             INITIALIZING CANDIDATE TREE SET                      |
--------------------------------------------------------------------
Generating 99 parsimony trees... 0.008 second
Computing log-likelihood of 2 initial trees ... 0.000 seconds
Current best score: -1425.492

Do NNI search on 3 best initial trees
UPDATE BEST LOG-LIKELIHOOD: -1425.491
Finish initializing candidate tree set (3)
Current best tree score: -1425.491 / CPU time: 0.014
Number of iterations: 3
--------------------------------------------------------------------
|               OPTIMIZING CANDIDATE TREE SET                      |
--------------------------------------------------------------------
UPDATE BEST LOG-LIKELIHOOD: -1425.491
Iteration 10 / LogL: -1425.491 / Time: 0h:0m:0s
UPDATE BEST LOG-LIKELIHOOD: -1425.482
Iteration 20 / LogL: -1425.492 / Time: 0h:0m:0s
Iteration 30 / LogL: -1425.492 / Time: 0h:0m:0s (0h:0m:0s left)
Iteration 40 / LogL: -1425.492 / Time: 0h:0m:0s (0h:0m:0s left)
Iteration 50 / LogL: -1425.482 / Time: 0h:0m:0s (0h:0m:0s left)
Log-likelihood cutoff on original alignment: -1426.915
Iteration 60 / LogL: -1425.482 / Time: 0h:0m:0s (0h:0m:0s left)
Iteration 70 / LogL: -1425.482 / Time: 0h:0m:0s (0h:0m:0s left)
Iteration 80 / LogL: -1425.492 / Time: 0h:0m:0s (0h:0m:0s left)
Iteration 90 / LogL: -1425.492 / Time: 0h:0m:0s (0h:0m:0s left)
Iteration 100 / LogL: -1425.482 / Time: 0h:0m:0s (0h:0m:0s left)
Log-likelihood cutoff on original alignment: -1426.915
NOTE: Bootstrap correlation coefficient of split occurrence frequencies: 0.993
TREE SEARCH COMPLETED AFTER 101 ITERATIONS / Time: 0h:0m:0s

--------------------------------------------------------------------
|                    FINALIZING TREE SEARCH                        |
--------------------------------------------------------------------
Performs final model parameters optimization
Estimate model parameters (epsilon = 0.010)
1. Initial log-likelihood: -1425.482
2. Current log-likelihood: -1425.462
3. Current log-likelihood: -1425.450
Optimal log-likelihood: -1425.444
Rate parameters:  A-C: 1.00000  A-G: 55.58996  A-T: 1.00000  C-G: 1.00000  C-T: 55.58996  G-T: 1.00000
Base frequencies:  A: 0.381  C: 0.346  G: 0.077  T: 0.196
Gamma shape alpha: 0.183
Parameters optimization took 3 rounds (0.001 sec)
BEST SCORE FOUND : -1425.444
Creating bootstrap support values...
Split supports printed to NEXUS file /home/jeremias//chrM/final/window_1_05/window_1_05.fa.splits.nex
Total tree length: 0.507

Total number of iterations: 101
CPU time used for tree search: 0.410 sec (0h:0m:0s)
Wall-clock time used for tree search: 0.432 sec (0h:0m:0s)
Total CPU time used: 0.609 sec (0h:0m:0s)
Total wall-clock time used: 0.656 sec (0h:0m:0s)

Computing bootstrap consensus tree...
Reading input file /home/jeremias//chrM/final/window_1_05/window_1_05.fa.splits.nex...
4 taxa and 7 splits.
Consensus tree written to /home/jeremias//chrM/final/window_1_05/window_1_05.fa.contree
Reading input trees file /home/jeremias//chrM/final/window_1_05/window_1_05.fa.contree
Log-likelihood of consensus tree: -1425.460

Analysis results written to: 
  IQ-TREE report:                /home/jeremias//chrM/final/window_1_05/window_1_05.fa.iqtree
  Maximum-likelihood tree:       /home/jeremias//chrM/final/window_1_05/window_1_05.fa.treefile
  Likelihood distances:          /home/jeremias//chrM/final/window_1_05/window_1_05.fa.mldist

Ultrafast bootstrap approximation results written to:
  Split support values:          /home/jeremias//chrM/final/window_1_05/window_1_05.fa.splits.nex
  Consensus tree:                /home/jeremias//chrM/final/window_1_05/window_1_05.fa.contree
  Screen log file:               /home/jeremias//chrM/final/window_1_05/window_1_05.fa.log

Date and Time: Thu Jun 25 05:42:18 2026
