IQ-TREE multicore version 2.4.0 for Linux x86 64-bit built Feb  7 2025
Developed by Bui Quang Minh, Nguyen Lam Tung, Olga Chernomor, Heiko Schmidt,
Dominik Schrempf, Michael Woodhams, Ly Trong Nhan, Thomas Wong

Host:    rosa (AVX512, FMA3, 755 GB RAM)
Command: /home/jeremias/software/iqtree-2.4.0-Linux-intel/bin/iqtree2 -s /home/jeremias//chrM/final/window_1_01/window_1_01.fa -T 1 --quiet --redo -blmin 0.000321853878339234 -B 1000
Seed:    729495 (Using SPRNG - Scalable Parallel Random Number Generator)
Time:    Thu Jun 25 05:42:17 2026
Kernel:  AVX+FMA - 1 threads (128 CPU cores detected)

HINT: Use -nt option to specify number of threads because your CPU has 128 cores!
HINT: -nt AUTO will automatically determine the best number of threads to use.

Reading alignment file /home/jeremias//chrM/final/window_1_01/window_1_01.fa ... Fasta format detected
Reading fasta file: done in 0.00012432 secs
Alignment most likely contains DNA/RNA sequences
Alignment has 4 sequences with 3107 columns, 69 distinct patterns
49 parsimony-informative, 300 singleton sites, 2758 constant sites
         Gap/Ambiguity  Composition  p-value
Analyzing sequences: done in 4.20213e-06 secs
   1  hg38       0.00%    passed     46.56%
   2  gorGor3   18.64%    passed     89.58%
   3  panTro4   18.73%    passed     82.84%
   4  ponAbe2   19.31%    passed     39.65%
****  TOTAL     14.17%  0 sequences failed composition chi2 test (p-value<5%; df=3)


Create initial parsimony tree by phylogenetic likelihood library (PLL)... 0.000 seconds
Perform fast likelihood tree search using GTR+I+G model...
Estimate model parameters (epsilon = 5.000)

WARNING: Estimated model parameters are at boundary that can cause numerical instability!

Perform nearest neighbor interchange...
Estimate model parameters (epsilon = 1.000)
1. Initial log-likelihood: -5945.262
Optimal log-likelihood: -5945.169
Rate parameters:  A-C: 6.08660  A-G: 31.88256  A-T: 3.85984  C-G: 0.21683  C-T: 100.00000  G-T: 1.00000
Warning! Some parameters hit the boundaries
Base frequencies:  A: 0.341  C: 0.263  G: 0.178  T: 0.219
Proportion of invariable sites: 0.437
Gamma shape alpha: 0.784
Parameters optimization took 1 rounds (0.001 sec)

WARNING: Estimated model parameters are at boundary that can cause numerical instability!

Time for fast ML tree search: 0.005 seconds

NOTE: ModelFinder requires 0 MB RAM!
ModelFinder will test up to 484 DNA models (sample size: 3107 epsilon: 0.100) ...
 No. Model         -LnL         df  AIC          AICc         BIC
  1  GTR+F         5969.692     13  11965.384    11965.502    12043.923
  2  GTR+F+I       5944.962     14  11917.924    11918.060    12002.504
  3  GTR+F+G4      5945.041     14  11918.081    11918.217    12002.661
  4  GTR+F+I+G4    5945.164     15  11920.328    11920.483    12010.949
  5  GTR+F+R2      5945.821     15  11921.642    11921.797    12012.263
  6  GTR+F+R3      5945.146     17  11924.292    11924.490    12026.996
 14  GTR+F+I+R2    5945.220     16  11922.441    11922.617    12019.103
 15  GTR+F+I+R3    5945.237     18  11926.475    11926.696    12035.220
 24  SYM+I         6037.271     11  12096.542    12096.628    12162.998
 25  SYM+G4        6037.453     11  12096.907    12096.992    12163.362
 26  SYM+I+G4      6037.638     12  12099.276    12099.377    12171.773
 27  SYM+R2        6037.663     12  12099.326    12099.427    12171.823
 46  TVM+F+I       5973.556     13  11973.112    11973.230    12051.650
 47  TVM+F+G4      5973.515     13  11973.030    11973.148    12051.568
 48  TVM+F+I+G4    5973.529     14  11975.058    11975.194    12059.638
 49  TVM+F+R2      5974.201     14  11976.402    11976.538    12060.982
 68  TVMe+I        6070.627     10  12161.255    12161.326    12221.669
 69  TVMe+G4       6070.575     10  12161.150    12161.221    12221.564
 70  TVMe+I+G4     6070.569     11  12163.138    12163.224    12229.594
 71  TVMe+R2       6070.643     11  12163.287    12163.372    12229.742
 90  TIM3+F+I      5955.304     12  11934.608    11934.709    12007.105
 91  TIM3+F+G4     5955.324     12  11934.647    11934.748    12007.144
 92  TIM3+F+I+G4   5955.470     13  11936.941    11937.058    12015.479
 93  TIM3+F+R2     5955.289     13  11936.577    11936.695    12015.115
112  TIM3e+I       6053.128     9   12124.255    12124.314    12178.628
113  TIM3e+G4      6053.348     9   12124.695    12124.753    12179.068
114  TIM3e+I+G4    6053.591     10  12127.182    12127.253    12187.596
115  TIM3e+R2      6053.256     10  12126.511    12126.583    12186.926
134  TIM2+F+I      5945.681     12  11915.363    11915.464    11987.860
135  TIM2+F+G4     5945.916     12  11915.832    11915.933    11988.329
136  TIM2+F+I+G4   5946.157     13  11918.314    11918.432    11996.853
137  TIM2+F+R2     5945.767     13  11917.534    11917.652    11996.073
156  TIM2e+I       6038.649     9   12095.297    12095.356    12149.670
157  TIM2e+G4      6039.046     9   12096.093    12096.151    12150.466
158  TIM2e+I+G4    6039.299     10  12098.598    12098.669    12159.012
159  TIM2e+R2      6038.888     10  12097.776    12097.847    12158.190
178  TIM+F+I       5955.141     12  11934.282    11934.383    12006.779
179  TIM+F+G4      5955.136     12  11934.271    11934.372    12006.768
180  TIM+F+I+G4    5955.260     13  11936.520    11936.637    12015.058
181  TIM+F+R2      5955.125     13  11936.249    11936.367    12014.788
200  TIMe+I        6053.301     9   12124.603    12124.661    12178.975
201  TIMe+G4       6053.482     9   12124.964    12125.022    12179.337
202  TIMe+I+G4     6053.690     10  12127.379    12127.450    12187.793
203  TIMe+R2       6053.371     10  12126.742    12126.813    12187.156
222  TPM3u+F+I     5982.865     11  11987.731    11987.816    12054.186
223  TPM3u+F+G4    5982.861     11  11987.723    11987.808    12054.178
224  TPM3u+F+I+G4  5982.966     12  11989.932    11990.032    12062.429
225  TPM3u+F+R2    5983.484     12  11990.967    11991.068    12063.464
244  TPM3+I        6086.915     8   12189.830    12189.877    12238.162
245  TPM3+G4       6086.952     8   12189.904    12189.950    12238.235
246  TPM3+I+G4     6087.053     9   12192.105    12192.164    12246.478
247  TPM3+R2       6086.911     9   12191.821    12191.880    12246.194
266  TPM2u+F+I     5974.231     11  11970.462    11970.548    12036.918
267  TPM2u+F+G4    5974.263     11  11970.525    11970.610    12036.981
268  TPM2u+F+I+G4  5974.473     12  11972.945    11973.046    12045.442
269  TPM2u+F+R2    5974.378     12  11972.757    11972.858    12045.254
288  TPM2+I        6071.804     8   12159.608    12159.654    12207.939
289  TPM2+G4       6071.888     8   12159.775    12159.822    12208.106
290  TPM2+I+G4     6072.023     9   12162.046    12162.104    12216.419
291  TPM2+R2       6071.862     9   12161.723    12161.782    12216.096
310  K3Pu+F+I      5982.844     11  11987.688    11987.773    12054.143
311  K3Pu+F+G4     5982.808     11  11987.616    11987.701    12054.071
312  K3Pu+F+I+G4   5982.831     12  11989.662    11989.763    12062.159
313  K3Pu+F+R2     5983.174     12  11990.349    11990.449    12062.846
332  K3P+I         6087.112     8   12190.225    12190.271    12238.556
333  K3P+G4        6087.124     8   12190.249    12190.295    12238.580
334  K3P+I+G4      6087.182     9   12192.364    12192.422    12246.737
335  K3P+R2        6087.125     9   12192.249    12192.308    12246.622
354  TN+F+I        5955.835     11  11933.669    11933.754    12000.125
355  TN+F+G4       5955.902     11  11933.804    11933.889    12000.260
356  TN+F+I+G4     5956.067     12  11936.134    11936.235    12008.631
357  TN+F+R2       5956.056     12  11936.112    11936.213    12008.609
376  TNe+I         6054.181     8   12124.363    12124.409    12172.694
377  TNe+G4        6054.442     8   12124.885    12124.931    12173.216
378  TNe+I+G4      6054.718     9   12127.436    12127.495    12181.809
379  TNe+R2        6054.454     9   12126.908    12126.966    12181.281
398  HKY+F+I       5983.423     10  11986.846    11986.917    12047.260
399  HKY+F+G4      5983.419     10  11986.838    11986.909    12047.252
400  HKY+F+I+G4    5983.552     11  11989.104    11989.190    12055.560
401  HKY+F+R2      5983.944     11  11989.889    11989.974    12056.344
420  K2P+I         6087.907     7   12189.814    12189.850    12232.104
421  K2P+G4        6087.965     7   12189.931    12189.967    12232.221
422  K2P+I+G4      6088.096     8   12192.192    12192.239    12240.524
423  K2P+R2        6087.913     8   12191.825    12191.872    12240.157
442  F81+F+I       6246.471     9   12510.942    12511.000    12565.315
443  F81+F+G4      6246.868     9   12511.736    12511.794    12566.109
444  F81+F+I+G4    6246.969     10  12513.939    12514.010    12574.353
445  F81+F+R2      6246.945     10  12513.890    12513.961    12574.304
464  JC+I          6333.005     6   12678.009    12678.036    12714.258
465  JC+G4         6333.366     6   12678.732    12678.759    12714.981
466  JC+I+G4       6333.455     7   12680.909    12680.946    12723.199
467  JC+R2         6333.429     7   12680.859    12680.895    12723.149
Akaike Information Criterion:           TIM2+F+I
Corrected Akaike Information Criterion: TIM2+F+I
Bayesian Information Criterion:         TIM2+F+I
Best-fit model: TIM2+F+I chosen according to BIC

All model information printed to /home/jeremias//chrM/final/window_1_01/window_1_01.fa.model.gz
CPU time for ModelFinder: 0.110 seconds (0h:0m:0s)
Wall-clock time for ModelFinder: 0.124 seconds (0h:0m:0s)
Generating 1000 samples for ultrafast bootstrap (seed: 729495)...

NOTE: 0 MB RAM (0 GB) is required!
Estimate model parameters (epsilon = 0.100)
1. Initial log-likelihood: -6246.492
2. Current log-likelihood: -5996.544
3. Current log-likelihood: -5947.255
4. Current log-likelihood: -5945.824
5. Current log-likelihood: -5945.719
Optimal log-likelihood: -5945.686
Rate parameters:  A-C: 5.25757  A-G: 32.49760  A-T: 5.25757  C-G: 1.00000  C-T: 100.00000  G-T: 1.00000
Warning! Some parameters hit the boundaries
Base frequencies:  A: 0.341  C: 0.263  G: 0.178  T: 0.219
Proportion of invariable sites: 0.651
Parameters optimization took 5 rounds (0.002 sec)

WARNING: Estimated model parameters are at boundary that can cause numerical instability!

Wrote distance file to... 
Computing ML distances based on estimated model parameters...
Calculating distance matrix: done in 3.00109e-05 secs using 86.64% CPU
Computing ML distances took 0.000055 sec (of wall-clock time) 0.000051 sec (of CPU time)
Setting up auxiliary I and S matrices: done in 1.40667e-05 secs
Computing RapidNJ tree took 0.000062 sec (of wall-clock time) 0.000000 sec (of CPU time)
Log-likelihood of RapidNJ tree: -5945.684
--------------------------------------------------------------------
|             INITIALIZING CANDIDATE TREE SET                      |
--------------------------------------------------------------------
Generating 99 parsimony trees... 0.007 second
Computing log-likelihood of 2 initial trees ... 0.000 seconds
Current best score: -5945.684

Do NNI search on 3 best initial trees
Finish initializing candidate tree set (3)
Current best tree score: -5945.684 / CPU time: 0.010
Number of iterations: 3
--------------------------------------------------------------------
|               OPTIMIZING CANDIDATE TREE SET                      |
--------------------------------------------------------------------
UPDATE BEST LOG-LIKELIHOOD: -5945.684
Iteration 10 / LogL: -5945.690 / Time: 0h:0m:0s
Iteration 20 / LogL: -5945.692 / Time: 0h:0m:0s
Iteration 30 / LogL: -5945.690 / Time: 0h:0m:0s (0h:0m:0s left)
Iteration 40 / LogL: -5945.684 / Time: 0h:0m:0s (0h:0m:0s left)
Iteration 50 / LogL: -5945.692 / Time: 0h:0m:0s (0h:0m:0s left)
Log-likelihood cutoff on original alignment: -5948.273
Iteration 60 / LogL: -5945.724 / Time: 0h:0m:0s (0h:0m:0s left)
Iteration 70 / LogL: -5946.972 / Time: 0h:0m:0s (0h:0m:0s left)
Iteration 80 / LogL: -5945.690 / Time: 0h:0m:0s (0h:0m:0s left)
Iteration 90 / LogL: -5945.684 / Time: 0h:0m:0s (0h:0m:0s left)
Iteration 100 / LogL: -5945.724 / Time: 0h:0m:0s (0h:0m:0s left)
Log-likelihood cutoff on original alignment: -5948.273
NOTE: Bootstrap correlation coefficient of split occurrence frequencies: 1.000
TREE SEARCH COMPLETED AFTER 101 ITERATIONS / Time: 0h:0m:0s

--------------------------------------------------------------------
|                    FINALIZING TREE SEARCH                        |
--------------------------------------------------------------------
Performs final model parameters optimization
Estimate model parameters (epsilon = 0.010)
1. Initial log-likelihood: -5945.684
Optimal log-likelihood: -5945.681
Rate parameters:  A-C: 5.22120  A-G: 32.37635  A-T: 5.22120  C-G: 1.00000  C-T: 100.00000  G-T: 1.00000
Warning! Some parameters hit the boundaries
Base frequencies:  A: 0.341  C: 0.263  G: 0.178  T: 0.219
Proportion of invariable sites: 0.653
Parameters optimization took 1 rounds (0.000 sec)

WARNING: Estimated model parameters are at boundary that can cause numerical instability!

BEST SCORE FOUND : -5945.681
Creating bootstrap support values...
Split supports printed to NEXUS file /home/jeremias//chrM/final/window_1_01/window_1_01.fa.splits.nex
Total tree length: 0.214

Total number of iterations: 101
CPU time used for tree search: 0.253 sec (0h:0m:0s)
Wall-clock time used for tree search: 0.254 sec (0h:0m:0s)
Total CPU time used: 0.382 sec (0h:0m:0s)
Total wall-clock time used: 0.399 sec (0h:0m:0s)

Computing bootstrap consensus tree...
Reading input file /home/jeremias//chrM/final/window_1_01/window_1_01.fa.splits.nex...
4 taxa and 7 splits.
Consensus tree written to /home/jeremias//chrM/final/window_1_01/window_1_01.fa.contree
Reading input trees file /home/jeremias//chrM/final/window_1_01/window_1_01.fa.contree
Log-likelihood of consensus tree: -5945.686

Analysis results written to: 
  IQ-TREE report:                /home/jeremias//chrM/final/window_1_01/window_1_01.fa.iqtree
  Maximum-likelihood tree:       /home/jeremias//chrM/final/window_1_01/window_1_01.fa.treefile
  Likelihood distances:          /home/jeremias//chrM/final/window_1_01/window_1_01.fa.mldist

Ultrafast bootstrap approximation results written to:
  Split support values:          /home/jeremias//chrM/final/window_1_01/window_1_01.fa.splits.nex
  Consensus tree:                /home/jeremias//chrM/final/window_1_01/window_1_01.fa.contree
  Screen log file:               /home/jeremias//chrM/final/window_1_01/window_1_01.fa.log

Date and Time: Thu Jun 25 05:42:18 2026
