IQ-TREE multicore version 2.4.0 for Linux x86 64-bit built Feb  7 2025
Developed by Bui Quang Minh, Nguyen Lam Tung, Olga Chernomor, Heiko Schmidt,
Dominik Schrempf, Michael Woodhams, Ly Trong Nhan, Thomas Wong

Host:    rosa (AVX512, FMA3, 755 GB RAM)
Command: /home/jeremias/software/iqtree-2.4.0-Linux-intel/bin/iqtree2 -s /home/jeremias//chrM/merge/iter01/window_1_02/window_1_02_window_1_03.fa -T 1 --quiet --redo -blmin 0.000966183574879227
Seed:    190241 (Using SPRNG - Scalable Parallel Random Number Generator)
Time:    Thu Jun 25 05:42:07 2026
Kernel:  AVX+FMA - 1 threads (128 CPU cores detected)

HINT: Use -nt option to specify number of threads because your CPU has 128 cores!
HINT: -nt AUTO will automatically determine the best number of threads to use.

Reading alignment file /home/jeremias//chrM/merge/iter01/window_1_02/window_1_02_window_1_03.fa ... Fasta format detected
Reading fasta file: done in 7.312e-05 secs using 97.1% CPU
Alignment most likely contains DNA/RNA sequences
Alignment has 4 sequences with 1035 columns, 55 distinct patterns
53 parsimony-informative, 193 singleton sites, 789 constant sites
         Gap/Ambiguity  Composition  p-value
Analyzing sequences: done in 5.99027e-06 secs using 100.2% CPU
   1  gorGor3    0.10%    passed     78.81%
   2  panTro4    0.10%    passed     90.79%
   3  ponAbe2    0.10%    passed     77.57%
   4  hg38       0.00%    passed     81.01%
****  TOTAL      0.07%  0 sequences failed composition chi2 test (p-value<5%; df=3)


Create initial parsimony tree by phylogenetic likelihood library (PLL)... 0.000 seconds
Perform fast likelihood tree search using GTR+I+G model...
Estimate model parameters (epsilon = 5.000)
Perform nearest neighbor interchange...
Estimate model parameters (epsilon = 1.000)
1. Initial log-likelihood: -2525.642
Optimal log-likelihood: -2524.793
Rate parameters:  A-C: 4.16905  A-G: 96.28029  A-T: 8.32524  C-G: 0.06159  C-T: 93.27468  G-T: 1.00000
Base frequencies:  A: 0.297  C: 0.330  G: 0.127  T: 0.246
Proportion of invariable sites: 0.364
Gamma shape alpha: 0.600
Parameters optimization took 1 rounds (0.001 sec)
Time for fast ML tree search: 0.007 seconds

NOTE: ModelFinder requires 0 MB RAM!
ModelFinder will test up to 484 DNA models (sample size: 1035 epsilon: 0.100) ...
 No. Model         -LnL         df  AIC          AICc         BIC
  1  GTR+F         2553.384     13  5132.767     5133.124     5197.015
  2  GTR+F+I       2522.852     14  5073.704     5074.116     5142.894
  3  GTR+F+G4      2523.240     14  5074.479     5074.891     5143.669
  4  GTR+F+I+G4    2524.166     15  5078.331     5078.802     5152.464
  5  GTR+F+R2      2522.977     15  5075.953     5076.424     5150.085
+R3 reinitialized from +R2 with factor 0.500
+R3 reinitialized from +R2 with factor 0.250
  6  GTR+F+R3      2522.946     17  5079.891     5080.493     5163.908
 14  GTR+F+I+R2    2522.679     16  5077.358     5077.892     5156.432
+I+R3 reinitialized from +I+R2 with factor 0.500
+I+R3 reinitialized from +I+R2 with factor 0.250
+I+R3 reinitialized from +I+R2 with factor 0.125
+I+R3 reinitialized from +I+R2 with factor 0.062
 15  GTR+F+I+R3    2522.749     18  5081.499     5082.172     5170.458
 24  SYM+I         2595.268     11  5212.536     5212.794     5266.900
 25  SYM+G4        2595.354     11  5212.708     5212.966     5267.072
 26  SYM+I+G4      2595.411     12  5214.823     5215.128     5274.129
 27  SYM+R2        2595.369     12  5214.737     5215.042     5274.043
 46  TVM+F+I       2522.787     13  5071.574     5071.930     5135.822
 47  TVM+F+G4      2523.097     13  5072.193     5072.550     5136.441
 48  TVM+F+I+G4    2524.062     14  5076.125     5076.537     5145.315
 49  TVM+F+R2      2522.922     14  5073.843     5074.255     5143.033
 68  TVMe+I        2599.252     10  5218.504     5218.719     5267.926
 69  TVMe+G4       2599.475     10  5218.950     5219.165     5268.371
 70  TVMe+I+G4     2599.532     11  5221.063     5221.322     5275.427
 71  TVMe+R2       2599.377     11  5220.754     5221.012     5275.117
 90  TIM3+F+I      2525.335     12  5074.671     5074.976     5133.977
 91  TIM3+F+G4     2525.315     12  5074.631     5074.936     5133.937
 92  TIM3+F+I+G4   2526.127     13  5078.254     5078.610     5142.502
 93  TIM3+F+R2     2525.313     13  5076.626     5076.982     5140.874
112  TIM3e+I       2603.411     9   5224.822     5224.997     5269.301
113  TIM3e+G4      2603.364     9   5224.727     5224.903     5269.207
114  TIM3e+I+G4    2603.426     10  5226.852     5227.067     5276.274
115  TIM3e+R2      2603.457     10  5226.915     5227.130     5276.336
134  TIM2+F+I      2524.427     12  5072.854     5073.159     5132.160
135  TIM2+F+G4     2524.817     12  5073.635     5073.940     5132.940
136  TIM2+F+I+G4   2525.600     13  5077.199     5077.556     5141.447
137  TIM2+F+R2     2524.720     13  5075.439     5075.796     5139.687
156  TIM2e+I       2595.488     9   5208.976     5209.152     5253.456
157  TIM2e+G4      2595.671     9   5209.341     5209.517     5253.821
158  TIM2e+I+G4    2595.727     10  5211.455     5211.670     5260.876
159  TIM2e+R2      2595.626     10  5211.251     5211.466     5260.673
178  TIM+F+I       2526.886     12  5077.773     5078.078     5137.079
179  TIM+F+G4      2527.073     12  5078.145     5078.451     5137.451
180  TIM+F+I+G4    2527.823     13  5081.647     5082.004     5145.895
181  TIM+F+R2      2526.988     13  5079.977     5080.333     5144.225
200  TIMe+I        2603.572     9   5225.144     5225.319     5269.623
201  TIMe+G4       2603.637     9   5225.275     5225.450     5269.754
202  TIMe+I+G4     2603.711     10  5227.423     5227.638     5276.844
203  TIMe+R2       2603.644     10  5227.288     5227.503     5276.709
222  TPM3u+F+I     2525.330     11  5072.660     5072.918     5127.024
223  TPM3u+F+G4    2525.361     11  5072.723     5072.981     5127.087
224  TPM3u+F+I+G4  2526.135     12  5076.270     5076.576     5135.576
225  TPM3u+F+R2    2525.337     12  5074.674     5074.980     5133.980
244  TPM3+I        2607.501     8   5231.001     5231.142     5270.539
245  TPM3+G4       2607.569     8   5231.139     5231.279     5270.676
246  TPM3+I+G4     2607.604     9   5233.208     5233.384     5277.688
247  TPM3+R2       2607.623     9   5233.245     5233.421     5277.725
266  TPM2u+F+I     2524.411     11  5070.821     5071.079     5125.185
267  TPM2u+F+G4    2524.836     11  5071.671     5071.930     5126.035
268  TPM2u+F+I+G4  2525.603     12  5075.205     5075.511     5134.511
269  TPM2u+F+R2    2524.641     12  5073.282     5073.588     5132.588
288  TPM2+I        2599.403     8   5214.806     5214.947     5254.344
289  TPM2+G4       2599.676     8   5215.353     5215.493     5254.890
290  TPM2+I+G4     2599.724     9   5217.448     5217.624     5261.928
291  TPM2+R2       2599.602     9   5217.204     5217.380     5261.683
310  K3Pu+F+I      2526.930     11  5075.861     5076.119     5130.224
311  K3Pu+F+G4     2527.061     11  5076.122     5076.380     5130.486
312  K3Pu+F+I+G4   2527.694     12  5079.389     5079.694     5138.695
313  K3Pu+F+R2     2527.007     12  5078.013     5078.318     5137.319
332  K3P+I         2607.570     8   5231.141     5231.281     5270.678
333  K3P+G4        2607.771     8   5231.543     5231.683     5271.080
334  K3P+I+G4      2607.799     9   5233.598     5233.774     5278.077
335  K3P+R2        2607.724     9   5233.448     5233.624     5277.927
354  TN+F+I        2527.092     11  5076.185     5076.443     5130.548
355  TN+F+G4       2527.300     11  5076.600     5076.859     5130.964
356  TN+F+I+G4     2527.978     12  5079.957     5080.262     5139.263
357  TN+F+R2       2527.230     12  5078.461     5078.766     5137.767
376  TNe+I         2603.630     8   5223.259     5223.400     5262.797
377  TNe+G4        2603.654     8   5223.309     5223.449     5262.846
378  TNe+I+G4      2603.721     9   5225.442     5225.618     5269.922
379  TNe+R2        2603.722     9   5225.443     5225.619     5269.922
398  HKY+F+I       2527.156     10  5074.313     5074.528     5123.734
399  HKY+F+G4      2527.295     10  5074.590     5074.805     5124.011
400  HKY+F+I+G4    2527.917     11  5077.834     5078.092     5132.198
401  HKY+F+R2      2527.202     11  5076.403     5076.661     5130.767
420  K2P+I         2607.658     7   5229.317     5229.426     5263.912
421  K2P+G4        2607.802     7   5229.603     5229.712     5264.198
422  K2P+I+G4      2607.833     8   5231.666     5231.806     5271.203
423  K2P+R2        2607.780     8   5231.560     5231.700     5271.097
442  F81+F+I       2726.061     9   5470.122     5470.297     5514.601
443  F81+F+G4      2726.948     9   5471.895     5472.071     5516.375
444  F81+F+I+G4    2726.710     10  5473.421     5473.636     5522.842
445  F81+F+R2      2726.650     10  5473.301     5473.515     5522.722
464  JC+I          2789.626     6   5591.252     5591.334     5620.905
465  JC+G4         2790.425     6   5592.850     5592.931     5622.503
466  JC+I+G4       2790.024     7   5594.048     5594.157     5628.643
467  JC+R2         2790.224     7   5594.449     5594.558     5629.044
Akaike Information Criterion:           TPM2u+F+I
Corrected Akaike Information Criterion: TPM2u+F+I
Bayesian Information Criterion:         HKY+F+I
Best-fit model: HKY+F+I chosen according to BIC

All model information printed to /home/jeremias//chrM/merge/iter01/window_1_02/window_1_02_window_1_03.fa.model.gz
CPU time for ModelFinder: 0.294 seconds (0h:0m:0s)
Wall-clock time for ModelFinder: 0.323 seconds (0h:0m:0s)

NOTE: 0 MB RAM (0 GB) is required!
Estimate model parameters (epsilon = 0.100)
1. Initial log-likelihood: -2726.340
2. Current log-likelihood: -2572.902
3. Current log-likelihood: -2533.843
4. Current log-likelihood: -2530.372
5. Current log-likelihood: -2528.812
6. Current log-likelihood: -2527.953
7. Current log-likelihood: -2527.515
8. Current log-likelihood: -2527.306
Optimal log-likelihood: -2527.167
Rate parameters:  A-C: 1.00000  A-G: 29.85115  A-T: 1.00000  C-G: 1.00000  C-T: 29.85115  G-T: 1.00000
Base frequencies:  A: 0.297  C: 0.330  G: 0.127  T: 0.246
Proportion of invariable sites: 0.666
Parameters optimization took 8 rounds (0.002 sec)
Wrote distance file to... 
Computing ML distances based on estimated model parameters...
Calculating distance matrix: done in 4.08888e-05 secs using 92.94% CPU
Computing ML distances took 0.000086 sec (of wall-clock time) 0.000075 sec (of CPU time)
Setting up auxiliary I and S matrices: done in 5.52535e-05 secs using 126.7% CPU
Computing RapidNJ tree took 0.000218 sec (of wall-clock time) 0.000104 sec (of CPU time)
Log-likelihood of RapidNJ tree: -2527.163
--------------------------------------------------------------------
|             INITIALIZING CANDIDATE TREE SET                      |
--------------------------------------------------------------------
Generating 99 parsimony trees... 0.009 second
Computing log-likelihood of 2 initial trees ... 0.000 seconds
Current best score: -2527.163

Do NNI search on 3 best initial trees
Finish initializing candidate tree set (3)
Current best tree score: -2527.163 / CPU time: 0.010
Number of iterations: 3
--------------------------------------------------------------------
|               OPTIMIZING CANDIDATE TREE SET                      |
--------------------------------------------------------------------
Iteration 10 / LogL: -2527.201 / Time: 0h:0m:0s
Iteration 20 / LogL: -2527.205 / Time: 0h:0m:0s
Iteration 30 / LogL: -2527.205 / Time: 0h:0m:0s (0h:0m:0s left)
Iteration 40 / LogL: -2527.200 / Time: 0h:0m:0s (0h:0m:0s left)
Iteration 50 / LogL: -2527.172 / Time: 0h:0m:0s (0h:0m:0s left)
Iteration 60 / LogL: -2527.201 / Time: 0h:0m:0s (0h:0m:0s left)
Iteration 70 / LogL: -2527.163 / Time: 0h:0m:0s (0h:0m:0s left)
Iteration 80 / LogL: -2527.172 / Time: 0h:0m:0s (0h:0m:0s left)
Iteration 90 / LogL: -2527.172 / Time: 0h:0m:0s (0h:0m:0s left)
Iteration 100 / LogL: -2527.201 / Time: 0h:0m:0s (0h:0m:0s left)
TREE SEARCH COMPLETED AFTER 101 ITERATIONS / Time: 0h:0m:0s

--------------------------------------------------------------------
|                    FINALIZING TREE SEARCH                        |
--------------------------------------------------------------------
Performs final model parameters optimization
Estimate model parameters (epsilon = 0.010)
1. Initial log-likelihood: -2527.163
2. Current log-likelihood: -2527.136
3. Current log-likelihood: -2527.108
Optimal log-likelihood: -2527.094
Rate parameters:  A-C: 1.00000  A-G: 27.68063  A-T: 1.00000  C-G: 1.00000  C-T: 27.68063  G-T: 1.00000
Base frequencies:  A: 0.297  C: 0.330  G: 0.127  T: 0.246
Proportion of invariable sites: 0.661
Parameters optimization took 3 rounds (0.001 sec)
BEST SCORE FOUND : -2527.094
Total tree length: 0.627

Total number of iterations: 101
CPU time used for tree search: 0.029 sec (0h:0m:0s)
Wall-clock time used for tree search: 0.036 sec (0h:0m:0s)
Total CPU time used: 0.334 sec (0h:0m:0s)
Total wall-clock time used: 0.371 sec (0h:0m:0s)

Analysis results written to: 
  IQ-TREE report:                /home/jeremias//chrM/merge/iter01/window_1_02/window_1_02_window_1_03.fa.iqtree
  Maximum-likelihood tree:       /home/jeremias//chrM/merge/iter01/window_1_02/window_1_02_window_1_03.fa.treefile
  Likelihood distances:          /home/jeremias//chrM/merge/iter01/window_1_02/window_1_02_window_1_03.fa.mldist
  Screen log file:               /home/jeremias//chrM/merge/iter01/window_1_02/window_1_02_window_1_03.fa.log

Date and Time: Thu Jun 25 05:42:07 2026
