IQ-TREE multicore version 2.4.0 for Linux x86 64-bit built Feb  7 2025
Developed by Bui Quang Minh, Nguyen Lam Tung, Olga Chernomor, Heiko Schmidt,
Dominik Schrempf, Michael Woodhams, Ly Trong Nhan, Thomas Wong

Host:    rosa (AVX512, FMA3, 755 GB RAM)
Command: /home/jeremias/software/iqtree-2.4.0-Linux-intel/bin/iqtree2 -s /home/jeremias//chrM/split/iter05/window_1_05/window_1_05_025_2.fa -T 1 --quiet --redo -blmin 0.0022883295194508
Seed:    827845 (Using SPRNG - Scalable Parallel Random Number Generator)
Time:    Thu Jun 25 05:41:45 2026
Kernel:  AVX+FMA - 1 threads (128 CPU cores detected)

HINT: Use -nt option to specify number of threads because your CPU has 128 cores!
HINT: -nt AUTO will automatically determine the best number of threads to use.

Reading alignment file /home/jeremias//chrM/split/iter05/window_1_05/window_1_05_025_2.fa ... Fasta format detected
Reading fasta file: done in 4.8697e-05 secs using 94.46% CPU
Alignment most likely contains DNA/RNA sequences
Alignment has 4 sequences with 437 columns, 47 distinct patterns
30 parsimony-informative, 114 singleton sites, 293 constant sites
         Gap/Ambiguity  Composition  p-value
Analyzing sequences: done in 7.22706e-06 secs using 96.86% CPU
   1  hg38       0.00%    passed     94.48%
   2  gorGor3    0.00%    passed     95.77%
   3  panTro4    0.00%    passed     49.82%
   4  ponAbe2    0.00%    passed     50.62%
****  TOTAL      0.00%  0 sequences failed composition chi2 test (p-value<5%; df=3)


Create initial parsimony tree by phylogenetic likelihood library (PLL)... 0.000 seconds
Perform fast likelihood tree search using GTR+I+G model...
Estimate model parameters (epsilon = 5.000)
Perform nearest neighbor interchange...
Estimate model parameters (epsilon = 1.000)
1. Initial log-likelihood: -1189.631
Optimal log-likelihood: -1188.704
Rate parameters:  A-C: 4.54649  A-G: 93.22651  A-T: 6.68534  C-G: 2.60247  C-T: 100.00000  G-T: 1.00000
Warning! Some parameters hit the boundaries
Base frequencies:  A: 0.324  C: 0.360  G: 0.082  T: 0.234
Proportion of invariable sites: 0.311
Gamma shape alpha: 0.906
Parameters optimization took 1 rounds (0.002 sec)

WARNING: Estimated model parameters are at boundary that can cause numerical instability!

Time for fast ML tree search: 0.008 seconds

NOTE: ModelFinder requires 0 MB RAM!
ModelFinder will test up to 484 DNA models (sample size: 437 epsilon: 0.100) ...
 No. Model         -LnL         df  AIC          AICc         BIC
  1  GTR+F         1205.809     13  2437.618     2438.478     2490.657
  2  GTR+F+I       1187.654     14  2403.308     2404.303     2460.427
  3  GTR+F+G4      1187.155     14  2402.310     2403.305     2459.429
  4  GTR+F+I+G4    1186.952     15  2403.905     2405.045     2465.104
  5  GTR+F+R2      1187.068     15  2404.135     2405.275     2465.334
  6  GTR+F+R3      1186.952     17  2407.903     2409.364     2477.262
 14  GTR+F+I+R2    1186.746     16  2405.493     2406.788     2470.772
 15  GTR+F+I+R3    1186.621     18  2409.241     2410.878     2482.680
 24  SYM+I         1251.918     11  2525.836     2526.457     2570.715
 25  SYM+G4        1252.384     11  2526.768     2527.389     2571.647
 26  SYM+I+G4      1252.233     12  2528.465     2529.201     2577.425
 27  SYM+R2        1251.944     12  2527.888     2528.624     2576.847
 46  TVM+F+I       1187.691     13  2401.383     2402.243     2454.422
 47  TVM+F+G4      1187.233     13  2400.465     2401.326     2453.504
 48  TVM+F+I+G4    1187.278     14  2402.555     2403.551     2459.674
 49  TVM+F+R2      1186.901     14  2401.802     2402.797     2458.921
 68  TVMe+I        1262.075     10  2544.150     2544.667     2584.950
 69  TVMe+G4       1262.099     10  2544.199     2544.715     2584.998
 70  TVMe+I+G4     1262.078     11  2546.156     2546.777     2591.035
 71  TVMe+R2       1262.107     11  2546.214     2546.835     2591.094
 90  TIM3+F+I      1188.074     12  2400.148     2400.884     2449.107
 91  TIM3+F+G4     1187.374     12  2398.748     2399.484     2447.707
 92  TIM3+F+I+G4   1187.279     13  2400.559     2401.419     2453.598
 93  TIM3+F+R2     1187.028     13  2400.057     2400.917     2453.096
112  TIM3e+I       1257.905     9   2533.810     2534.231     2570.529
113  TIM3e+G4      1258.173     9   2534.347     2534.768     2571.066
114  TIM3e+I+G4    1258.090     10  2536.180     2536.696     2576.979
115  TIM3e+R2      1257.806     10  2535.611     2536.128     2576.410
134  TIM2+F+I      1187.672     12  2399.344     2400.080     2448.303
135  TIM2+F+G4     1187.118     12  2398.235     2398.971     2447.194
136  TIM2+F+I+G4   1186.926     13  2399.853     2400.713     2452.892
137  TIM2+F+R2     1186.784     13  2399.569     2400.429     2452.608
156  TIM2e+I       1251.890     9   2521.780     2522.202     2558.500
157  TIM2e+G4      1252.415     9   2522.829     2523.251     2559.548
158  TIM2e+I+G4    1252.227     10  2524.453     2524.970     2565.253
159  TIM2e+R2      1251.995     10  2523.990     2524.507     2564.789
178  TIM+F+I       1188.052     12  2400.104     2400.839     2449.063
179  TIM+F+G4      1187.380     12  2398.760     2399.496     2447.720
180  TIM+F+I+G4    1187.288     13  2400.576     2401.436     2453.615
181  TIM+F+R2      1187.012     13  2400.023     2400.884     2453.062
200  TIMe+I        1257.813     9   2533.626     2534.048     2570.345
201  TIMe+G4       1258.029     9   2534.057     2534.479     2570.777
202  TIMe+I+G4     1257.953     10  2535.906     2536.422     2576.705
203  TIMe+R2       1257.680     10  2535.359     2535.876     2576.159
222  TPM3u+F+I     1188.093     11  2398.186     2398.807     2443.065
223  TPM3u+F+G4    1187.403     11  2396.806     2397.427     2441.685
224  TPM3u+F+I+G4  1187.435     12  2398.869     2399.605     2447.829
225  TPM3u+F+R2    1186.975     12  2397.949     2398.685     2446.909
244  TPM3+I        1268.644     8   2553.287     2553.624     2585.927
245  TPM3+G4       1268.038     8   2552.076     2552.413     2584.716
246  TPM3+I+G4     1268.082     9   2554.163     2554.585     2590.883
247  TPM3+R2       1267.935     9   2553.870     2554.292     2590.590
266  TPM2u+F+I     1187.718     11  2397.435     2398.057     2442.315
267  TPM2u+F+G4    1187.213     11  2396.427     2397.048     2441.306
268  TPM2u+F+I+G4  1187.133     12  2398.265     2399.001     2447.225
269  TPM2u+F+R2    1186.741     12  2397.482     2398.218     2446.442
288  TPM2+I        1262.106     8   2540.211     2540.548     2572.851
289  TPM2+G4       1262.154     8   2540.308     2540.645     2572.948
290  TPM2+I+G4     1262.160     9   2542.319     2542.741     2579.039
291  TPM2+R2       1262.147     9   2542.294     2542.715     2579.013
310  K3Pu+F+I      1188.099     11  2398.198     2398.820     2443.078
311  K3Pu+F+G4     1187.476     11  2396.951     2397.572     2441.831
312  K3Pu+F+I+G4   1187.479     12  2398.958     2399.694     2447.917
313  K3Pu+F+R2     1187.159     12  2398.317     2399.053     2447.276
332  K3P+I         1268.270     8   2552.541     2552.877     2585.180
333  K3P+G4        1267.854     8   2551.709     2552.045     2584.348
334  K3P+I+G4      1267.886     9   2553.771     2554.193     2590.491
335  K3P+R2        1267.674     9   2553.349     2553.770     2590.068
354  TN+F+I        1188.088     11  2398.177     2398.798     2443.056
355  TN+F+G4       1187.402     11  2396.804     2397.425     2441.683
356  TN+F+I+G4     1187.241     12  2398.482     2399.218     2447.441
357  TN+F+R2       1186.930     12  2397.860     2398.596     2446.819
376  TNe+I         1257.894     8   2531.789     2532.125     2564.428
377  TNe+G4        1258.192     8   2532.383     2532.720     2565.023
378  TNe+I+G4      1258.085     9   2534.169     2534.591     2570.889
379  TNe+R2        1257.913     9   2533.825     2534.247     2570.545
398  HKY+F+I       1188.119     10  2396.238     2396.755     2437.038
399  HKY+F+G4      1187.510     10  2395.021     2395.537     2435.820
400  HKY+F+I+G4    1187.485     11  2396.970     2397.592     2441.850
401  HKY+F+R2      1187.065     11  2396.130     2396.751     2441.009
420  K2P+I         1268.692     7   2551.385     2551.646     2579.944
421  K2P+G4        1267.928     7   2549.856     2550.117     2578.415
422  K2P+I+G4      1267.967     8   2551.935     2552.271     2584.574
423  K2P+R2        1267.876     8   2551.752     2552.088     2584.391
442  F81+F+I       1304.119     9   2626.239     2626.660     2662.958
443  F81+F+G4      1304.733     9   2627.466     2627.887     2664.185
444  F81+F+I+G4    1304.294     10  2628.588     2629.104     2669.387
445  F81+F+R2      1304.431     10  2628.862     2629.378     2669.661
464  JC+I          1365.065     6   2742.130     2742.325     2766.609
465  JC+G4         1365.621     6   2743.243     2743.438     2767.722
466  JC+I+G4       1365.092     7   2744.184     2744.445     2772.744
467  JC+R2         1365.380     7   2744.761     2745.022     2773.320
Akaike Information Criterion:           HKY+F+G4
Corrected Akaike Information Criterion: HKY+F+G4
Bayesian Information Criterion:         HKY+F+G4
Best-fit model: HKY+F+G4 chosen according to BIC

All model information printed to /home/jeremias//chrM/split/iter05/window_1_05/window_1_05_025_2.fa.model.gz
CPU time for ModelFinder: 0.268 seconds (0h:0m:0s)
Wall-clock time for ModelFinder: 0.302 seconds (0h:0m:0s)

NOTE: 0 MB RAM (0 GB) is required!
Estimate model parameters (epsilon = 0.100)
1. Initial log-likelihood: -1304.960
2. Current log-likelihood: -1224.399
3. Current log-likelihood: -1194.305
4. Current log-likelihood: -1187.137
Optimal log-likelihood: -1187.080
Rate parameters:  A-C: 1.00000  A-G: 63.24693  A-T: 1.00000  C-G: 1.00000  C-T: 63.24693  G-T: 1.00000
Base frequencies:  A: 0.324  C: 0.360  G: 0.082  T: 0.234
Gamma shape alpha: 0.173
Parameters optimization took 4 rounds (0.002 sec)
Wrote distance file to... 
Computing ML distances based on estimated model parameters...
Calculating distance matrix: done in 6.11097e-05 secs using 90% CPU
Computing ML distances took 0.000095 sec (of wall-clock time) 0.000090 sec (of CPU time)
Setting up auxiliary I and S matrices: done in 3.90708e-05 secs
Computing RapidNJ tree took 0.000197 sec (of wall-clock time) 0.000000 sec (of CPU time)
Log-likelihood of RapidNJ tree: -1187.080
--------------------------------------------------------------------
|             INITIALIZING CANDIDATE TREE SET                      |
--------------------------------------------------------------------
Generating 99 parsimony trees... 0.007 second
Computing log-likelihood of 2 initial trees ... 0.000 seconds
Current best score: -1187.080

Do NNI search on 3 best initial trees
Finish initializing candidate tree set (3)
Current best tree score: -1187.080 / CPU time: 0.009
Number of iterations: 3
--------------------------------------------------------------------
|               OPTIMIZING CANDIDATE TREE SET                      |
--------------------------------------------------------------------
UPDATE BEST LOG-LIKELIHOOD: -1187.080
Iteration 10 / LogL: -1187.093 / Time: 0h:0m:0s
Iteration 20 / LogL: -1187.093 / Time: 0h:0m:0s
Iteration 30 / LogL: -1187.093 / Time: 0h:0m:0s (0h:0m:0s left)
Iteration 40 / LogL: -1187.096 / Time: 0h:0m:0s (0h:0m:0s left)
Iteration 50 / LogL: -1187.080 / Time: 0h:0m:0s (0h:0m:0s left)
Iteration 60 / LogL: -1187.093 / Time: 0h:0m:0s (0h:0m:0s left)
Iteration 70 / LogL: -1187.093 / Time: 0h:0m:0s (0h:0m:0s left)
Iteration 80 / LogL: -1187.093 / Time: 0h:0m:0s (0h:0m:0s left)
Iteration 90 / LogL: -1187.093 / Time: 0h:0m:0s (0h:0m:0s left)
Iteration 100 / LogL: -1187.093 / Time: 0h:0m:0s (0h:0m:0s left)
TREE SEARCH COMPLETED AFTER 101 ITERATIONS / Time: 0h:0m:0s

--------------------------------------------------------------------
|                    FINALIZING TREE SEARCH                        |
--------------------------------------------------------------------
Performs final model parameters optimization
Estimate model parameters (epsilon = 0.010)
1. Initial log-likelihood: -1187.080
Optimal log-likelihood: -1187.079
Rate parameters:  A-C: 1.00000  A-G: 63.59263  A-T: 1.00000  C-G: 1.00000  C-T: 63.59263  G-T: 1.00000
Base frequencies:  A: 0.324  C: 0.360  G: 0.082  T: 0.234
Gamma shape alpha: 0.173
Parameters optimization took 1 rounds (0.000 sec)
BEST SCORE FOUND : -1187.079
Total tree length: 2.671

Total number of iterations: 101
CPU time used for tree search: 0.040 sec (0h:0m:0s)
Wall-clock time used for tree search: 0.044 sec (0h:0m:0s)
Total CPU time used: 0.318 sec (0h:0m:0s)
Total wall-clock time used: 0.358 sec (0h:0m:0s)

Analysis results written to: 
  IQ-TREE report:                /home/jeremias//chrM/split/iter05/window_1_05/window_1_05_025_2.fa.iqtree
  Maximum-likelihood tree:       /home/jeremias//chrM/split/iter05/window_1_05/window_1_05_025_2.fa.treefile
  Likelihood distances:          /home/jeremias//chrM/split/iter05/window_1_05/window_1_05_025_2.fa.mldist
  Screen log file:               /home/jeremias//chrM/split/iter05/window_1_05/window_1_05_025_2.fa.log

Date and Time: Thu Jun 25 05:41:46 2026
