IQ-TREE multicore version 2.4.0 for Linux x86 64-bit built Feb  7 2025
Developed by Bui Quang Minh, Nguyen Lam Tung, Olga Chernomor, Heiko Schmidt,
Dominik Schrempf, Michael Woodhams, Ly Trong Nhan, Thomas Wong

Host:    rosa (AVX512, FMA3, 755 GB RAM)
Command: /home/jeremias/software/iqtree-2.4.0-Linux-intel/bin/iqtree2 -s /home/jeremias//chrM/split/iter04/window_1_05/window_1_05_025_2.fa -T 1 --quiet --redo -blmin 0.000572409845449342
Seed:    294834 (Using SPRNG - Scalable Parallel Random Number Generator)
Time:    Thu Jun 25 05:41:43 2026
Kernel:  AVX+FMA - 1 threads (128 CPU cores detected)

HINT: Use -nt option to specify number of threads because your CPU has 128 cores!
HINT: -nt AUTO will automatically determine the best number of threads to use.

Reading alignment file /home/jeremias//chrM/split/iter04/window_1_05/window_1_05_025_2.fa ... Fasta format detected
Reading fasta file: done in 0.000127256 secs
Alignment most likely contains DNA/RNA sequences
Alignment has 4 sequences with 1747 columns, 71 distinct patterns
94 parsimony-informative, 294 singleton sites, 1359 constant sites
         Gap/Ambiguity  Composition  p-value
Analyzing sequences: done in 8.50856e-06 secs
   1  hg38       0.00%    passed     99.64%
   2  gorGor3    0.00%    passed     98.09%
   3  panTro4    0.00%    passed     94.31%
   4  ponAbe2    0.00%    passed     96.88%
****  TOTAL      0.00%  0 sequences failed composition chi2 test (p-value<5%; df=3)


Create initial parsimony tree by phylogenetic likelihood library (PLL)... 0.000 seconds
Perform fast likelihood tree search using GTR+I+G model...
Estimate model parameters (epsilon = 5.000)

WARNING: Estimated model parameters are at boundary that can cause numerical instability!

Perform nearest neighbor interchange...
Estimate model parameters (epsilon = 1.000)
1. Initial log-likelihood: -4132.056
Optimal log-likelihood: -4131.054
Rate parameters:  A-C: 4.69166  A-G: 80.85002  A-T: 5.30771  C-G: 0.00439  C-T: 100.00000  G-T: 1.00000
Warning! Some parameters hit the boundaries
Base frequencies:  A: 0.315  C: 0.349  G: 0.100  T: 0.236
Proportion of invariable sites: 0.370
Gamma shape alpha: 0.500
Parameters optimization took 1 rounds (0.001 sec)

WARNING: Estimated model parameters are at boundary that can cause numerical instability!

Time for fast ML tree search: 0.006 seconds

NOTE: ModelFinder requires 0 MB RAM!
ModelFinder will test up to 484 DNA models (sample size: 1747 epsilon: 0.100) ...
 No. Model         -LnL         df  AIC          AICc         BIC
  1  GTR+F         4182.858     13  8391.715     8391.925     8462.769
  2  GTR+F+I       4130.315     14  8288.630     8288.872     8365.149
  3  GTR+F+G4      4129.528     14  8287.055     8287.298     8363.575
  4  GTR+F+I+G4    4129.764     15  8289.528     8289.805     8371.513
  5  GTR+F+R2      4130.315     15  8290.631     8290.908     8372.616
  6  GTR+F+R3      4129.577     17  8293.153     8293.507     8386.069
 14  GTR+F+I+R2    4130.296     16  8292.593     8292.907     8380.043
 15  GTR+F+I+R3    4129.617     18  8295.234     8295.630     8393.616
 24  SYM+I         4304.582     11  8631.164     8631.316     8691.286
 25  SYM+G4        4304.896     11  8631.792     8631.944     8691.914
 26  SYM+I+G4      4305.030     12  8634.060     8634.240     8699.648
 27  SYM+R2        4304.761     12  8633.522     8633.702     8699.110
 46  TVM+F+I       4130.739     13  8287.478     8287.688     8358.532
 47  TVM+F+G4      4130.252     13  8286.503     8286.713     8357.557
 48  TVM+F+I+G4    4130.832     14  8289.664     8289.906     8366.183
 49  TVM+F+R2      4130.761     14  8289.523     8289.765     8366.042
 68  TVMe+I        4325.052     10  8670.104     8670.231     8724.761
 69  TVMe+G4       4325.414     10  8670.829     8670.956     8725.485
 70  TVMe+I+G4     4325.618     11  8673.237     8673.389     8733.359
 71  TVMe+R2       4325.207     11  8672.414     8672.566     8732.536
 90  TIM3+F+I      4135.173     12  8294.346     8294.526     8359.934
 91  TIM3+F+G4     4133.728     12  8291.456     8291.636     8357.044
 92  TIM3+F+I+G4   4132.298     13  8290.597     8290.807     8361.650
 93  TIM3+F+R2     4134.605     13  8295.210     8295.421     8366.264
112  TIM3e+I       4323.634     9   8665.267     8665.371     8714.458
113  TIM3e+G4      4323.938     9   8665.876     8665.980     8715.067
114  TIM3e+I+G4    4324.045     10  8668.089     8668.216     8722.746
115  TIM3e+R2      4323.795     10  8667.590     8667.716     8722.246
134  TIM2+F+I      4130.891     12  8285.781     8285.961     8351.369
135  TIM2+F+G4     4130.361     12  8284.722     8284.902     8350.310
136  TIM2+F+I+G4   4130.601     13  8287.202     8287.412     8358.256
137  TIM2+F+R2     4130.724     13  8287.448     8287.658     8358.502
156  TIM2e+I       4305.731     9   8629.462     8629.566     8678.653
157  TIM2e+G4      4306.364     9   8630.729     8630.832     8679.919
158  TIM2e+I+G4    4306.521     10  8633.041     8633.168     8687.698
159  TIM2e+R2      4305.997     10  8631.995     8632.121     8686.651
178  TIM+F+I       4135.314     12  8294.627     8294.807     8360.215
179  TIM+F+G4      4134.045     12  8292.090     8292.270     8357.678
180  TIM+F+I+G4    4132.623     13  8291.247     8291.457     8362.300
181  TIM+F+R2      4134.778     13  8295.556     8295.766     8366.610
200  TIMe+I        4321.917     9   8661.834     8661.937     8711.025
201  TIMe+G4       4321.995     9   8661.991     8662.094     8711.181
202  TIMe+I+G4     4322.088     10  8664.175     8664.302     8718.832
203  TIMe+R2       4322.027     10  8664.055     8664.182     8718.711
222  TPM3u+F+I     4135.261     11  8292.522     8292.674     8352.644
223  TPM3u+F+G4    4133.795     11  8289.590     8289.742     8349.712
224  TPM3u+F+I+G4  4133.719     12  8291.438     8291.618     8357.026
225  TPM3u+F+R2    4134.539     12  8293.077     8293.257     8358.665
244  TPM3+I        4343.788     8   8703.575     8703.658     8747.300
245  TPM3+G4       4344.002     8   8704.005     8704.088     8747.730
246  TPM3+I+G4     4344.168     9   8706.337     8706.440     8755.528
247  TPM3+R2       4343.972     9   8705.943     8706.047     8755.134
266  TPM2u+F+I     4131.277     11  8284.553     8284.705     8344.675
267  TPM2u+F+G4    4130.864     11  8283.729     8283.881     8343.851
268  TPM2u+F+I+G4  4131.357     12  8286.714     8286.894     8352.302
269  TPM2u+F+R2    4131.046     12  8286.092     8286.271     8351.679
288  TPM2+I        4325.775     8   8667.550     8667.633     8711.275
289  TPM2+G4       4326.272     8   8668.545     8668.628     8712.270
290  TPM2+I+G4     4326.523     9   8671.046     8671.150     8720.237
291  TPM2+R2       4326.032     9   8670.063     8670.167     8719.254
310  K3Pu+F+I      4135.468     11  8292.937     8293.089     8353.059
311  K3Pu+F+G4     4134.176     11  8290.352     8290.504     8350.474
312  K3Pu+F+I+G4   4133.783     12  8291.566     8291.746     8357.154
313  K3Pu+F+R2     4134.741     12  8293.483     8293.663     8359.071
332  K3P+I         4341.997     8   8699.994     8700.077     8743.720
333  K3P+G4        4341.983     8   8699.966     8700.048     8743.691
334  K3P+I+G4      4342.049     9   8702.099     8702.202     8751.290
335  K3P+R2        4342.048     9   8702.095     8702.199     8751.286
354  TN+F+I        4135.453     11  8292.906     8293.058     8353.028
355  TN+F+G4       4134.104     11  8290.208     8290.360     8350.330
356  TN+F+I+G4     4132.565     12  8289.130     8289.310     8354.718
357  TN+F+R2       4134.221     12  8292.442     8292.622     8358.030
376  TNe+I         4323.651     8   8663.301     8663.384     8707.026
377  TNe+G4        4324.005     8   8664.010     8664.093     8707.735
378  TNe+I+G4      4324.182     9   8666.364     8666.468     8715.555
379  TNe+R2        4323.933     9   8665.865     8665.969     8715.056
398  HKY+F+I       4135.571     10  8291.141     8291.268     8345.798
399  HKY+F+G4      4134.250     10  8288.499     8288.626     8343.156
400  HKY+F+I+G4    4133.774     11  8289.547     8289.699     8349.670
401  HKY+F+R2      4134.480     11  8290.960     8291.113     8351.083
420  K2P+I         4343.803     7   8701.605     8701.670     8739.865
421  K2P+G4        4344.052     7   8702.104     8702.169     8740.364
422  K2P+I+G4      4344.214     8   8704.428     8704.511     8748.154
423  K2P+R2        4344.029     8   8704.058     8704.141     8747.783
442  F81+F+I       4465.002     9   8948.004     8948.107     8997.195
443  F81+F+G4      4466.482     9   8950.963     8951.067     9000.154
444  F81+F+I+G4    4466.526     10  8953.052     8953.179     9007.709
445  F81+F+R2      4466.026     10  8952.051     8952.178     9006.708
464  JC+I          4638.828     6   9289.657     9289.705     9322.451
465  JC+G4         4640.123     6   9292.247     9292.295     9325.041
466  JC+I+G4       4640.001     7   9294.002     9294.066     9332.261
467  JC+R2         4639.803     7   9293.605     9293.669     9331.865
Akaike Information Criterion:           TPM2u+F+G4
Corrected Akaike Information Criterion: TPM2u+F+G4
Bayesian Information Criterion:         HKY+F+G4
Best-fit model: HKY+F+G4 chosen according to BIC

All model information printed to /home/jeremias//chrM/split/iter04/window_1_05/window_1_05_025_2.fa.model.gz
CPU time for ModelFinder: 0.380 seconds (0h:0m:0s)
Wall-clock time for ModelFinder: 0.409 seconds (0h:0m:0s)

NOTE: 0 MB RAM (0 GB) is required!
Estimate model parameters (epsilon = 0.100)
1. Initial log-likelihood: -4467.027
2. Current log-likelihood: -4206.260
3. Current log-likelihood: -4155.861
4. Current log-likelihood: -4133.639
5. Current log-likelihood: -4133.412
Optimal log-likelihood: -4133.411
Rate parameters:  A-C: 1.00000  A-G: 73.77884  A-T: 1.00000  C-G: 1.00000  C-T: 73.77884  G-T: 1.00000
Base frequencies:  A: 0.315  C: 0.349  G: 0.100  T: 0.236
Gamma shape alpha: 0.097
Parameters optimization took 5 rounds (0.002 sec)
Wrote distance file to... 
Computing ML distances based on estimated model parameters...
Calculating distance matrix: done in 6.23167e-05 secs using 91.47% CPU
Computing ML distances took 0.000098 sec (of wall-clock time) 0.000095 sec (of CPU time)
Setting up auxiliary I and S matrices: done in 6.13183e-05 secs using 91.33% CPU
Computing RapidNJ tree took 0.000274 sec (of wall-clock time) 0.000237 sec (of CPU time)
Log-likelihood of RapidNJ tree: -4133.411
--------------------------------------------------------------------
|             INITIALIZING CANDIDATE TREE SET                      |
--------------------------------------------------------------------
Generating 99 parsimony trees... 0.010 second
Computing log-likelihood of 2 initial trees ... 0.000 seconds
Current best score: -4133.411

Do NNI search on 3 best initial trees
Finish initializing candidate tree set (3)
Current best tree score: -4133.411 / CPU time: 0.011
Number of iterations: 3
--------------------------------------------------------------------
|               OPTIMIZING CANDIDATE TREE SET                      |
--------------------------------------------------------------------
UPDATE BEST LOG-LIKELIHOOD: -4133.411
Iteration 10 / LogL: -4133.441 / Time: 0h:0m:0s
Iteration 20 / LogL: -4133.457 / Time: 0h:0m:0s
Iteration 30 / LogL: -4133.457 / Time: 0h:0m:0s (0h:0m:0s left)
Iteration 40 / LogL: -4133.457 / Time: 0h:0m:0s (0h:0m:0s left)
Iteration 50 / LogL: -4133.417 / Time: 0h:0m:0s (0h:0m:0s left)
Iteration 60 / LogL: -4133.441 / Time: 0h:0m:0s (0h:0m:0s left)
Iteration 70 / LogL: -4133.441 / Time: 0h:0m:0s (0h:0m:0s left)
Iteration 80 / LogL: -4133.441 / Time: 0h:0m:0s (0h:0m:0s left)
Iteration 90 / LogL: -4133.441 / Time: 0h:0m:0s (0h:0m:0s left)
Iteration 100 / LogL: -4133.411 / Time: 0h:0m:0s (0h:0m:0s left)
TREE SEARCH COMPLETED AFTER 101 ITERATIONS / Time: 0h:0m:0s

--------------------------------------------------------------------
|                    FINALIZING TREE SEARCH                        |
--------------------------------------------------------------------
Performs final model parameters optimization
Estimate model parameters (epsilon = 0.010)
1. Initial log-likelihood: -4133.411
Optimal log-likelihood: -4133.411
Rate parameters:  A-C: 1.00000  A-G: 73.77832  A-T: 1.00000  C-G: 1.00000  C-T: 73.77832  G-T: 1.00000
Base frequencies:  A: 0.315  C: 0.349  G: 0.100  T: 0.236
Gamma shape alpha: 0.097
Parameters optimization took 1 rounds (0.000 sec)
BEST SCORE FOUND : -4133.411
Total tree length: 1.549

Total number of iterations: 101
CPU time used for tree search: 0.054 sec (0h:0m:0s)
Wall-clock time used for tree search: 0.051 sec (0h:0m:0s)
Total CPU time used: 0.441 sec (0h:0m:0s)
Total wall-clock time used: 0.472 sec (0h:0m:0s)

Analysis results written to: 
  IQ-TREE report:                /home/jeremias//chrM/split/iter04/window_1_05/window_1_05_025_2.fa.iqtree
  Maximum-likelihood tree:       /home/jeremias//chrM/split/iter04/window_1_05/window_1_05_025_2.fa.treefile
  Likelihood distances:          /home/jeremias//chrM/split/iter04/window_1_05/window_1_05_025_2.fa.mldist
  Screen log file:               /home/jeremias//chrM/split/iter04/window_1_05/window_1_05_025_2.fa.log

Date and Time: Thu Jun 25 05:41:43 2026
