IQ-TREE multicore version 2.4.0 for Linux x86 64-bit built Feb  7 2025
Developed by Bui Quang Minh, Nguyen Lam Tung, Olga Chernomor, Heiko Schmidt,
Dominik Schrempf, Michael Woodhams, Ly Trong Nhan, Thomas Wong

Host:    rosa (AVX512, FMA3, 755 GB RAM)
Command: /home/jeremias/software/iqtree-2.4.0-Linux-intel/bin/iqtree2 -s /home/jeremias//chrM/split/iter04/window_1_05/window_1_05_05_1.fa -T 1 --quiet --redo -blmin 0.000858369098712446
Seed:    817097 (Using SPRNG - Scalable Parallel Random Number Generator)
Time:    Thu Jun 25 05:41:43 2026
Kernel:  AVX+FMA - 1 threads (128 CPU cores detected)

HINT: Use -nt option to specify number of threads because your CPU has 128 cores!
HINT: -nt AUTO will automatically determine the best number of threads to use.

Reading alignment file /home/jeremias//chrM/split/iter04/window_1_05/window_1_05_05_1.fa ... Fasta format detected
Reading fasta file: done in 8.25822e-05 secs
Alignment most likely contains DNA/RNA sequences
Alignment has 4 sequences with 1165 columns, 65 distinct patterns
66 parsimony-informative, 228 singleton sites, 871 constant sites
         Gap/Ambiguity  Composition  p-value
Analyzing sequences: done in 5.37932e-06 secs
   1  hg38       0.00%    passed    100.00%
   2  gorGor3    0.00%    passed     98.42%
   3  panTro4    0.00%    passed     50.39%
   4  ponAbe2    0.00%    passed     54.14%
****  TOTAL      0.00%  0 sequences failed composition chi2 test (p-value<5%; df=3)


Create initial parsimony tree by phylogenetic likelihood library (PLL)... 0.000 seconds
Perform fast likelihood tree search using GTR+I+G model...
Estimate model parameters (epsilon = 5.000)

WARNING: Estimated model parameters are at boundary that can cause numerical instability!

Perform nearest neighbor interchange...
Estimate model parameters (epsilon = 1.000)
1. Initial log-likelihood: -2870.807
Optimal log-likelihood: -2869.969
Rate parameters:  A-C: 3.30937  A-G: 99.99671  A-T: 9.57572  C-G: 2.63648  C-T: 82.36501  G-T: 1.00000
Base frequencies:  A: 0.334  C: 0.363  G: 0.080  T: 0.224
Proportion of invariable sites: 0.355
Gamma shape alpha: 0.742
Parameters optimization took 1 rounds (0.001 sec)

WARNING: Estimated model parameters are at boundary that can cause numerical instability!

Time for fast ML tree search: 0.007 seconds

NOTE: ModelFinder requires 0 MB RAM!
ModelFinder will test up to 484 DNA models (sample size: 1165 epsilon: 0.100) ...
 No. Model         -LnL         df  AIC          AICc         BIC
  1  GTR+F         2902.034     13  5830.069     5830.385     5895.855
  2  GTR+F+I       2869.584     14  5767.169     5767.534     5838.015
  3  GTR+F+G4      2868.587     14  5765.174     5765.539     5836.021
  4  GTR+F+I+G4    2868.983     15  5767.966     5768.383     5843.873
  5  GTR+F+R2      2869.400     15  5768.800     5769.218     5844.707
  6  GTR+F+R3      2868.737     17  5771.474     5772.007     5857.502
 14  GTR+F+I+R2    2869.257     16  5770.515     5770.989     5851.483
 15  GTR+F+I+R3    2868.980     18  5773.960     5774.557     5865.048
 24  SYM+I         3035.116     11  6092.231     6092.460     6147.897
 25  SYM+G4        3034.910     11  6091.821     6092.050     6147.486
 26  SYM+I+G4      3034.828     12  6093.656     6093.927     6154.382
 27  SYM+R2        3035.191     12  6094.383     6094.654     6155.109
 46  TVM+F+I       2869.932     13  5765.865     5766.181     5831.651
 47  TVM+F+G4      2868.847     13  5763.694     5764.010     5829.480
 48  TVM+F+I+G4    2869.170     14  5766.340     5766.705     5837.186
 49  TVM+F+R2      2869.593     14  5767.187     5767.552     5838.033
 68  TVMe+I        3047.454     10  6114.908     6115.099     6165.513
 69  TVMe+G4       3046.961     10  6113.921     6114.112     6164.526
 70  TVMe+I+G4     3046.879     11  6115.759     6115.988     6171.424
 71  TVMe+R2       3047.417     11  6116.833     6117.062     6172.498
 90  TIM3+F+I      2870.453     12  5764.906     5765.177     5825.632
 91  TIM3+F+G4     2869.526     12  5763.053     5763.324     5823.778
 92  TIM3+F+I+G4   2870.071     13  5766.142     5766.458     5831.928
 93  TIM3+F+R2     2869.992     13  5765.984     5766.300     5831.770
112  TIM3e+I       3046.621     9   6111.242     6111.398     6156.786
113  TIM3e+G4      3046.722     9   6111.443     6111.599     6156.988
114  TIM3e+I+G4    3046.707     10  6113.414     6113.605     6164.019
115  TIM3e+R2      3046.750     10  6113.501     6113.691     6164.105
134  TIM2+F+I      2871.854     12  5767.707     5767.978     5828.433
135  TIM2+F+G4     2870.664     12  5765.329     5765.600     5826.054
136  TIM2+F+I+G4   2871.250     13  5768.501     5768.817     5834.287
137  TIM2+F+R2     2871.181     13  5768.361     5768.678     5834.148
156  TIM2e+I       3035.773     9   6089.546     6089.702     6135.091
157  TIM2e+G4      3035.433     9   6088.866     6089.022     6134.410
158  TIM2e+I+G4    3035.349     10  6090.699     6090.889     6141.303
159  TIM2e+R2      3035.699     10  6091.397     6091.588     6142.002
178  TIM+F+I       2871.011     12  5766.021     5766.292     5826.747
179  TIM+F+G4      2869.935     12  5763.870     5764.141     5824.596
180  TIM+F+I+G4    2870.870     13  5767.739     5768.056     5833.526
181  TIM+F+R2      2870.297     13  5766.594     5766.910     5832.380
200  TIMe+I        3047.479     9   6112.959     6113.115     6158.503
201  TIMe+G4       3047.466     9   6112.931     6113.087     6158.475
202  TIMe+I+G4     3047.444     10  6114.889     6115.079     6165.494
203  TIMe+R2       3047.586     10  6115.171     6115.362     6165.776
222  TPM3u+F+I     2870.858     11  5763.717     5763.946     5819.382
223  TPM3u+F+G4    2869.861     11  5761.721     5761.950     5817.386
224  TPM3u+F+I+G4  2870.204     12  5764.408     5764.679     5825.133
225  TPM3u+F+R2    2870.190     12  5764.380     5764.650     5825.105
244  TPM3+I        3059.337     8   6134.675     6134.799     6175.159
245  TPM3+G4       3059.323     8   6134.645     6134.770     6175.129
246  TPM3+I+G4     3059.341     9   6136.683     6136.839     6182.227
247  TPM3+R2       3059.389     9   6136.778     6136.934     6182.322
266  TPM2u+F+I     2872.147     11  5766.294     5766.522     5821.959
267  TPM2u+F+G4    2870.891     11  5763.782     5764.011     5819.448
268  TPM2u+F+I+G4  2871.284     12  5766.568     5766.839     5827.294
269  TPM2u+F+R2    2871.250     12  5766.501     5766.771     5827.226
288  TPM2+I        3048.030     8   6112.060     6112.185     6152.544
289  TPM2+G4       3047.473     8   6110.945     6111.070     6151.429
290  TPM2+I+G4     3047.430     9   6112.861     6113.016     6158.405
291  TPM2+R2       3047.776     9   6113.553     6113.709     6159.097
310  K3Pu+F+I      2871.561     11  5765.122     5765.351     5820.787
311  K3Pu+F+G4     2870.492     11  5762.985     5763.214     5818.650
312  K3Pu+F+I+G4   2871.022     12  5766.044     5766.315     5826.770
313  K3Pu+F+R2     2870.641     12  5765.282     5765.553     5826.008
332  K3P+I         3060.255     8   6136.511     6136.635     6176.995
333  K3P+G4        3060.161     8   6136.323     6136.447     6176.807
334  K3P+I+G4      3060.179     9   6138.358     6138.514     6183.902
335  K3P+R2        3060.266     9   6138.532     6138.688     6184.076
354  TN+F+I        2872.471     11  5766.942     5767.171     5822.607
355  TN+F+G4       2871.287     11  5764.573     5764.802     5820.239
356  TN+F+I+G4     2872.090     12  5768.181     5768.452     5828.906
357  TN+F+R2       2871.295     12  5766.590     5766.861     5827.316
376  TNe+I         3047.488     8   6110.976     6111.100     6151.460
377  TNe+G4        3047.461     8   6110.921     6111.046     6151.405
378  TNe+I+G4      3047.423     9   6112.845     6113.001     6158.389
379  TNe+R2        3047.538     9   6113.077     6113.232     6158.621
398  HKY+F+I       2872.824     10  5765.648     5765.839     5816.253
399  HKY+F+G4      2871.663     10  5763.327     5763.517     5813.931
400  HKY+F+I+G4    2872.252     11  5766.505     5766.734     5822.170
401  HKY+F+R2      2871.797     11  5765.593     5765.822     5821.259
420  K2P+I         3060.263     7   6134.526     6134.623     6169.950
421  K2P+G4        3060.158     7   6134.317     6134.414     6169.740
422  K2P+I+G4      3060.180     8   6136.359     6136.484     6176.843
423  K2P+R2        3060.266     8   6136.533     6136.657     6177.017
442  F81+F+I       3090.047     9   6198.093     6198.249     6243.637
443  F81+F+G4      3090.750     9   6199.501     6199.656     6245.045
444  F81+F+I+G4    3090.415     10  6200.829     6201.020     6251.434
445  F81+F+R2      3090.640     10  6201.280     6201.470     6251.884
464  JC+I          3238.026     6   6488.052     6488.124     6518.415
465  JC+G4         3238.482     6   6488.965     6489.037     6519.328
466  JC+I+G4       3238.171     7   6490.343     6490.439     6525.766
467  JC+R2         3238.449     7   6490.899     6490.995     6526.322
Akaike Information Criterion:           TPM3u+F+G4
Corrected Akaike Information Criterion: TPM3u+F+G4
Bayesian Information Criterion:         HKY+F+G4
Best-fit model: HKY+F+G4 chosen according to BIC

All model information printed to /home/jeremias//chrM/split/iter04/window_1_05/window_1_05_05_1.fa.model.gz
CPU time for ModelFinder: 0.313 seconds (0h:0m:0s)
Wall-clock time for ModelFinder: 0.321 seconds (0h:0m:0s)

NOTE: 0 MB RAM (0 GB) is required!
Estimate model parameters (epsilon = 0.100)
1. Initial log-likelihood: -3091.059
2. Current log-likelihood: -2955.851
3. Current log-likelihood: -2898.492
4. Current log-likelihood: -2873.307
5. Current log-likelihood: -2872.904
Optimal log-likelihood: -2872.775
Rate parameters:  A-C: 1.00000  A-G: 60.16658  A-T: 1.00000  C-G: 1.00000  C-T: 60.16658  G-T: 1.00000
Base frequencies:  A: 0.334  C: 0.363  G: 0.080  T: 0.224
Gamma shape alpha: 0.123
Parameters optimization took 5 rounds (0.003 sec)
Wrote distance file to... 
Computing ML distances based on estimated model parameters...
Calculating distance matrix: done in 7.47591e-05 secs using 98.98% CPU
Computing ML distances took 0.000113 sec (of wall-clock time) 0.000116 sec (of CPU time)
Setting up auxiliary I and S matrices: done in 4.05312e-05 secs using 636.5% CPU
Computing RapidNJ tree took 0.000177 sec (of wall-clock time) 0.000394 sec (of CPU time)
Log-likelihood of RapidNJ tree: -2872.774
--------------------------------------------------------------------
|             INITIALIZING CANDIDATE TREE SET                      |
--------------------------------------------------------------------
Generating 99 parsimony trees... 0.009 second
Computing log-likelihood of 2 initial trees ... 0.000 seconds
Current best score: -2872.774

Do NNI search on 3 best initial trees
Finish initializing candidate tree set (3)
Current best tree score: -2872.774 / CPU time: 0.011
Number of iterations: 3
--------------------------------------------------------------------
|               OPTIMIZING CANDIDATE TREE SET                      |
--------------------------------------------------------------------
Iteration 10 / LogL: -2872.777 / Time: 0h:0m:0s
Iteration 20 / LogL: -2872.782 / Time: 0h:0m:0s
Iteration 30 / LogL: -2872.777 / Time: 0h:0m:0s (0h:0m:0s left)
Iteration 40 / LogL: -2872.777 / Time: 0h:0m:0s (0h:0m:0s left)
Iteration 50 / LogL: -2872.808 / Time: 0h:0m:0s (0h:0m:0s left)
Iteration 60 / LogL: -2872.782 / Time: 0h:0m:0s (0h:0m:0s left)
Iteration 70 / LogL: -2872.782 / Time: 0h:0m:0s (0h:0m:0s left)
Iteration 80 / LogL: -2872.782 / Time: 0h:0m:0s (0h:0m:0s left)
Iteration 90 / LogL: -2872.782 / Time: 0h:0m:0s (0h:0m:0s left)
Iteration 100 / LogL: -2872.774 / Time: 0h:0m:0s (0h:0m:0s left)
TREE SEARCH COMPLETED AFTER 101 ITERATIONS / Time: 0h:0m:0s

--------------------------------------------------------------------
|                    FINALIZING TREE SEARCH                        |
--------------------------------------------------------------------
Performs final model parameters optimization
Estimate model parameters (epsilon = 0.010)
1. Initial log-likelihood: -2872.774
2. Current log-likelihood: -2872.716
3. Current log-likelihood: -2872.610
4. Current log-likelihood: -2872.502
5. Current log-likelihood: -2872.394
6. Current log-likelihood: -2872.288
7. Current log-likelihood: -2872.186
8. Current log-likelihood: -2872.088
9. Current log-likelihood: -2871.997
10. Current log-likelihood: -2871.914
11. Current log-likelihood: -2871.840
12. Current log-likelihood: -2871.775
13. Current log-likelihood: -2871.720
14. Current log-likelihood: -2871.672
15. Current log-likelihood: -2871.634
16. Current log-likelihood: -2871.602
17. Current log-likelihood: -2871.575
18. Current log-likelihood: -2871.553
19. Current log-likelihood: -2871.536
20. Current log-likelihood: -2871.523
21. Current log-likelihood: -2871.512
Optimal log-likelihood: -2871.499
Rate parameters:  A-C: 1.00000  A-G: 32.93877  A-T: 1.00000  C-G: 1.00000  C-T: 32.93877  G-T: 1.00000
Base frequencies:  A: 0.334  C: 0.363  G: 0.080  T: 0.224
Gamma shape alpha: 0.165
Parameters optimization took 21 rounds (0.006 sec)
BEST SCORE FOUND : -2871.499
Total tree length: 0.999

Total number of iterations: 101
CPU time used for tree search: 0.052 sec (0h:0m:0s)
Wall-clock time used for tree search: 0.050 sec (0h:0m:0s)
Total CPU time used: 0.383 sec (0h:0m:0s)
Total wall-clock time used: 0.389 sec (0h:0m:0s)

Analysis results written to: 
  IQ-TREE report:                /home/jeremias//chrM/split/iter04/window_1_05/window_1_05_05_1.fa.iqtree
  Maximum-likelihood tree:       /home/jeremias//chrM/split/iter04/window_1_05/window_1_05_05_1.fa.treefile
  Likelihood distances:          /home/jeremias//chrM/split/iter04/window_1_05/window_1_05_05_1.fa.mldist
  Screen log file:               /home/jeremias//chrM/split/iter04/window_1_05/window_1_05_05_1.fa.log

Date and Time: Thu Jun 25 05:41:44 2026
