IQ-TREE multicore version 2.4.0 for Linux x86 64-bit built Feb  7 2025
Developed by Bui Quang Minh, Nguyen Lam Tung, Olga Chernomor, Heiko Schmidt,
Dominik Schrempf, Michael Woodhams, Ly Trong Nhan, Thomas Wong

Host:    rosa (AVX512, FMA3, 755 GB RAM)
Command: /home/jeremias/software/iqtree-2.4.0-Linux-intel/bin/iqtree2 -s /home/jeremias//chrM/split/iter06/window_1_08/window_1_08_075_2.fa -T 1 --quiet --redo -blmin 0.00305810397553517
Seed:    58378 (Using SPRNG - Scalable Parallel Random Number Generator)
Time:    Thu Jun 25 05:41:53 2026
Kernel:  AVX+FMA - 1 threads (128 CPU cores detected)

HINT: Use -nt option to specify number of threads because your CPU has 128 cores!
HINT: -nt AUTO will automatically determine the best number of threads to use.

Reading alignment file /home/jeremias//chrM/split/iter06/window_1_08/window_1_08_075_2.fa ... Fasta format detected
Reading fasta file: done in 6.62059e-05 secs
Alignment most likely contains DNA/RNA sequences
Alignment has 4 sequences with 327 columns, 37 distinct patterns
16 parsimony-informative, 65 singleton sites, 246 constant sites
         Gap/Ambiguity  Composition  p-value
Analyzing sequences: done in 6.80983e-06 secs
   1  hg38       0.00%    passed     98.81%
   2  gorGor3    0.00%    passed     80.03%
   3  panTro4    0.00%    passed     86.89%
   4  ponAbe2    0.00%    passed     93.74%
****  TOTAL      0.00%  0 sequences failed composition chi2 test (p-value<5%; df=3)


Create initial parsimony tree by phylogenetic likelihood library (PLL)... 0.000 seconds
Perform fast likelihood tree search using GTR+I+G model...
Estimate model parameters (epsilon = 5.000)

WARNING: Estimated model parameters are at boundary that can cause numerical instability!

Perform nearest neighbor interchange...
Estimate model parameters (epsilon = 1.000)
1. Initial log-likelihood: -798.694
Optimal log-likelihood: -798.411
Rate parameters:  A-C: 9.66929  A-G: 67.55448  A-T: 1.67875  C-G: 0.00010  C-T: 100.00000  G-T: 1.00000
Warning! Some parameters hit the boundaries
Base frequencies:  A: 0.303  C: 0.361  G: 0.102  T: 0.234
Proportion of invariable sites: 0.361
Gamma shape alpha: 0.929
Parameters optimization took 1 rounds (0.002 sec)

WARNING: Estimated model parameters are at boundary that can cause numerical instability!

Time for fast ML tree search: 0.006 seconds

NOTE: ModelFinder requires 0 MB RAM!
ModelFinder will test up to 484 DNA models (sample size: 327 epsilon: 0.100) ...
 No. Model         -LnL         df  AIC          AICc         BIC
  1  GTR+F         805.724      13  1637.448     1638.611     1686.717
  2  GTR+F+I       798.004      14  1624.008     1625.354     1677.067
  3  GTR+F+G4      798.136      14  1624.272     1625.618     1677.331
  4  GTR+F+I+G4    798.247      15  1626.493     1628.036     1683.342
  5  GTR+F+R2      798.371      15  1626.742     1628.285     1683.591
  6  GTR+F+R3      798.173      17  1630.346     1632.327     1694.775
 14  GTR+F+I+R2    797.824      16  1627.649     1629.404     1688.288
+I+R3 reinitialized from +I+R2 with factor 0.500
+I+R3 reinitialized from +I+R2 with factor 0.250
 15  GTR+F+I+R3    797.924      18  1631.847     1634.068     1700.067
 23  SYM           834.819      10  1689.638     1690.334     1727.537
 24  SYM+I         829.880      11  1681.761     1682.599     1723.450
 25  SYM+G4        829.871      11  1681.743     1682.581     1723.432
 26  SYM+I+G4      829.937      12  1683.873     1684.867     1729.353
 27  SYM+R2        829.886      12  1683.773     1684.767     1729.252
 45  TVM+F         805.997      12  1635.994     1636.988     1681.474
 46  TVM+F+I       799.001      13  1624.003     1625.166     1673.272
 47  TVM+F+G4      798.906      13  1623.813     1624.976     1673.082
 48  TVM+F+I+G4    798.961      14  1625.923     1627.269     1678.982
 49  TVM+F+R2      799.006      14  1626.012     1627.358     1679.072
 67  TVMe          839.972      9   1697.944     1698.512     1732.054
 68  TVMe+I        834.981      10  1689.963     1690.659     1727.863
 69  TVMe+G4       835.030      10  1690.059     1690.755     1727.959
 70  TVMe+I+G4     835.045      11  1692.091     1692.929     1733.780
 71  TVMe+R2       835.034      11  1692.068     1692.906     1733.757
 89  TIM3+F        809.569      11  1641.138     1641.976     1682.827
 90  TIM3+F+I      800.263      12  1624.526     1625.519     1670.005
 91  TIM3+F+G4     800.476      12  1624.952     1625.946     1670.432
 92  TIM3+F+I+G4   800.749      13  1627.499     1628.661     1676.768
 93  TIM3+F+R2     800.658      13  1627.317     1628.480     1676.586
111  TIM3e         841.935      8   1699.869     1700.322     1730.189
112  TIM3e+I       836.408      9   1690.816     1691.383     1724.925
113  TIM3e+G4      836.192      9   1690.383     1690.951     1724.493
114  TIM3e+I+G4    836.256      10  1692.513     1693.209     1730.412
115  TIM3e+R2      836.342      10  1692.684     1693.380     1730.583
133  TIM2+F        807.075      11  1636.151     1636.989     1677.841
134  TIM2+F+I      798.511      12  1621.022     1622.016     1666.502
135  TIM2+F+G4     798.971      12  1621.943     1622.936     1667.422
136  TIM2+F+I+G4   799.255      13  1624.510     1625.673     1673.779
137  TIM2+F+R2     798.807      13  1623.614     1624.777     1672.884
155  TIM2e         837.102      8   1690.204     1690.657     1720.524
156  TIM2e+I       831.986      9   1681.973     1682.540     1716.082
157  TIM2e+G4      832.154      9   1682.308     1682.876     1716.418
158  TIM2e+I+G4    832.201      10  1684.403     1685.099     1722.303
159  TIM2e+R2      832.099      10  1684.198     1684.894     1722.097
177  TIM+F         808.729      11  1639.458     1640.296     1681.147
178  TIM+F+I       800.131      12  1624.261     1625.255     1669.741
179  TIM+F+G4      799.963      12  1623.926     1624.919     1669.405
180  TIM+F+I+G4    800.071      13  1626.142     1627.305     1675.412
181  TIM+F+R2      800.017      13  1626.035     1627.198     1675.304
199  TIMe          840.605      8   1697.210     1697.662     1727.529
200  TIMe+I        835.075      9   1688.149     1688.717     1722.259
201  TIMe+G4       835.005      9   1688.010     1688.578     1722.120
202  TIMe+I+G4     835.029      10  1690.059     1690.755     1727.958
203  TIMe+R2       835.023      10  1690.046     1690.742     1727.945
221  TPM3u+F       809.777      10  1639.553     1640.249     1677.453
222  TPM3u+F+I     801.612      11  1625.224     1626.062     1666.913
223  TPM3u+F+G4    801.193      11  1624.386     1625.225     1666.076
224  TPM3u+F+I+G4  801.162      12  1626.323     1627.317     1671.803
225  TPM3u+F+R2    801.466      12  1626.933     1627.926     1672.412
243  TPM3          846.896      7   1707.792     1708.143     1734.322
244  TPM3+I        841.187      8   1698.374     1698.827     1728.694
245  TPM3+G4       840.975      8   1697.950     1698.403     1728.269
246  TPM3+I+G4     840.957      9   1699.915     1700.482     1734.024
247  TPM3+R2       841.093      9   1700.185     1700.753     1734.295
265  TPM2u+F       807.258      10  1634.515     1635.211     1672.415
266  TPM2u+F+I     799.999      11  1621.998     1622.836     1663.688
267  TPM2u+F+G4    800.027      11  1622.055     1622.893     1663.744
268  TPM2u+F+I+G4  800.062      12  1624.124     1625.117     1669.603
269  TPM2u+F+R2    799.969      12  1623.938     1624.932     1669.418
287  TPM2          842.101      7   1698.202     1698.553     1724.732
288  TPM2+I        836.917      8   1689.834     1690.287     1720.154
289  TPM2+G4       837.097      8   1690.193     1690.646     1720.513
290  TPM2+I+G4     837.113      9   1692.225     1692.793     1726.335
291  TPM2+R2       837.096      9   1692.192     1692.760     1726.301
309  K3Pu+F        808.978      10  1637.956     1638.652     1675.855
310  K3Pu+F+I      800.883      11  1623.765     1624.603     1665.455
311  K3Pu+F+G4     800.599      11  1623.198     1624.036     1664.887
312  K3Pu+F+I+G4   800.612      12  1625.225     1626.218     1670.704
313  K3Pu+F+R2     800.666      12  1625.332     1626.326     1670.812
331  K3P           845.643      7   1705.286     1705.637     1731.816
332  K3P+I         839.915      8   1695.830     1696.283     1726.150
333  K3P+G4        839.823      8   1695.647     1696.100     1725.967
334  K3P+I+G4      839.821      9   1697.641     1698.209     1731.751
335  K3P+R2        839.909      9   1697.819     1698.387     1731.928
353  TN+F          810.674      10  1641.349     1642.045     1679.249
354  TN+F+I        800.120      11  1622.240     1623.078     1663.929
355  TN+F+G4       800.494      11  1622.989     1623.827     1664.678
356  TN+F+I+G4     800.981      12  1625.962     1626.956     1671.442
357  TN+F+R2       800.685      12  1625.371     1626.364     1670.850
375  TNe           843.504      7   1701.007     1701.358     1727.537
376  TNe+I         837.462      8   1690.924     1691.377     1721.244
377  TNe+G4        837.261      8   1690.521     1690.974     1720.841
378  TNe+I+G4      837.445      9   1692.889     1693.457     1726.999
379  TNe+R2        837.112      9   1692.223     1692.791     1726.333
397  HKY+F         810.872      9   1639.744     1640.312     1673.854
398  HKY+F+I       802.142      10  1624.285     1624.981     1662.184
399  HKY+F+G4      801.507      10  1623.015     1623.711     1660.914
400  HKY+F+I+G4    801.589      11  1625.178     1626.016     1666.867
401  HKY+F+R2      801.464      11  1624.928     1625.766     1666.617
419  K2P           851.833      6   1715.666     1715.929     1738.406
420  K2P+I         842.465      7   1698.929     1699.280     1725.459
421  K2P+G4        842.359      7   1698.718     1699.070     1725.248
422  K2P+I+G4      842.377      8   1700.753     1701.206     1731.073
423  K2P+R2        842.464      8   1700.927     1701.380     1731.247
441  F81+F         868.813      8   1753.625     1754.078     1783.945
442  F81+F+I       865.244      9   1748.488     1749.056     1782.598
443  F81+F+G4      865.557      9   1749.114     1749.682     1783.224
444  F81+F+I+G4    865.460      10  1750.921     1751.617     1788.820
445  F81+F+R2      865.542      10  1751.085     1751.781     1788.985
463  JC            903.372      5   1816.744     1816.931     1835.693
464  JC+I          900.495      6   1812.990     1813.253     1835.730
465  JC+G4         900.773      6   1813.546     1813.808     1836.286
466  JC+I+G4       900.625      7   1815.250     1815.601     1841.780
467  JC+R2         900.759      7   1815.518     1815.869     1842.048
Akaike Information Criterion:           TIM2+F+I
Corrected Akaike Information Criterion: TIM2+F+I
Bayesian Information Criterion:         HKY+F+G4
Best-fit model: HKY+F+G4 chosen according to BIC

All model information printed to /home/jeremias//chrM/split/iter06/window_1_08/window_1_08_075_2.fa.model.gz
CPU time for ModelFinder: 0.197 seconds (0h:0m:0s)
Wall-clock time for ModelFinder: 0.231 seconds (0h:0m:0s)

NOTE: 0 MB RAM (0 GB) is required!
Estimate model parameters (epsilon = 0.100)
1. Initial log-likelihood: -865.618
2. Current log-likelihood: -811.110
3. Current log-likelihood: -804.000
4. Current log-likelihood: -801.202
Optimal log-likelihood: -801.152
Rate parameters:  A-C: 1.00000  A-G: 36.63814  A-T: 1.00000  C-G: 1.00000  C-T: 36.63814  G-T: 1.00000
Base frequencies:  A: 0.303  C: 0.361  G: 0.102  T: 0.234
Gamma shape alpha: 0.150
Parameters optimization took 4 rounds (0.002 sec)
Wrote distance file to... 
Computing ML distances based on estimated model parameters...
Calculating distance matrix: done in 6.0603e-05 secs using 85.8% CPU
Computing ML distances took 0.000109 sec (of wall-clock time) 0.000086 sec (of CPU time)
Setting up auxiliary I and S matrices: done in 5.76526e-05 secs using 97.13% CPU
Computing RapidNJ tree took 0.000185 sec (of wall-clock time) 0.000180 sec (of CPU time)
Log-likelihood of RapidNJ tree: -800.684
--------------------------------------------------------------------
|             INITIALIZING CANDIDATE TREE SET                      |
--------------------------------------------------------------------
Generating 98 parsimony trees... 0.007 second
Computing log-likelihood of 1 initial trees ... 0.000 seconds
Current best score: -800.684

Do NNI search on 3 best initial trees
Finish initializing candidate tree set (3)
Current best tree score: -800.684 / CPU time: 0.008
Number of iterations: 3
--------------------------------------------------------------------
|               OPTIMIZING CANDIDATE TREE SET                      |
--------------------------------------------------------------------
Iteration 10 / LogL: -800.715 / Time: 0h:0m:0s
Iteration 20 / LogL: -800.715 / Time: 0h:0m:0s
Iteration 30 / LogL: -800.686 / Time: 0h:0m:0s (0h:0m:0s left)
Iteration 40 / LogL: -800.721 / Time: 0h:0m:0s (0h:0m:0s left)
Iteration 50 / LogL: -800.686 / Time: 0h:0m:0s (0h:0m:0s left)
Iteration 60 / LogL: -800.723 / Time: 0h:0m:0s (0h:0m:0s left)
Iteration 70 / LogL: -800.684 / Time: 0h:0m:0s (0h:0m:0s left)
Iteration 80 / LogL: -800.684 / Time: 0h:0m:0s (0h:0m:0s left)
Iteration 90 / LogL: -800.686 / Time: 0h:0m:0s (0h:0m:0s left)
Iteration 100 / LogL: -800.723 / Time: 0h:0m:0s (0h:0m:0s left)
TREE SEARCH COMPLETED AFTER 101 ITERATIONS / Time: 0h:0m:0s

--------------------------------------------------------------------
|                    FINALIZING TREE SEARCH                        |
--------------------------------------------------------------------
Performs final model parameters optimization
Estimate model parameters (epsilon = 0.010)
1. Initial log-likelihood: -800.684
2. Current log-likelihood: -800.656
3. Current log-likelihood: -800.608
4. Current log-likelihood: -800.572
5. Current log-likelihood: -800.545
6. Current log-likelihood: -800.521
7. Current log-likelihood: -800.507
8. Current log-likelihood: -800.495
9. Current log-likelihood: -800.483
Optimal log-likelihood: -800.470
Rate parameters:  A-C: 1.00000  A-G: 49.33960  A-T: 1.00000  C-G: 1.00000  C-T: 49.33960  G-T: 1.00000
Base frequencies:  A: 0.303  C: 0.361  G: 0.102  T: 0.234
Gamma shape alpha: 0.126
Parameters optimization took 9 rounds (0.002 sec)
BEST SCORE FOUND : -800.470
Total tree length: 1.264

Total number of iterations: 101
CPU time used for tree search: 0.045 sec (0h:0m:0s)
Wall-clock time used for tree search: 0.040 sec (0h:0m:0s)
Total CPU time used: 0.256 sec (0h:0m:0s)
Total wall-clock time used: 0.285 sec (0h:0m:0s)

Analysis results written to: 
  IQ-TREE report:                /home/jeremias//chrM/split/iter06/window_1_08/window_1_08_075_2.fa.iqtree
  Maximum-likelihood tree:       /home/jeremias//chrM/split/iter06/window_1_08/window_1_08_075_2.fa.treefile
  Likelihood distances:          /home/jeremias//chrM/split/iter06/window_1_08/window_1_08_075_2.fa.mldist
  Screen log file:               /home/jeremias//chrM/split/iter06/window_1_08/window_1_08_075_2.fa.log

Date and Time: Thu Jun 25 05:41:53 2026
