IQ-TREE multicore version 2.4.0 for Linux x86 64-bit built Feb  7 2025
Developed by Bui Quang Minh, Nguyen Lam Tung, Olga Chernomor, Heiko Schmidt,
Dominik Schrempf, Michael Woodhams, Ly Trong Nhan, Thomas Wong

Host:    rosa (AVX512, FMA3, 755 GB RAM)
Command: /home/jeremias/software/iqtree-2.4.0-Linux-intel/bin/iqtree2 -s /home/jeremias//chrM/split/iter06/window_1_08/window_1_08_05_2.fa -T 1 --quiet --redo -blmin 0.00152671755725191
Seed:    137718 (Using SPRNG - Scalable Parallel Random Number Generator)
Time:    Thu Jun 25 05:41:52 2026
Kernel:  AVX+FMA - 1 threads (128 CPU cores detected)

HINT: Use -nt option to specify number of threads because your CPU has 128 cores!
HINT: -nt AUTO will automatically determine the best number of threads to use.

Reading alignment file /home/jeremias//chrM/split/iter06/window_1_08/window_1_08_05_2.fa ... Fasta format detected
Reading fasta file: done in 6.26445e-05 secs using 95.78% CPU
Alignment most likely contains DNA/RNA sequences
Alignment has 4 sequences with 655 columns, 51 distinct patterns
40 parsimony-informative, 114 singleton sites, 501 constant sites
         Gap/Ambiguity  Composition  p-value
Analyzing sequences: done in 9.41753e-06 secs using 95.57% CPU
   1  hg38       0.00%    passed     93.46%
   2  gorGor3    0.00%    passed     88.46%
   3  panTro4    0.00%    passed     97.85%
   4  ponAbe2    0.00%    passed     93.88%
****  TOTAL      0.00%  0 sequences failed composition chi2 test (p-value<5%; df=3)


Create initial parsimony tree by phylogenetic likelihood library (PLL)... 0.000 seconds
Perform fast likelihood tree search using GTR+I+G model...
Estimate model parameters (epsilon = 5.000)

WARNING: Estimated model parameters are at boundary that can cause numerical instability!

Perform nearest neighbor interchange...
Estimate model parameters (epsilon = 1.000)
1. Initial log-likelihood: -1598.864
Optimal log-likelihood: -1597.901
Rate parameters:  A-C: 7.99417  A-G: 73.73354  A-T: 1.52568  C-G: 0.00010  C-T: 100.00000  G-T: 1.00000
Warning! Some parameters hit the boundaries
Base frequencies:  A: 0.288  C: 0.352  G: 0.113  T: 0.247
Proportion of invariable sites: 0.363
Gamma shape alpha: 0.464
Parameters optimization took 1 rounds (0.002 sec)

WARNING: Estimated model parameters are at boundary that can cause numerical instability!

Time for fast ML tree search: 0.006 seconds

NOTE: ModelFinder requires 0 MB RAM!
ModelFinder will test up to 484 DNA models (sample size: 655 epsilon: 0.100) ...
 No. Model         -LnL         df  AIC          AICc         BIC
  1  GTR+F         1626.576     13  3279.151     3279.719     3337.452
  2  GTR+F+I       1595.522     14  3219.044     3219.701     3281.829
  3  GTR+F+G4      1595.864     14  3219.727     3220.383     3282.512
  4  GTR+F+I+G4    1596.921     15  3223.842     3224.593     3291.111
  5  GTR+F+R2      1595.449     15  3220.898     3221.649     3288.167
+R3 reinitialized from +R2 with factor 0.500
+R3 reinitialized from +R2 with factor 0.250
  6  GTR+F+R3      1595.518     17  3225.036     3225.997     3301.275
 14  GTR+F+I+R2    1595.390     16  3222.780     3223.632     3294.534
+I+R3 reinitialized from +I+R2 with factor 0.500
 15  GTR+F+I+R3    1595.473     18  3226.945     3228.021     3307.669
 24  SYM+I         1652.149     11  3326.297     3326.708     3375.628
 25  SYM+G4        1652.246     11  3326.492     3326.903     3375.823
 26  SYM+I+G4      1652.630     12  3329.259     3329.745     3383.075
 27  SYM+R2        1652.159     12  3328.318     3328.804     3382.134
 46  TVM+F+I       1596.566     13  3219.131     3219.699     3277.431
 47  TVM+F+G4      1596.756     13  3219.512     3220.080     3277.812
 48  TVM+F+I+G4    1597.811     14  3223.622     3224.279     3286.407
 49  TVM+F+R2      1596.560     14  3221.121     3221.777     3283.905
 68  TVMe+I        1660.710     10  3341.420     3341.762     3386.267
 69  TVMe+G4       1660.771     10  3341.542     3341.884     3386.389
 70  TVMe+I+G4     1660.920     11  3343.839     3344.250     3393.170
 71  TVMe+R2       1660.787     11  3343.573     3343.984     3392.904
 90  TIM3+F+I      1598.405     12  3220.811     3221.297     3274.626
 91  TIM3+F+G4     1597.801     12  3219.602     3220.088     3273.418
 92  TIM3+F+I+G4   1599.241     13  3224.483     3225.051     3282.783
 93  TIM3+F+R2     1598.247     13  3222.493     3223.061     3280.793
112  TIM3e+I       1661.474     9   3340.947     3341.226     3381.309
113  TIM3e+G4      1661.355     9   3340.711     3340.990     3381.073
114  TIM3e+I+G4    1661.751     10  3343.503     3343.844     3388.349
115  TIM3e+R2      1661.413     10  3342.826     3343.167     3387.672
134  TIM2+F+I      1596.422     12  3216.843     3217.329     3270.659
135  TIM2+F+G4     1597.004     12  3218.008     3218.494     3271.823
136  TIM2+F+I+G4   1598.288     13  3222.577     3223.145     3280.877
137  TIM2+F+R2     1596.479     13  3218.959     3219.527     3277.259
156  TIM2e+I       1654.412     9   3326.823     3327.102     3367.185
157  TIM2e+G4      1654.993     9   3327.987     3328.266     3368.348
158  TIM2e+I+G4    1655.447     10  3330.894     3331.235     3375.740
159  TIM2e+R2      1654.502     10  3329.003     3329.345     3373.850
178  TIM+F+I       1597.374     12  3218.748     3219.234     3272.564
179  TIM+F+G4      1597.917     12  3219.834     3220.320     3273.649
180  TIM+F+I+G4    1599.230     13  3224.460     3225.028     3282.761
181  TIM+F+R2      1597.637     13  3221.274     3221.842     3279.575
200  TIMe+I        1659.418     9   3336.835     3337.115     3377.197
201  TIMe+G4       1659.373     9   3336.745     3337.024     3377.107
202  TIMe+I+G4     1659.769     10  3339.539     3339.880     3384.385
203  TIMe+R2       1659.347     10  3338.694     3339.035     3383.540
222  TPM3u+F+I     1598.542     11  3219.084     3219.495     3268.415
223  TPM3u+F+G4    1597.599     11  3217.199     3217.609     3266.530
224  TPM3u+F+I+G4  1599.517     12  3223.034     3223.520     3276.850
225  TPM3u+F+R2    1598.051     12  3220.103     3220.589     3273.919
244  TPM3+I        1669.899     8   3355.799     3356.022     3391.676
245  TPM3+G4       1669.199     8   3354.397     3354.620     3390.274
246  TPM3+I+G4     1668.750     9   3355.500     3355.779     3395.862
247  TPM3+R2       1669.675     9   3357.350     3357.629     3397.712
266  TPM2u+F+I     1597.199     11  3216.397     3216.808     3265.728
267  TPM2u+F+G4    1597.450     11  3216.900     3217.310     3266.231
268  TPM2u+F+I+G4  1598.713     12  3221.425     3221.911     3275.241
269  TPM2u+F+R2    1597.196     12  3218.392     3218.878     3272.207
288  TPM2+I        1662.350     8   3340.701     3340.924     3376.578
289  TPM2+G4       1662.609     8   3341.219     3341.442     3377.096
290  TPM2+I+G4     1662.866     9   3343.732     3344.011     3384.094
291  TPM2+R2       1662.471     9   3342.943     3343.222     3383.305
310  K3Pu+F+I      1598.453     11  3218.906     3219.317     3268.237
311  K3Pu+F+G4     1598.678     11  3219.356     3219.766     3268.687
312  K3Pu+F+I+G4   1599.649     12  3223.298     3223.784     3277.114
313  K3Pu+F+R2     1598.262     12  3220.524     3221.010     3274.340
332  K3P+I         1667.257     8   3350.514     3350.737     3386.391
333  K3P+G4        1666.948     8   3349.896     3350.118     3385.773
334  K3P+I+G4      1666.929     9   3351.859     3352.138     3392.220
335  K3P+R2        1667.145     9   3352.289     3352.568     3392.651
354  TN+F+I        1598.610     11  3219.221     3219.631     3268.552
355  TN+F+G4       1597.542     11  3217.084     3217.495     3266.415
356  TN+F+I+G4     1599.030     12  3222.060     3222.546     3275.876
357  TN+F+R2       1598.566     12  3221.132     3221.618     3274.947
376  TNe+I         1662.346     8   3340.691     3340.914     3376.569
377  TNe+G4        1662.378     8   3340.756     3340.979     3376.633
378  TNe+I+G4      1663.062     9   3344.125     3344.404     3384.487
379  TNe+R2        1662.373     9   3342.746     3343.025     3383.108
398  HKY+F+I       1598.493     10  3216.987     3217.329     3261.833
399  HKY+F+G4      1597.608     10  3215.216     3215.558     3260.062
400  HKY+F+I+G4    1599.570     11  3221.139     3221.550     3270.470
401  HKY+F+R2      1598.692     11  3219.385     3219.795     3268.716
420  K2P+I         1671.002     7   3356.005     3356.178     3387.397
421  K2P+G4        1670.106     7   3354.211     3354.384     3385.604
422  K2P+I+G4      1669.717     8   3355.435     3355.658     3391.312
423  K2P+R2        1669.599     8   3355.198     3355.421     3391.075
442  F81+F+I       1733.740     9   3485.480     3485.759     3525.842
443  F81+F+G4      1734.524     9   3487.048     3487.327     3527.410
444  F81+F+I+G4    1734.668     10  3489.335     3489.677     3534.182
445  F81+F+R2      1734.253     10  3488.505     3488.847     3533.352
464  JC+I          1794.315     6   3600.629     3600.759     3627.537
465  JC+G4         1795.110     6   3602.220     3602.350     3629.128
466  JC+I+G4       1795.146     7   3604.293     3604.466     3635.685
467  JC+R2         1794.859     7   3603.718     3603.891     3635.111
Akaike Information Criterion:           HKY+F+G4
Corrected Akaike Information Criterion: HKY+F+G4
Bayesian Information Criterion:         HKY+F+G4
Best-fit model: HKY+F+G4 chosen according to BIC

All model information printed to /home/jeremias//chrM/split/iter06/window_1_08/window_1_08_05_2.fa.model.gz
CPU time for ModelFinder: 0.248 seconds (0h:0m:0s)
Wall-clock time for ModelFinder: 0.275 seconds (0h:0m:0s)

NOTE: 0 MB RAM (0 GB) is required!
Estimate model parameters (epsilon = 0.100)
1. Initial log-likelihood: -1734.805
2. Current log-likelihood: -1629.685
3. Current log-likelihood: -1598.521
4. Current log-likelihood: -1598.240
5. Current log-likelihood: -1598.014
6. Current log-likelihood: -1597.869
7. Current log-likelihood: -1597.754
Optimal log-likelihood: -1597.631
Rate parameters:  A-C: 1.00000  A-G: 63.15055  A-T: 1.00000  C-G: 1.00000  C-T: 63.15055  G-T: 1.00000
Base frequencies:  A: 0.288  C: 0.352  G: 0.113  T: 0.247
Gamma shape alpha: 0.093
Parameters optimization took 7 rounds (0.003 sec)
Wrote distance file to... 
Computing ML distances based on estimated model parameters...
Calculating distance matrix: done in 6.59525e-05 secs using 92.49% CPU
Computing ML distances took 0.000099 sec (of wall-clock time) 0.000096 sec (of CPU time)
Setting up auxiliary I and S matrices: done in 9.93907e-05 secs using 68.42% CPU
Computing RapidNJ tree took 0.000283 sec (of wall-clock time) 0.000213 sec (of CPU time)
Log-likelihood of RapidNJ tree: -1597.627
--------------------------------------------------------------------
|             INITIALIZING CANDIDATE TREE SET                      |
--------------------------------------------------------------------
Generating 99 parsimony trees... 0.008 second
Computing log-likelihood of 2 initial trees ... 0.000 seconds
Current best score: -1597.627

Do NNI search on 3 best initial trees
Finish initializing candidate tree set (3)
Current best tree score: -1597.627 / CPU time: 0.009
Number of iterations: 3
--------------------------------------------------------------------
|               OPTIMIZING CANDIDATE TREE SET                      |
--------------------------------------------------------------------
Iteration 10 / LogL: -1597.639 / Time: 0h:0m:0s
Iteration 20 / LogL: -1597.644 / Time: 0h:0m:0s
UPDATE BEST LOG-LIKELIHOOD: -1597.627
Iteration 30 / LogL: -1601.193 / Time: 0h:0m:0s (0h:0m:0s left)
Iteration 40 / LogL: -1597.627 / Time: 0h:0m:0s (0h:0m:0s left)
Iteration 50 / LogL: -1597.637 / Time: 0h:0m:0s (0h:0m:0s left)
Iteration 60 / LogL: -1597.644 / Time: 0h:0m:0s (0h:0m:0s left)
Iteration 70 / LogL: -1597.639 / Time: 0h:0m:0s (0h:0m:0s left)
Iteration 80 / LogL: -1597.637 / Time: 0h:0m:0s (0h:0m:0s left)
Iteration 90 / LogL: -1597.639 / Time: 0h:0m:0s (0h:0m:0s left)
Iteration 100 / LogL: -1597.627 / Time: 0h:0m:0s (0h:0m:0s left)
TREE SEARCH COMPLETED AFTER 101 ITERATIONS / Time: 0h:0m:0s

--------------------------------------------------------------------
|                    FINALIZING TREE SEARCH                        |
--------------------------------------------------------------------
Performs final model parameters optimization
Estimate model parameters (epsilon = 0.010)
1. Initial log-likelihood: -1597.627
2. Current log-likelihood: -1597.586
3. Current log-likelihood: -1597.524
4. Current log-likelihood: -1597.471
5. Current log-likelihood: -1597.428
6. Current log-likelihood: -1597.391
7. Current log-likelihood: -1597.359
8. Current log-likelihood: -1597.332
9. Current log-likelihood: -1597.307
10. Current log-likelihood: -1597.286
11. Current log-likelihood: -1597.269
12. Current log-likelihood: -1597.253
13. Current log-likelihood: -1597.239
14. Current log-likelihood: -1597.226
15. Current log-likelihood: -1597.215
16. Current log-likelihood: -1597.205
Optimal log-likelihood: -1597.201
Rate parameters:  A-C: 1.00000  A-G: 100.00000  A-T: 1.00000  C-G: 1.00000  C-T: 100.00000  G-T: 1.00000
Warning! Some parameters hit the boundaries
Base frequencies:  A: 0.288  C: 0.352  G: 0.113  T: 0.247
Gamma shape alpha: 0.080
Parameters optimization took 16 rounds (0.004 sec)

WARNING: Estimated model parameters are at boundary that can cause numerical instability!

BEST SCORE FOUND : -1597.201
Total tree length: 2.385

Total number of iterations: 101
CPU time used for tree search: 0.046 sec (0h:0m:0s)
Wall-clock time used for tree search: 0.044 sec (0h:0m:0s)
Total CPU time used: 0.305 sec (0h:0m:0s)
Total wall-clock time used: 0.335 sec (0h:0m:0s)

Analysis results written to: 
  IQ-TREE report:                /home/jeremias//chrM/split/iter06/window_1_08/window_1_08_05_2.fa.iqtree
  Maximum-likelihood tree:       /home/jeremias//chrM/split/iter06/window_1_08/window_1_08_05_2.fa.treefile
  Likelihood distances:          /home/jeremias//chrM/split/iter06/window_1_08/window_1_08_05_2.fa.mldist
  Screen log file:               /home/jeremias//chrM/split/iter06/window_1_08/window_1_08_05_2.fa.log

Date and Time: Thu Jun 25 05:41:52 2026
