IQ-TREE multicore version 2.4.0 for Linux x86 64-bit built Feb  7 2025
Developed by Bui Quang Minh, Nguyen Lam Tung, Olga Chernomor, Heiko Schmidt,
Dominik Schrempf, Michael Woodhams, Ly Trong Nhan, Thomas Wong

Host:    rosa (AVX512, FMA3, 755 GB RAM)
Command: /home/jeremias/software/iqtree-2.4.0-Linux-intel/bin/iqtree2 -s /home/jeremias//chrM/merge/iter01/window_1_01/window_1_01_window_1_02.fa -T 1 --quiet --redo -blmin 0.00029708853238265
Seed:    447442 (Using SPRNG - Scalable Parallel Random Number Generator)
Time:    Thu Jun 25 05:42:07 2026
Kernel:  AVX+FMA - 1 threads (128 CPU cores detected)

HINT: Use -nt option to specify number of threads because your CPU has 128 cores!
HINT: -nt AUTO will automatically determine the best number of threads to use.

Reading alignment file /home/jeremias//chrM/merge/iter01/window_1_01/window_1_01_window_1_02.fa ... Fasta format detected
Reading fasta file: done in 0.000214696 secs using 99.21% CPU
Alignment most likely contains DNA/RNA sequences
Alignment has 4 sequences with 3366 columns, 74 distinct patterns
64 parsimony-informative, 340 singleton sites, 2962 constant sites
         Gap/Ambiguity  Composition  p-value
Analyzing sequences: done in 8.19564e-06 secs using 85.41% CPU
   1  gorGor3   17.23%    passed     87.79%
   2  panTro4   17.32%    passed     82.80%
   3  ponAbe2   17.86%    passed     46.38%
   4  hg38       0.00%    passed     51.60%
****  TOTAL     13.10%  0 sequences failed composition chi2 test (p-value<5%; df=3)


Create initial parsimony tree by phylogenetic likelihood library (PLL)... 0.000 seconds
Perform fast likelihood tree search using GTR+I+G model...
Estimate model parameters (epsilon = 5.000)

WARNING: Estimated model parameters are at boundary that can cause numerical instability!

Perform nearest neighbor interchange...
Estimate model parameters (epsilon = 1.000)
1. Initial log-likelihood: -6570.505
Optimal log-likelihood: -6570.376
Rate parameters:  A-C: 6.66765  A-G: 35.20372  A-T: 3.43937  C-G: 0.00010  C-T: 100.00000  G-T: 1.00000
Warning! Some parameters hit the boundaries
Base frequencies:  A: 0.339  C: 0.264  G: 0.174  T: 0.222
Proportion of invariable sites: 0.433
Gamma shape alpha: 0.682
Parameters optimization took 1 rounds (0.001 sec)

WARNING: Estimated model parameters are at boundary that can cause numerical instability!

Time for fast ML tree search: 0.007 seconds

NOTE: ModelFinder requires 0 MB RAM!
ModelFinder will test up to 484 DNA models (sample size: 3366 epsilon: 0.100) ...
 No. Model         -LnL         df  AIC          AICc         BIC
  1  GTR+F         6608.536     13  13243.073    13243.181    13322.652
  2  GTR+F+I       6570.591     14  13169.183    13169.308    13254.883
  3  GTR+F+G4      6570.369     14  13168.739    13168.864    13254.440
  4  GTR+F+I+G4    6570.353     15  13170.707    13170.850    13262.529
  5  GTR+F+R2      6571.060     15  13172.119    13172.263    13263.942
  6  GTR+F+R3      6570.362     17  13174.723    13174.906    13278.788
 14  GTR+F+I+R2    6570.713     16  13173.426    13173.589    13271.370
 15  GTR+F+I+R3    6570.501     18  13177.003    13177.207    13287.190
 24  SYM+I         6673.902     11  13369.804    13369.882    13437.140
 25  SYM+G4        6673.913     11  13369.826    13369.905    13437.163
 26  SYM+I+G4      6674.077     12  13372.155    13372.248    13445.612
 27  SYM+R2        6674.005     12  13372.010    13372.103    13445.467
 46  TVM+F+I       6597.594     13  13221.188    13221.297    13300.767
 47  TVM+F+G4      6597.550     13  13221.099    13221.208    13300.679
 48  TVM+F+I+G4    6597.621     14  13223.241    13223.367    13308.942
 49  TVM+F+R2      6597.970     14  13223.940    13224.066    13309.641
 68  TVMe+I        6708.195     10  13436.389    13436.455    13497.604
 69  TVMe+G4       6708.213     10  13436.426    13436.491    13497.641
 70  TVMe+I+G4     6707.765     11  13437.531    13437.610    13504.867
 71  TVMe+R2       6707.650     11  13437.300    13437.378    13504.636
 90  TIM3+F+I      6583.793     12  13191.585    13191.679    13265.043
 91  TIM3+F+G4     6583.470     12  13190.940    13191.033    13264.398
 92  TIM3+F+I+G4   6583.300     13  13192.601    13192.709    13272.180
 93  TIM3+F+R2     6583.741     13  13193.482    13193.591    13273.062
112  TIM3e+I       6694.185     9   13406.371    13406.425    13461.464
113  TIM3e+G4      6694.106     9   13406.211    13406.265    13461.304
114  TIM3e+I+G4    6694.185     10  13408.370    13408.435    13469.585
115  TIM3e+R2      6694.275     10  13408.550    13408.616    13469.765
134  TIM2+F+I      6572.676     12  13169.352    13169.445    13242.810
135  TIM2+F+G4     6572.632     12  13169.264    13169.357    13242.722
136  TIM2+F+I+G4   6572.732     13  13171.464    13171.572    13251.043
137  TIM2+F+R2     6572.704     13  13171.408    13171.516    13250.987
156  TIM2e+I       6677.124     9   13372.248    13372.302    13427.341
157  TIM2e+G4      6677.341     9   13372.682    13372.736    13427.775
158  TIM2e+I+G4    6677.597     10  13375.193    13375.259    13436.408
159  TIM2e+R2      6677.299     10  13374.598    13374.663    13435.813
178  TIM+F+I       6583.429     12  13190.857    13190.951    13264.315
179  TIM+F+G4      6583.033     12  13190.066    13190.159    13263.524
180  TIM+F+I+G4    6582.746     13  13191.492    13191.601    13271.071
181  TIM+F+R2      6583.344     13  13192.689    13192.797    13272.268
200  TIMe+I        6694.278     9   13406.556    13406.610    13461.649
201  TIMe+G4       6694.130     9   13406.259    13406.313    13461.352
202  TIMe+I+G4     6694.149     10  13408.298    13408.364    13469.513
203  TIMe+R2       6694.255     10  13408.510    13408.576    13469.725
222  TPM3u+F+I     6608.917     11  13239.834    13239.913    13307.170
223  TPM3u+F+G4    6608.840     11  13239.679    13239.758    13307.016
224  TPM3u+F+I+G4  6608.659     12  13241.317    13241.410    13314.775
225  TPM3u+F+R2    6609.234     12  13242.467    13242.560    13315.925
244  TPM3+I        6728.042     8   13472.085    13472.128    13521.057
245  TPM3+G4       6728.003     8   13472.006    13472.049    13520.978
246  TPM3+I+G4     6727.993     9   13473.986    13474.040    13529.079
247  TPM3+R2       6728.042     9   13474.083    13474.137    13529.177
266  TPM2u+F+I     6599.049     11  13220.098    13220.177    13287.435
267  TPM2u+F+G4    6599.077     11  13220.155    13220.233    13287.491
268  TPM2u+F+I+G4  6599.289     12  13222.577    13222.670    13296.035
269  TPM2u+F+R2    6599.092     12  13222.184    13222.277    13295.642
288  TPM2+I        6710.414     8   13436.828    13436.871    13485.800
289  TPM2+G4       6710.529     8   13437.058    13437.101    13486.030
290  TPM2+I+G4     6710.741     9   13439.482    13439.536    13494.575
291  TPM2+R2       6710.574     9   13439.148    13439.201    13494.241
310  K3Pu+F+I      6608.746     11  13239.492    13239.571    13306.829
311  K3Pu+F+G4     6608.645     11  13239.290    13239.369    13306.626
312  K3Pu+F+I+G4   6608.387     12  13240.774    13240.867    13314.232
313  K3Pu+F+R2     6608.908     12  13241.816    13241.909    13315.274
332  K3P+I         6728.171     8   13472.342    13472.385    13521.314
333  K3P+G4        6728.107     8   13472.214    13472.257    13521.186
334  K3P+I+G4      6728.073     9   13474.146    13474.200    13529.239
335  K3P+R2        6728.183     9   13474.365    13474.419    13529.459
354  TN+F+I        6585.066     11  13192.132    13192.210    13259.468
355  TN+F+G4       6584.731     11  13191.462    13191.541    13258.799
356  TN+F+I+G4     6584.496     12  13192.992    13193.085    13266.450
357  TN+F+R2       6585.016     12  13194.033    13194.126    13267.490
376  TNe+I         6696.184     8   13408.367    13408.410    13457.339
377  TNe+G4        6696.107     8   13408.214    13408.257    13457.186
378  TNe+I+G4      6696.193     9   13410.387    13410.441    13465.480
379  TNe+R2        6696.334     9   13410.668    13410.721    13465.761
398  HKY+F+I       6610.254     10  13240.509    13240.574    13301.724
399  HKY+F+G4      6610.172     10  13240.344    13240.410    13301.559
400  HKY+F+I+G4    6610.017     11  13242.033    13242.112    13309.370
401  HKY+F+R2      6610.576     11  13243.151    13243.230    13310.488
420  K2P+I         6730.011     7   13474.022    13474.056    13516.873
421  K2P+G4        6729.984     7   13473.969    13474.002    13516.819
422  K2P+I+G4      6729.994     8   13475.987    13476.030    13524.959
423  K2P+R2        6729.997     8   13475.995    13476.038    13524.967
442  F81+F+I       6926.365     9   13870.731    13870.785    13925.824
443  F81+F+G4      6926.979     9   13871.958    13872.011    13927.051
444  F81+F+I+G4    6927.361     10  13874.723    13874.789    13935.938
445  F81+F+R2      6926.851     10  13873.702    13873.768    13934.917
464  JC+I          7024.125     6   14060.250    14060.275    14096.979
465  JC+G4         7024.691     6   14061.382    14061.407    14098.111
466  JC+I+G4       7025.010     7   14064.020    14064.053    14106.870
467  JC+R2         7024.589     7   14063.178    14063.211    14106.028
Akaike Information Criterion:           GTR+F+G4
Corrected Akaike Information Criterion: GTR+F+G4
Bayesian Information Criterion:         TIM2+F+G4
Best-fit model: TIM2+F+G4 chosen according to BIC

All model information printed to /home/jeremias//chrM/merge/iter01/window_1_01/window_1_01_window_1_02.fa.model.gz
CPU time for ModelFinder: 0.211 seconds (0h:0m:0s)
Wall-clock time for ModelFinder: 0.230 seconds (0h:0m:0s)

NOTE: 0 MB RAM (0 GB) is required!
Estimate model parameters (epsilon = 0.100)
1. Initial log-likelihood: -6926.989
2. Current log-likelihood: -6659.447
3. Current log-likelihood: -6651.100
4. Current log-likelihood: -6575.774
5. Current log-likelihood: -6572.951
6. Current log-likelihood: -6572.674
Optimal log-likelihood: -6572.632
Rate parameters:  A-C: 5.14183  A-G: 35.52607  A-T: 5.14183  C-G: 1.00000  C-T: 100.00000  G-T: 1.00000
Warning! Some parameters hit the boundaries
Base frequencies:  A: 0.339  C: 0.264  G: 0.174  T: 0.222
Gamma shape alpha: 0.200
Parameters optimization took 6 rounds (0.007 sec)

WARNING: Estimated model parameters are at boundary that can cause numerical instability!

Wrote distance file to... 
Computing ML distances based on estimated model parameters...
Calculating distance matrix: done in 9.64105e-05 secs using 95.43% CPU
Computing ML distances took 0.000140 sec (of wall-clock time) 0.000140 sec (of CPU time)
Setting up auxiliary I and S matrices: done in 6.04093e-05 secs using 96.01% CPU
Computing RapidNJ tree took 0.000492 sec (of wall-clock time) 0.000216 sec (of CPU time)
Log-likelihood of RapidNJ tree: -6573.264
--------------------------------------------------------------------
|             INITIALIZING CANDIDATE TREE SET                      |
--------------------------------------------------------------------
Generating 98 parsimony trees... 0.010 second
Computing log-likelihood of 1 initial trees ... 0.000 seconds
Current best score: -6572.632

Do NNI search on 3 best initial trees
Finish initializing candidate tree set (3)
Current best tree score: -6572.632 / CPU time: 0.012
Number of iterations: 3
--------------------------------------------------------------------
|               OPTIMIZING CANDIDATE TREE SET                      |
--------------------------------------------------------------------
Iteration 10 / LogL: -6572.633 / Time: 0h:0m:0s
Iteration 20 / LogL: -6572.632 / Time: 0h:0m:0s
Iteration 30 / LogL: -6572.636 / Time: 0h:0m:0s (0h:0m:0s left)
Iteration 40 / LogL: -6572.633 / Time: 0h:0m:0s (0h:0m:0s left)
Iteration 50 / LogL: -6572.632 / Time: 0h:0m:0s (0h:0m:0s left)
Iteration 60 / LogL: -6572.636 / Time: 0h:0m:0s (0h:0m:0s left)
Iteration 70 / LogL: -6572.633 / Time: 0h:0m:0s (0h:0m:0s left)
Iteration 80 / LogL: -6572.632 / Time: 0h:0m:0s (0h:0m:0s left)
Iteration 90 / LogL: -6572.634 / Time: 0h:0m:0s (0h:0m:0s left)
Iteration 100 / LogL: -6572.632 / Time: 0h:0m:0s (0h:0m:0s left)
TREE SEARCH COMPLETED AFTER 101 ITERATIONS / Time: 0h:0m:0s

--------------------------------------------------------------------
|                    FINALIZING TREE SEARCH                        |
--------------------------------------------------------------------
Performs final model parameters optimization
Estimate model parameters (epsilon = 0.010)
1. Initial log-likelihood: -6572.632
Optimal log-likelihood: -6572.629
Rate parameters:  A-C: 5.11112  A-G: 35.39701  A-T: 5.11112  C-G: 1.00000  C-T: 100.00000  G-T: 1.00000
Warning! Some parameters hit the boundaries
Base frequencies:  A: 0.339  C: 0.264  G: 0.174  T: 0.222
Gamma shape alpha: 0.199
Parameters optimization took 1 rounds (0.001 sec)

WARNING: Estimated model parameters are at boundary that can cause numerical instability!

BEST SCORE FOUND : -6572.629
Total tree length: 0.238

Total number of iterations: 101
CPU time used for tree search: 0.052 sec (0h:0m:0s)
Wall-clock time used for tree search: 0.050 sec (0h:0m:0s)
Total CPU time used: 0.277 sec (0h:0m:0s)
Total wall-clock time used: 0.298 sec (0h:0m:0s)

Analysis results written to: 
  IQ-TREE report:                /home/jeremias//chrM/merge/iter01/window_1_01/window_1_01_window_1_02.fa.iqtree
  Maximum-likelihood tree:       /home/jeremias//chrM/merge/iter01/window_1_01/window_1_01_window_1_02.fa.treefile
  Likelihood distances:          /home/jeremias//chrM/merge/iter01/window_1_01/window_1_01_window_1_02.fa.mldist
  Screen log file:               /home/jeremias//chrM/merge/iter01/window_1_01/window_1_01_window_1_02.fa.log

Date and Time: Thu Jun 25 05:42:07 2026
