IQ-TREE multicore version 2.4.0 for Linux x86 64-bit built Feb  7 2025
Developed by Bui Quang Minh, Nguyen Lam Tung, Olga Chernomor, Heiko Schmidt,
Dominik Schrempf, Michael Woodhams, Ly Trong Nhan, Thomas Wong

Host:    rosa (AVX512, FMA3, 755 GB RAM)
Command: /home/jeremias/software/iqtree-2.4.0-Linux-intel/bin/iqtree2 -s /home/jeremias//chrM/split/iter03/window_1_03/window_1_03_075_2.fa -T 1 --quiet --redo -blmin 0.000429184549356223
Seed:    34740 (Using SPRNG - Scalable Parallel Random Number Generator)
Time:    Thu Jun 25 05:41:37 2026
Kernel:  AVX+FMA - 1 threads (128 CPU cores detected)

HINT: Use -nt option to specify number of threads because your CPU has 128 cores!
HINT: -nt AUTO will automatically determine the best number of threads to use.

Reading alignment file /home/jeremias//chrM/split/iter03/window_1_03/window_1_03_075_2.fa ... Fasta format detected
Reading fasta file: done in 0.000164494 secs
Alignment most likely contains DNA/RNA sequences
Alignment has 4 sequences with 2330 columns, 73 distinct patterns
126 parsimony-informative, 434 singleton sites, 1770 constant sites
         Gap/Ambiguity  Composition  p-value
Analyzing sequences: done in 6.86944e-06 secs
   1  hg38       0.00%    passed     99.63%
   2  gorGor3    0.00%    passed     49.34%
   3  panTro4    0.00%    passed     98.39%
   4  ponAbe2    0.09%    passed     44.06%
****  TOTAL      0.02%  0 sequences failed composition chi2 test (p-value<5%; df=3)


Create initial parsimony tree by phylogenetic likelihood library (PLL)... 0.000 seconds
Perform fast likelihood tree search using GTR+I+G model...
Estimate model parameters (epsilon = 5.000)

WARNING: Estimated model parameters are at boundary that can cause numerical instability!

Perform nearest neighbor interchange...
Estimate model parameters (epsilon = 1.000)
1. Initial log-likelihood: -5722.252
2. Current log-likelihood: -5720.956
3. Current log-likelihood: -5719.955
Optimal log-likelihood: -5719.183
Rate parameters:  A-C: 5.87522  A-G: 91.58170  A-T: 5.18979  C-G: 1.25042  C-T: 100.00000  G-T: 1.00000
Warning! Some parameters hit the boundaries
Base frequencies:  A: 0.298  C: 0.328  G: 0.121  T: 0.253
Proportion of invariable sites: 0.359
Gamma shape alpha: 0.507
Parameters optimization took 3 rounds (0.005 sec)

WARNING: Estimated model parameters are at boundary that can cause numerical instability!

Time for fast ML tree search: 0.010 seconds

NOTE: ModelFinder requires 0 MB RAM!
ModelFinder will test up to 484 DNA models (sample size: 2330 epsilon: 0.100) ...
 No. Model         -LnL         df  AIC          AICc         BIC
  1  GTR+F         5785.428     13  11596.856    11597.013    11671.653
  2  GTR+F+I       5713.065     14  11454.129    11454.311    11534.680
  3  GTR+F+G4      5714.674     14  11457.347    11457.529    11537.898
  4  GTR+F+I+G4    5718.393     15  11466.786    11466.993    11553.090
  5  GTR+F+R2      5713.147     15  11456.295    11456.502    11542.599
+R3 reinitialized from +R2 with factor 0.500
+R3 reinitialized from +R2 with factor 0.250
+R3 reinitialized from +R2 with factor 0.125
+R3 reinitialized from +R2 with factor 0.062
  6  GTR+F+R3      5713.215     17  11460.430    11460.694    11558.241
 14  GTR+F+I+R2    5712.958     16  11457.916    11458.151    11549.974
+I+R3 reinitialized from +I+R2 with factor 0.500
+I+R3 reinitialized from +I+R2 with factor 0.250
+I+R3 reinitialized from +I+R2 with factor 0.125
+I+R3 reinitialized from +I+R2 with factor 0.062
+I+R3 reinitialized from +I+R2 with factor 0.031
 15  GTR+F+I+R3    5713.072     18  11462.144    11462.440    11565.710
 24  SYM+I         5879.902     11  11781.804    11781.918    11845.094
 25  SYM+G4        5881.577     11  11785.154    11785.268    11848.444
 27  SYM+R2        5880.091     12  11784.182    11784.317    11853.226
 46  TVM+F+I       5713.150     13  11452.301    11452.458    11527.098
 47  TVM+F+G4      5714.806     13  11455.612    11455.769    11530.409
 49  TVM+F+R2      5713.244     14  11454.487    11454.669    11535.038
 68  TVMe+I        5897.083     10  11814.166    11814.261    11871.703
 69  TVMe+G4       5898.559     10  11817.118    11817.213    11874.654
 71  TVMe+R2       5897.392     11  11816.783    11816.897    11880.073
 90  TIM3+F+I      5715.730     12  11455.459    11455.594    11524.503
 91  TIM3+F+G4     5717.723     12  11459.446    11459.581    11528.490
 93  TIM3+F+R2     5716.421     13  11458.842    11459.000    11533.640
112  TIM3e+I       5901.420     9   11820.839    11820.917    11872.622
113  TIM3e+G4      5902.669     9   11823.338    11823.416    11875.121
115  TIM3e+R2      5901.768     10  11823.536    11823.631    11881.072
134  TIM2+F+I      5713.050     12  11450.099    11450.234    11519.142
135  TIM2+F+G4     5714.671     12  11453.342    11453.477    11522.386
137  TIM2+F+R2     5713.555     13  11453.111    11453.268    11527.908
156  TIM2e+I       5880.560     9   11779.120    11779.197    11830.902
157  TIM2e+G4      5882.321     9   11782.643    11782.720    11834.425
159  TIM2e+R2      5881.124     10  11782.248    11782.343    11839.784
178  TIM+F+I       5715.670     12  11455.341    11455.475    11524.384
179  TIM+F+G4      5717.759     12  11459.518    11459.653    11528.562
181  TIM+F+R2      5716.650     13  11459.301    11459.458    11534.098
200  TIMe+I        5900.405     9   11818.809    11818.887    11870.592
201  TIMe+G4       5901.893     9   11821.786    11821.863    11873.568
203  TIMe+R2       5900.888     10  11821.777    11821.871    11879.313
222  TPM3u+F+I     5716.223     11  11454.446    11454.560    11517.736
223  TPM3u+F+G4    5717.804     11  11457.609    11457.723    11520.898
225  TPM3u+F+R2    5716.663     12  11457.325    11457.460    11526.369
244  TPM3+I        5918.141     8   11852.282    11852.344    11898.311
245  TPM3+G4       5919.654     8   11855.309    11855.371    11901.338
247  TPM3+R2       5918.672     9   11855.343    11855.421    11907.126
266  TPM2u+F+I     5713.116     11  11448.233    11448.347    11511.522
267  TPM2u+F+G4    5714.791     11  11451.581    11451.695    11514.871
269  TPM2u+F+R2    5713.602     12  11451.203    11451.338    11520.247
288  TPM2+I        5897.819     8   11811.637    11811.699    11857.666
289  TPM2+G4       5899.306     8   11814.612    11814.674    11860.641
291  TPM2+R2       5898.329     9   11814.658    11814.735    11866.440
310  K3Pu+F+I      5716.131     11  11454.262    11454.376    11517.552
311  K3Pu+F+G4     5717.629     11  11457.257    11457.371    11520.547
313  K3Pu+F+R2     5716.610     12  11457.221    11457.356    11526.264
332  K3P+I         5917.234     8   11850.468    11850.530    11896.497
333  K3P+G4        5918.965     8   11853.930    11853.992    11899.959
335  K3P+R2        5917.818     9   11853.637    11853.714    11905.419
354  TN+F+I        5715.716     11  11453.432    11453.546    11516.722
355  TN+F+G4       5717.701     11  11457.402    11457.516    11520.692
357  TN+F+R2       5716.669     12  11457.337    11457.472    11526.381
376  TNe+I         5901.929     8   11819.857    11819.919    11865.886
377  TNe+G4        5903.310     8   11822.620    11822.682    11868.649
379  TNe+R2        5902.377     9   11822.754    11822.831    11874.536
398  HKY+F+I       5716.256     10  11452.512    11452.607    11510.048
399  HKY+F+G4      5717.746     10  11455.492    11455.587    11513.029
401  HKY+F+R2      5716.720     11  11455.441    11455.554    11518.730
420  K2P+I         5918.693     7   11851.385    11851.434    11891.661
421  K2P+G4        5920.264     7   11854.528    11854.576    11894.803
423  K2P+R2        5919.223     8   11854.447    11854.509    11900.476
442  F81+F+I       6159.638     9   12337.276    12337.354    12389.059
443  F81+F+G4      6161.940     9   12341.879    12341.957    12393.662
445  F81+F+R2      6160.572     10  12341.143    12341.238    12398.679
464  JC+I          6320.986     6   12653.973    12654.009    12688.495
465  JC+G4         6322.843     6   12657.687    12657.723    12692.209
467  JC+R2         6321.869     7   12657.739    12657.787    12698.014
Akaike Information Criterion:           TPM2u+F+I
Corrected Akaike Information Criterion: TPM2u+F+I
Bayesian Information Criterion:         HKY+F+I
Best-fit model: HKY+F+I chosen according to BIC

All model information printed to /home/jeremias//chrM/split/iter03/window_1_03/window_1_03_075_2.fa.model.gz
CPU time for ModelFinder: 0.421 seconds (0h:0m:0s)
Wall-clock time for ModelFinder: 0.442 seconds (0h:0m:0s)

NOTE: 0 MB RAM (0 GB) is required!
Estimate model parameters (epsilon = 0.100)
1. Initial log-likelihood: -6160.186
2. Current log-likelihood: -5843.507
3. Current log-likelihood: -5725.985
4. Current log-likelihood: -5721.064
5. Current log-likelihood: -5718.898
6. Current log-likelihood: -5717.676
7. Current log-likelihood: -5717.010
8. Current log-likelihood: -5716.626
9. Current log-likelihood: -5716.409
10. Current log-likelihood: -5716.284
Optimal log-likelihood: -5716.203
Rate parameters:  A-C: 1.00000  A-G: 37.58268  A-T: 1.00000  C-G: 1.00000  C-T: 37.58268  G-T: 1.00000
Base frequencies:  A: 0.298  C: 0.328  G: 0.121  T: 0.253
Proportion of invariable sites: 0.679
Parameters optimization took 10 rounds (0.002 sec)
Wrote distance file to... 
Computing ML distances based on estimated model parameters...
Calculating distance matrix: done in 4.20213e-05 secs
Computing ML distances took 0.000396 sec (of wall-clock time) 0.000000 sec (of CPU time)
Setting up auxiliary I and S matrices: done in 1.97589e-05 secs
Computing RapidNJ tree took 0.000218 sec (of wall-clock time) 0.000000 sec (of CPU time)
Log-likelihood of RapidNJ tree: -5716.204
--------------------------------------------------------------------
|             INITIALIZING CANDIDATE TREE SET                      |
--------------------------------------------------------------------
Generating 99 parsimony trees... 0.010 second
Computing log-likelihood of 2 initial trees ... 0.000 seconds
Current best score: -5716.203

Do NNI search on 3 best initial trees
Finish initializing candidate tree set (3)
Current best tree score: -5716.203 / CPU time: 0.012
Number of iterations: 3
--------------------------------------------------------------------
|               OPTIMIZING CANDIDATE TREE SET                      |
--------------------------------------------------------------------
Iteration 10 / LogL: -5716.388 / Time: 0h:0m:0s
UPDATE BEST LOG-LIKELIHOOD: -5716.203
UPDATE BEST LOG-LIKELIHOOD: -5716.203
Iteration 20 / LogL: -5716.227 / Time: 0h:0m:0s
Iteration 30 / LogL: -5716.204 / Time: 0h:0m:0s (0h:0m:0s left)
Iteration 40 / LogL: -5716.204 / Time: 0h:0m:0s (0h:0m:0s left)
Iteration 50 / LogL: -5716.388 / Time: 0h:0m:0s (0h:0m:0s left)
Iteration 60 / LogL: -5716.203 / Time: 0h:0m:0s (0h:0m:0s left)
Iteration 70 / LogL: -5716.388 / Time: 0h:0m:0s (0h:0m:0s left)
Iteration 80 / LogL: -5718.666 / Time: 0h:0m:0s (0h:0m:0s left)
Iteration 90 / LogL: -5716.388 / Time: 0h:0m:0s (0h:0m:0s left)
Iteration 100 / LogL: -5716.227 / Time: 0h:0m:0s (0h:0m:0s left)
TREE SEARCH COMPLETED AFTER 101 ITERATIONS / Time: 0h:0m:0s

--------------------------------------------------------------------
|                    FINALIZING TREE SEARCH                        |
--------------------------------------------------------------------
Performs final model parameters optimization
Estimate model parameters (epsilon = 0.010)
1. Initial log-likelihood: -5716.203
2. Current log-likelihood: -5716.190
3. Current log-likelihood: -5716.175
Optimal log-likelihood: -5716.163
Rate parameters:  A-C: 1.00000  A-G: 36.14577  A-T: 1.00000  C-G: 1.00000  C-T: 36.14577  G-T: 1.00000
Base frequencies:  A: 0.298  C: 0.328  G: 0.121  T: 0.253
Proportion of invariable sites: 0.678
Parameters optimization took 3 rounds (0.001 sec)
BEST SCORE FOUND : -5716.163
Total tree length: 0.930

Total number of iterations: 101
CPU time used for tree search: 0.038 sec (0h:0m:0s)
Wall-clock time used for tree search: 0.034 sec (0h:0m:0s)
Total CPU time used: 0.470 sec (0h:0m:0s)
Total wall-clock time used: 0.489 sec (0h:0m:0s)

Analysis results written to: 
  IQ-TREE report:                /home/jeremias//chrM/split/iter03/window_1_03/window_1_03_075_2.fa.iqtree
  Maximum-likelihood tree:       /home/jeremias//chrM/split/iter03/window_1_03/window_1_03_075_2.fa.treefile
  Likelihood distances:          /home/jeremias//chrM/split/iter03/window_1_03/window_1_03_075_2.fa.mldist
  Screen log file:               /home/jeremias//chrM/split/iter03/window_1_03/window_1_03_075_2.fa.log

Date and Time: Thu Jun 25 05:41:37 2026
