IQ-TREE multicore version 2.4.0 for Linux x86 64-bit built Feb  7 2025
Developed by Bui Quang Minh, Nguyen Lam Tung, Olga Chernomor, Heiko Schmidt,
Dominik Schrempf, Michael Woodhams, Ly Trong Nhan, Thomas Wong

Host:    rosa (AVX512, FMA3, 755 GB RAM)
Command: /home/jeremias/software/iqtree-2.4.0-Linux-intel/bin/iqtree2 -s /home/jeremias//chrM/split/iter03/window_1_03/window_1_03_075_1.fa -T 1 --quiet --redo -blmin 0.000143061516452074
Seed:    718952 (Using SPRNG - Scalable Parallel Random Number Generator)
Time:    Thu Jun 25 05:41:36 2026
Kernel:  AVX+FMA - 1 threads (128 CPU cores detected)

HINT: Use -nt option to specify number of threads because your CPU has 128 cores!
HINT: -nt AUTO will automatically determine the best number of threads to use.

Reading alignment file /home/jeremias//chrM/split/iter03/window_1_03/window_1_03_075_1.fa ... Fasta format detected
Reading fasta file: done in 0.000390381 secs using 99.39% CPU
Alignment most likely contains DNA/RNA sequences
Alignment has 4 sequences with 6990 columns, 105 distinct patterns
318 parsimony-informative, 1268 singleton sites, 5404 constant sites
         Gap/Ambiguity  Composition  p-value
Analyzing sequences: done in 1.67787e-05 secs
   1  hg38       0.00%    passed     98.26%
   2  gorGor3    0.00%    passed     38.62%
   3  panTro4    0.01%    passed     39.82%
   4  ponAbe2    0.06%    failed      0.27%
****  TOTAL      0.02%  1 sequences failed composition chi2 test (p-value<5%; df=3)


Create initial parsimony tree by phylogenetic likelihood library (PLL)... 0.000 seconds
Perform fast likelihood tree search using GTR+I+G model...
Estimate model parameters (epsilon = 5.000)

WARNING: Estimated model parameters are at boundary that can cause numerical instability!

Perform nearest neighbor interchange...
Estimate model parameters (epsilon = 1.000)
1. Initial log-likelihood: -16754.412
Optimal log-likelihood: -16753.034
Rate parameters:  A-C: 5.64121  A-G: 80.06184  A-T: 4.75922  C-G: 1.56455  C-T: 100.00000  G-T: 1.00000
Warning! Some parameters hit the boundaries
Base frequencies:  A: 0.300  C: 0.311  G: 0.127  T: 0.262
Proportion of invariable sites: 0.372
Gamma shape alpha: 0.646
Parameters optimization took 1 rounds (0.001 sec)

WARNING: Estimated model parameters are at boundary that can cause numerical instability!

Time for fast ML tree search: 0.008 seconds

NOTE: ModelFinder requires 0 MB RAM!
ModelFinder will test up to 484 DNA models (sample size: 6990 epsilon: 0.100) ...
 No. Model         -LnL         df  AIC          AICc         BIC
  1  GTR+F         16900.401    13  33826.801    33826.853    33915.880
  2  GTR+F+I       16753.152    14  33534.305    33534.365    33630.236
  3  GTR+F+G4      16750.821    14  33529.642    33529.702    33625.573
  4  GTR+F+I+G4    16751.411    15  33532.823    33532.892    33635.606
  5  GTR+F+R2      16752.875    15  33535.750    33535.818    33638.533
  6  GTR+F+R3      16750.905    17  33535.810    33535.898    33652.298
 14  GTR+F+I+R2    16752.620    16  33537.241    33537.319    33646.876
 15  GTR+F+I+R3    16751.641    18  33539.282    33539.380    33662.622
 24  SYM+I         17149.554    11  34321.109    34321.147    34396.484
 25  SYM+G4        17150.488    11  34322.976    34323.014    34398.351
 46  TVM+F+I       16755.469    13  33536.938    33536.990    33626.017
 47  TVM+F+G4      16754.559    13  33535.117    33535.169    33624.196
 68  TVMe+I        17210.243    10  34440.487    34440.518    34509.009
 69  TVMe+G4       17210.954    10  34441.909    34441.940    34510.431
 90  TIM3+F+I      16766.093    12  33556.186    33556.231    33638.413
 91  TIM3+F+G4     16763.141    12  33550.282    33550.327    33632.509
112  TIM3e+I       17196.780    9   34411.561    34411.587    34473.231
113  TIM3e+G4      17197.245    9   34412.491    34412.517    34474.161
134  TIM2+F+I      16753.603    12  33531.207    33531.251    33613.434
135  TIM2+F+G4     16751.272    12  33526.544    33526.589    33608.771
156  TIM2e+I       17151.199    9   34320.398    34320.423    34382.068
157  TIM2e+G4      17152.273    9   34322.546    34322.572    34384.216
178  TIM+F+I       16765.966    12  33555.933    33555.977    33638.160
179  TIM+F+G4      16763.114    12  33550.229    33550.274    33632.456
200  TIMe+I        17196.147    9   34410.294    34410.320    34471.964
201  TIMe+G4       17196.856    9   34411.712    34411.738    34473.382
222  TPM3u+F+I     16767.237    11  33556.474    33556.512    33631.849
223  TPM3u+F+G4    16765.564    11  33553.129    33553.166    33628.503
244  TPM3+I        17257.563    8   34531.126    34531.146    34585.944
245  TPM3+G4       17258.556    8   34533.112    34533.133    34587.930
266  TPM2u+F+I     16755.704    11  33533.408    33533.446    33608.782
267  TPM2u+F+G4    16754.363    11  33530.726    33530.764    33606.101
288  TPM2+I        17212.150    8   34440.299    34440.320    34495.117
289  TPM2+G4       17212.940    8   34441.880    34441.901    34496.698
310  K3Pu+F+I      16767.207    11  33556.413    33556.451    33631.788
311  K3Pu+F+G4     16765.533    11  33553.065    33553.103    33628.440
332  K3P+I         17256.837    8   34529.675    34529.696    34584.493
333  K3P+G4        17258.063    8   34532.126    34532.146    34586.943
354  TN+F+I        16766.244    11  33554.488    33554.526    33629.862
355  TN+F+G4       16763.138    11  33548.276    33548.314    33623.651
376  TNe+I         17198.162    8   34412.323    34412.344    34467.141
377  TNe+G4        17198.666    8   34413.332    34413.352    34468.150
398  HKY+F+I       16767.464    10  33554.928    33554.960    33623.451
399  HKY+F+G4      16765.695    10  33551.390    33551.422    33619.913
420  K2P+I         17259.065    7   34532.129    34532.145    34580.095
421  K2P+G4        17260.070    7   34534.139    34534.155    34582.105
442  F81+F+I       18039.076    9   36096.151    36096.177    36157.821
443  F81+F+G4      18042.928    9   36103.856    36103.881    36165.526
464  JC+I          18457.726    6   36927.453    36927.465    36968.566
465  JC+G4         18461.183    6   36934.366    36934.378    36975.479
Akaike Information Criterion:           TIM2+F+G4
Corrected Akaike Information Criterion: TIM2+F+G4
Bayesian Information Criterion:         TPM2u+F+G4
Best-fit model: TPM2u+F+G4 chosen according to BIC

All model information printed to /home/jeremias//chrM/split/iter03/window_1_03/window_1_03_075_1.fa.model.gz
CPU time for ModelFinder: 0.209 seconds (0h:0m:0s)
Wall-clock time for ModelFinder: 0.212 seconds (0h:0m:0s)

NOTE: 0 MB RAM (0 GB) is required!
Estimate model parameters (epsilon = 0.100)
1. Initial log-likelihood: -18043.999
2. Current log-likelihood: -17074.371
3. Current log-likelihood: -16788.855
4. Current log-likelihood: -16763.376
5. Current log-likelihood: -16758.017
6. Current log-likelihood: -16756.196
7. Current log-likelihood: -16755.150
8. Current log-likelihood: -16754.820
9. Current log-likelihood: -16754.684
Optimal log-likelihood: -16754.595
Rate parameters:  A-C: 3.98725  A-G: 77.02556  A-T: 3.98725  C-G: 1.00000  C-T: 77.02556  G-T: 1.00000
Base frequencies:  A: 0.300  C: 0.311  G: 0.127  T: 0.262
Gamma shape alpha: 0.206
Parameters optimization took 9 rounds (0.007 sec)
Wrote distance file to... 
Computing ML distances based on estimated model parameters...
Calculating distance matrix: done in 8.31485e-05 secs using 99.82% CPU
Computing ML distances took 0.000132 sec (of wall-clock time) 0.000136 sec (of CPU time)
Setting up auxiliary I and S matrices: done in 7.79033e-05 secs using 82.15% CPU
Computing RapidNJ tree took 0.000210 sec (of wall-clock time) 0.000612 sec (of CPU time)
Log-likelihood of RapidNJ tree: -16754.595
--------------------------------------------------------------------
|             INITIALIZING CANDIDATE TREE SET                      |
--------------------------------------------------------------------
Generating 99 parsimony trees... 0.020 second
Computing log-likelihood of 2 initial trees ... 0.000 seconds
Current best score: -16754.595

Do NNI search on 3 best initial trees
Finish initializing candidate tree set (3)
Current best tree score: -16754.595 / CPU time: 0.022
Number of iterations: 3
--------------------------------------------------------------------
|               OPTIMIZING CANDIDATE TREE SET                      |
--------------------------------------------------------------------
UPDATE BEST LOG-LIKELIHOOD: -16754.595
Iteration 10 / LogL: -16754.913 / Time: 0h:0m:0s
Iteration 20 / LogL: -16754.625 / Time: 0h:0m:0s
Iteration 30 / LogL: -16754.913 / Time: 0h:0m:0s (0h:0m:0s left)
Iteration 40 / LogL: -16754.595 / Time: 0h:0m:0s (0h:0m:0s left)
Iteration 50 / LogL: -16754.595 / Time: 0h:0m:0s (0h:0m:0s left)
Iteration 60 / LogL: -16754.916 / Time: 0h:0m:0s (0h:0m:0s left)
Iteration 70 / LogL: -16754.990 / Time: 0h:0m:0s (0h:0m:0s left)
Iteration 80 / LogL: -16754.633 / Time: 0h:0m:0s (0h:0m:0s left)
Iteration 90 / LogL: -16754.990 / Time: 0h:0m:0s (0h:0m:0s left)
Iteration 100 / LogL: -16754.913 / Time: 0h:0m:0s (0h:0m:0s left)
TREE SEARCH COMPLETED AFTER 101 ITERATIONS / Time: 0h:0m:0s

--------------------------------------------------------------------
|                    FINALIZING TREE SEARCH                        |
--------------------------------------------------------------------
Performs final model parameters optimization
Estimate model parameters (epsilon = 0.010)
1. Initial log-likelihood: -16754.595
2. Current log-likelihood: -16754.579
3. Current log-likelihood: -16754.563
Optimal log-likelihood: -16754.553
Rate parameters:  A-C: 3.91327  A-G: 77.03566  A-T: 3.91327  C-G: 1.00000  C-T: 77.03566  G-T: 1.00000
Base frequencies:  A: 0.300  C: 0.311  G: 0.127  T: 0.262
Gamma shape alpha: 0.201
Parameters optimization took 3 rounds (0.001 sec)
BEST SCORE FOUND : -16754.553
Total tree length: 0.514

Total number of iterations: 101
CPU time used for tree search: 0.073 sec (0h:0m:0s)
Wall-clock time used for tree search: 0.071 sec (0h:0m:0s)
Total CPU time used: 0.301 sec (0h:0m:0s)
Total wall-clock time used: 0.301 sec (0h:0m:0s)

Analysis results written to: 
  IQ-TREE report:                /home/jeremias//chrM/split/iter03/window_1_03/window_1_03_075_1.fa.iqtree
  Maximum-likelihood tree:       /home/jeremias//chrM/split/iter03/window_1_03/window_1_03_075_1.fa.treefile
  Likelihood distances:          /home/jeremias//chrM/split/iter03/window_1_03/window_1_03_075_1.fa.mldist
  Screen log file:               /home/jeremias//chrM/split/iter03/window_1_03/window_1_03_075_1.fa.log

Date and Time: Thu Jun 25 05:41:37 2026
