IQ-TREE multicore version 2.4.0 for Linux x86 64-bit built Feb  7 2025
Developed by Bui Quang Minh, Nguyen Lam Tung, Olga Chernomor, Heiko Schmidt,
Dominik Schrempf, Michael Woodhams, Ly Trong Nhan, Thomas Wong

Host:    rosa (AVX512, FMA3, 755 GB RAM)
Command: /home/jeremias/software/iqtree-2.4.0-Linux-intel/bin/iqtree2 -s /home/jeremias//chrM/merge/iter04/window_1_01/window_1_01_window_1_02.fa -T 1 --quiet --redo -blmin 7.34861845972957e-05
Seed:    433420 (Using SPRNG - Scalable Parallel Random Number Generator)
Time:    Thu Jun 25 05:42:10 2026
Kernel:  AVX+FMA - 1 threads (128 CPU cores detected)

HINT: Use -nt option to specify number of threads because your CPU has 128 cores!
HINT: -nt AUTO will automatically determine the best number of threads to use.

Reading alignment file /home/jeremias//chrM/merge/iter04/window_1_01/window_1_01_window_1_02.fa ... Fasta format detected
Reading fasta file: done in 0.000815272 secs
Alignment most likely contains DNA/RNA sequences
Alignment has 4 sequences with 13608 columns, 145 distinct patterns
551 parsimony-informative, 2223 singleton sites, 10834 constant sites
         Gap/Ambiguity  Composition  p-value
Analyzing sequences: done in 1.90735e-05 secs using 99.61% CPU
   1  hg38       0.00%    passed     99.98%
   2  panTro4    4.29%    passed     25.66%
   3  gorGor3    4.26%    passed     12.06%
   4  ponAbe2    4.46%    failed      0.05%
****  TOTAL      3.25%  1 sequences failed composition chi2 test (p-value<5%; df=3)


Create initial parsimony tree by phylogenetic likelihood library (PLL)... 0.001 seconds
Perform fast likelihood tree search using GTR+I+G model...
Estimate model parameters (epsilon = 5.000)

WARNING: Estimated model parameters are at boundary that can cause numerical instability!

Perform nearest neighbor interchange...
Estimate model parameters (epsilon = 1.000)
1. Initial log-likelihood: -31421.643
Optimal log-likelihood: -31420.487
Rate parameters:  A-C: 5.48353  A-G: 66.94673  A-T: 4.95845  C-G: 1.12803  C-T: 100.00000  G-T: 1.00000
Warning! Some parameters hit the boundaries
Base frequencies:  A: 0.308  C: 0.307  G: 0.136  T: 0.250
Proportion of invariable sites: 0.384
Gamma shape alpha: 0.598
Parameters optimization took 1 rounds (0.002 sec)

WARNING: Estimated model parameters are at boundary that can cause numerical instability!

Time for fast ML tree search: 0.012 seconds

NOTE: ModelFinder requires 0 MB RAM!
ModelFinder will test up to 484 DNA models (sample size: 13608 epsilon: 0.100) ...
 No. Model         -LnL         df  AIC          AICc         BIC
  1  GTR+F         31688.757    13  63403.513    63403.540    63501.252
  2  GTR+F+I       31420.578    14  62869.155    62869.186    62974.413
  3  GTR+F+G4      31417.776    14  62863.552    62863.583    62968.810
  4  GTR+F+I+G4    31419.112    15  62868.224    62868.260    62981.001
  5  GTR+F+R2      31420.187    15  62870.375    62870.410    62983.151
  6  GTR+F+R3      31417.964    17  62869.928    62869.973    62997.741
 14  GTR+F+I+R2    31419.950    16  62871.901    62871.941    62992.195
 15  GTR+F+I+R3    31418.713    18  62873.427    62873.477    63008.758
 24  SYM+I         32099.265    11  64220.529    64220.549    64303.232
 25  SYM+G4        32101.441    11  64224.882    64224.901    64307.585
 46  TVM+F+I       31435.851    13  62897.703    62897.730    62995.442
 47  TVM+F+G4      31436.471    13  62898.942    62898.969    62996.682
 68  TVMe+I        32217.554    10  64455.108    64455.124    64530.292
 69  TVMe+G4       32219.667    10  64459.334    64459.350    64534.518
 90  TIM3+F+I      31453.135    12  62930.270    62930.293    63020.491
 91  TIM3+F+G4     31448.825    12  62921.651    62921.674    63011.872
112  TIM3e+I       32193.117    9   64404.234    64404.247    64471.899
113  TIM3e+G4      32194.123    9   64406.245    64406.259    64473.911
134  TIM2+F+I      31420.820    12  62865.640    62865.663    62955.861
135  TIM2+F+G4     31417.913    12  62859.825    62859.848    62950.046
156  TIM2e+I       32101.844    9   64221.689    64221.702    64289.355
157  TIM2e+G4      32104.309    9   64226.619    64226.632    64294.285
178  TIM+F+I       31452.583    12  62929.166    62929.189    63019.387
179  TIM+F+G4      31448.248    12  62920.496    62920.519    63010.717
200  TIMe+I        32191.146    9   64400.292    64400.305    64467.958
201  TIMe+G4       32192.671    9   64403.343    64403.356    64471.009
222  TPM3u+F+I     31464.453    11  62950.907    62950.926    63033.609
223  TPM3u+F+G4    31463.560    11  62949.120    62949.139    63031.823
244  TPM3+I        32311.284    8   64638.569    64638.579    64698.716
245  TPM3+G4       32313.712    8   64643.425    64643.435    64703.572
266  TPM2u+F+I     31435.707    11  62893.413    62893.433    62976.116
267  TPM2u+F+G4    31436.297    11  62894.594    62894.613    62977.297
288  TPM2+I        32220.419    8   64456.839    64456.849    64516.986
289  TPM2+G4       32222.665    8   64461.331    64461.341    64521.478
310  K3Pu+F+I      31463.952    11  62949.904    62949.924    63032.607
311  K3Pu+F+G4     31463.215    11  62948.430    62948.449    63031.132
332  K3P+I         32309.313    8   64634.626    64634.637    64694.773
333  K3P+G4        32312.164    8   64640.328    64640.339    64700.476
354  TN+F+I        31453.227    11  62928.455    62928.474    63011.157
355  TN+F+G4       31448.700    11  62919.400    62919.419    63002.102
376  TNe+I         32195.095    8   64406.190    64406.201    64466.337
377  TNe+G4        32196.255    8   64408.510    64408.521    64468.658
398  HKY+F+I       31464.506    10  62949.013    62949.029    63024.197
399  HKY+F+G4      31463.681    10  62947.362    62947.378    63022.546
420  K2P+I         32313.430    7   64640.861    64640.869    64693.489
421  K2P+G4        32315.891    7   64645.782    64645.791    64698.411
442  F81+F+I       33657.853    9   67333.705    67333.718    67401.371
443  F81+F+G4      33665.100    9   67348.200    67348.213    67415.865
464  JC+I          34351.177    6   68714.355    68714.361    68759.465
465  JC+G4         34357.506    6   68727.012    68727.018    68772.122
Akaike Information Criterion:           TIM2+F+G4
Corrected Akaike Information Criterion: TIM2+F+G4
Bayesian Information Criterion:         TIM2+F+G4
Best-fit model: TIM2+F+G4 chosen according to BIC

All model information printed to /home/jeremias//chrM/merge/iter04/window_1_01/window_1_01_window_1_02.fa.model.gz
CPU time for ModelFinder: 0.264 seconds (0h:0m:0s)
Wall-clock time for ModelFinder: 0.276 seconds (0h:0m:0s)

NOTE: 0 MB RAM (0 GB) is required!
Estimate model parameters (epsilon = 0.100)
1. Initial log-likelihood: -33666.915
2. Current log-likelihood: -31960.159
3. Current log-likelihood: -31474.912
4. Current log-likelihood: -31432.067
5. Current log-likelihood: -31423.645
6. Current log-likelihood: -31419.761
7. Current log-likelihood: -31418.571
8. Current log-likelihood: -31418.115
9. Current log-likelihood: -31417.905
Optimal log-likelihood: -31417.816
Rate parameters:  A-C: 4.94779  A-G: 66.05826  A-T: 4.94779  C-G: 1.00000  C-T: 100.00000  G-T: 1.00000
Warning! Some parameters hit the boundaries
Base frequencies:  A: 0.308  C: 0.307  G: 0.136  T: 0.250
Gamma shape alpha: 0.199
Parameters optimization took 9 rounds (0.012 sec)

WARNING: Estimated model parameters are at boundary that can cause numerical instability!

Wrote distance file to... 
Computing ML distances based on estimated model parameters...
Calculating distance matrix: done in 8.99732e-05 secs using 98.92% CPU
Computing ML distances took 0.000130 sec (of wall-clock time) 0.000134 sec (of CPU time)
Setting up auxiliary I and S matrices: done in 6.72638e-05 secs using 99.61% CPU
Computing RapidNJ tree took 0.000246 sec (of wall-clock time) 0.000205 sec (of CPU time)
Log-likelihood of RapidNJ tree: -31417.816
--------------------------------------------------------------------
|             INITIALIZING CANDIDATE TREE SET                      |
--------------------------------------------------------------------
Generating 99 parsimony trees... 0.030 second
Computing log-likelihood of 2 initial trees ... 0.000 seconds
Current best score: -31417.816

Do NNI search on 3 best initial trees
Finish initializing candidate tree set (3)
Current best tree score: -31417.816 / CPU time: 0.033
Number of iterations: 3
--------------------------------------------------------------------
|               OPTIMIZING CANDIDATE TREE SET                      |
--------------------------------------------------------------------
UPDATE BEST LOG-LIKELIHOOD: -31417.816
Iteration 10 / LogL: -31418.222 / Time: 0h:0m:0s
Iteration 20 / LogL: -31418.003 / Time: 0h:0m:0s
Iteration 30 / LogL: -31417.847 / Time: 0h:0m:0s (0h:0m:0s left)
Iteration 40 / LogL: -31417.816 / Time: 0h:0m:0s (0h:0m:0s left)
Iteration 50 / LogL: -31418.222 / Time: 0h:0m:0s (0h:0m:0s left)
Iteration 60 / LogL: -31434.271 / Time: 0h:0m:0s (0h:0m:0s left)
Iteration 70 / LogL: -31417.847 / Time: 0h:0m:0s (0h:0m:0s left)
Iteration 80 / LogL: -31438.319 / Time: 0h:0m:0s (0h:0m:0s left)
Iteration 90 / LogL: -31417.816 / Time: 0h:0m:0s (0h:0m:0s left)
Iteration 100 / LogL: -31417.847 / Time: 0h:0m:0s (0h:0m:0s left)
TREE SEARCH COMPLETED AFTER 101 ITERATIONS / Time: 0h:0m:0s

--------------------------------------------------------------------
|                    FINALIZING TREE SEARCH                        |
--------------------------------------------------------------------
Performs final model parameters optimization
Estimate model parameters (epsilon = 0.010)
1. Initial log-likelihood: -31417.816
2. Current log-likelihood: -31417.804
3. Current log-likelihood: -31417.792
Optimal log-likelihood: -31417.786
Rate parameters:  A-C: 4.88630  A-G: 65.71364  A-T: 4.88630  C-G: 1.00000  C-T: 100.00000  G-T: 1.00000
Warning! Some parameters hit the boundaries
Base frequencies:  A: 0.308  C: 0.307  G: 0.136  T: 0.250
Gamma shape alpha: 0.196
Parameters optimization took 3 rounds (0.002 sec)

WARNING: Estimated model parameters are at boundary that can cause numerical instability!

BEST SCORE FOUND : -31417.786
Total tree length: 0.466

Total number of iterations: 101
CPU time used for tree search: 0.077 sec (0h:0m:0s)
Wall-clock time used for tree search: 0.077 sec (0h:0m:0s)
Total CPU time used: 0.364 sec (0h:0m:0s)
Total wall-clock time used: 0.375 sec (0h:0m:0s)

Analysis results written to: 
  IQ-TREE report:                /home/jeremias//chrM/merge/iter04/window_1_01/window_1_01_window_1_02.fa.iqtree
  Maximum-likelihood tree:       /home/jeremias//chrM/merge/iter04/window_1_01/window_1_01_window_1_02.fa.treefile
  Likelihood distances:          /home/jeremias//chrM/merge/iter04/window_1_01/window_1_01_window_1_02.fa.mldist
  Screen log file:               /home/jeremias//chrM/merge/iter04/window_1_01/window_1_01_window_1_02.fa.log

Date and Time: Thu Jun 25 05:42:10 2026
