IQ-TREE multicore version 2.4.0 for Linux x86 64-bit built Feb  7 2025
Developed by Bui Quang Minh, Nguyen Lam Tung, Olga Chernomor, Heiko Schmidt,
Dominik Schrempf, Michael Woodhams, Ly Trong Nhan, Thomas Wong

Host:    rosa (AVX512, FMA3, 755 GB RAM)
Command: /home/jeremias/software/iqtree-2.4.0-Linux-intel/bin/iqtree2 -s /home/jeremias//chrM/split/iter02/window_1_02/window_1_02_075_1.fa -T 1 --quiet --redo -blmin 0.000107296137339056
Seed:    731582 (Using SPRNG - Scalable Parallel Random Number Generator)
Time:    Thu Jun 25 05:41:29 2026
Kernel:  AVX+FMA - 1 threads (128 CPU cores detected)

HINT: Use -nt option to specify number of threads because your CPU has 128 cores!
HINT: -nt AUTO will automatically determine the best number of threads to use.

Reading alignment file /home/jeremias//chrM/split/iter02/window_1_02/window_1_02_075_1.fa ... Fasta format detected
Reading fasta file: done in 0.000505269 secs using 99.55% CPU
Alignment most likely contains DNA/RNA sequences
Alignment has 4 sequences with 9320 columns, 121 distinct patterns
444 parsimony-informative, 1702 singleton sites, 7174 constant sites
         Gap/Ambiguity  Composition  p-value
Analyzing sequences: done in 1.60486e-05 secs
   1  hg38       0.00%    passed     99.23%
   2  gorGor3    0.00%    passed     16.44%
   3  panTro4    0.01%    passed     41.76%
   4  ponAbe2    0.06%    failed      0.09%
****  TOTAL      0.02%  1 sequences failed composition chi2 test (p-value<5%; df=3)


Create initial parsimony tree by phylogenetic likelihood library (PLL)... 0.000 seconds
Perform fast likelihood tree search using GTR+I+G model...
Estimate model parameters (epsilon = 5.000)

WARNING: Estimated model parameters are at boundary that can cause numerical instability!

Perform nearest neighbor interchange...
Estimate model parameters (epsilon = 1.000)
1. Initial log-likelihood: -22477.930
Optimal log-likelihood: -22476.600
Rate parameters:  A-C: 5.61260  A-G: 81.92395  A-T: 4.78643  C-G: 1.38231  C-T: 100.00000  G-T: 1.00000
Warning! Some parameters hit the boundaries
Base frequencies:  A: 0.300  C: 0.316  G: 0.125  T: 0.260
Proportion of invariable sites: 0.369
Gamma shape alpha: 0.579
Parameters optimization took 1 rounds (0.002 sec)

WARNING: Estimated model parameters are at boundary that can cause numerical instability!

Time for fast ML tree search: 0.011 seconds

NOTE: ModelFinder requires 0 MB RAM!
ModelFinder will test up to 484 DNA models (sample size: 9320 epsilon: 0.100) ...
 No. Model         -LnL         df  AIC          AICc         BIC
  1  GTR+F         22690.660    13  45407.320    45407.359    45500.139
  2  GTR+F+I       22474.148    14  44976.297    44976.342    45076.256
  3  GTR+F+G4      22471.995    14  44971.989    44972.034    45071.948
  4  GTR+F+I+G4    22474.689    15  44979.377    44979.429    45086.476
  5  GTR+F+R2      22473.804    15  44977.608    44977.660    45084.707
  6  GTR+F+R3      22472.337    17  44978.675    44978.740    45100.053
 14  GTR+F+I+R2    22473.681    16  44979.363    44979.421    45093.602
 15  GTR+F+I+R3    22473.109    18  44982.217    44982.291    45110.736
 24  SYM+I         23032.321    11  46086.643    46086.671    46165.182
 25  SYM+G4        23034.712    11  46091.425    46091.453    46169.964
 46  TVM+F+I       22475.867    13  44977.734    44977.773    45070.553
 47  TVM+F+G4      22475.373    13  44976.746    44976.786    45069.565
 68  TVMe+I        23109.675    10  46239.349    46239.373    46310.748
 69  TVMe+G4       23111.758    10  46243.516    46243.540    46314.915
 90  TIM3+F+I      22491.576    12  45007.152    45007.186    45092.831
 91  TIM3+F+G4     22488.243    12  45000.487    45000.520    45086.166
112  TIM3e+I       23101.472    9   46220.944    46220.963    46285.203
113  TIM3e+G4      23102.801    9   46223.603    46223.622    46287.862
134  TIM2+F+I      22474.585    12  44973.170    44973.203    45058.849
135  TIM2+F+G4     22472.418    12  44968.837    44968.870    45054.516
156  TIM2e+I       23034.692    9   46087.384    46087.403    46151.643
157  TIM2e+G4      23037.294    9   46092.587    46092.606    46156.846
178  TIM+F+I       22491.385    12  45006.771    45006.804    45092.450
179  TIM+F+G4      22488.025    12  45000.049    45000.083    45085.728
200  TIMe+I        23099.784    9   46217.569    46217.588    46281.828
201  TIMe+G4       23101.717    9   46221.435    46221.454    46285.694
222  TPM3u+F+I     22491.985    11  45005.969    45005.998    45084.508
223  TPM3u+F+G4    22490.042    11  45002.084    45002.112    45080.623
244  TPM3+I        23178.336    8   46372.672    46372.687    46429.791
245  TPM3+G4       23180.678    8   46377.355    46377.371    46434.475
266  TPM2u+F+I     22475.983    11  44973.966    44973.994    45052.505
267  TPM2u+F+G4    22475.027    11  44972.055    44972.083    45050.594
288  TPM2+I        23112.363    8   46240.726    46240.741    46297.845
289  TPM2+G4       23114.518    8   46245.035    46245.051    46302.154
310  K3Pu+F+I      22491.765    11  45005.531    45005.559    45084.070
311  K3Pu+F+G4     22489.983    11  45001.967    45001.995    45080.506
332  K3P+I         23176.728    8   46369.455    46369.471    46426.575
333  K3P+G4        23179.523    8   46375.046    46375.062    46432.166
354  TN+F+I        22491.809    11  45005.619    45005.647    45084.158
355  TN+F+G4       22488.217    11  44998.434    44998.463    45076.973
376  TNe+I         23103.361    8   46222.722    46222.737    46279.841
377  TNe+G4        23104.975    8   46225.950    46225.966    46283.069
398  HKY+F+I       22492.116    10  45004.232    45004.255    45075.631
399  HKY+F+G4      22490.150    10  45000.300    45000.324    45071.699
420  K2P+I         23180.422    7   46374.844    46374.856    46424.823
421  K2P+G4        23182.812    7   46379.624    46379.636    46429.603
442  F81+F+I       24201.773    9   48421.547    48421.566    48485.806
443  F81+F+G4      24207.822    9   48433.644    48433.663    48497.903
464  JC+I          24780.639    6   49573.278    49573.287    49616.117
465  JC+G4         24785.906    6   49583.811    49583.820    49626.651
Akaike Information Criterion:           TIM2+F+G4
Corrected Akaike Information Criterion: TIM2+F+G4
Bayesian Information Criterion:         TPM2u+F+G4
Best-fit model: TPM2u+F+G4 chosen according to BIC

All model information printed to /home/jeremias//chrM/split/iter02/window_1_02/window_1_02_075_1.fa.model.gz
CPU time for ModelFinder: 0.254 seconds (0h:0m:0s)
Wall-clock time for ModelFinder: 0.280 seconds (0h:0m:0s)

NOTE: 0 MB RAM (0 GB) is required!
Estimate model parameters (epsilon = 0.100)
1. Initial log-likelihood: -24209.515
2. Current log-likelihood: -22892.800
3. Current log-likelihood: -22527.409
4. Current log-likelihood: -22490.452
5. Current log-likelihood: -22482.079
6. Current log-likelihood: -22478.118
7. Current log-likelihood: -22476.515
8. Current log-likelihood: -22475.829
9. Current log-likelihood: -22475.466
10. Current log-likelihood: -22475.271
Optimal log-likelihood: -22475.148
Rate parameters:  A-C: 4.68859  A-G: 93.21971  A-T: 4.68859  C-G: 1.00000  C-T: 93.21971  G-T: 1.00000
Base frequencies:  A: 0.300  C: 0.316  G: 0.125  T: 0.260
Gamma shape alpha: 0.187
Parameters optimization took 10 rounds (0.009 sec)
Wrote distance file to... 
Computing ML distances based on estimated model parameters...
Calculating distance matrix: done in 6.94394e-05 secs using 90.73% CPU
Computing ML distances took 0.000132 sec (of wall-clock time) 0.000111 sec (of CPU time)
Setting up auxiliary I and S matrices: done in 8.04812e-05 secs using 90.7% CPU
Computing RapidNJ tree took 0.000249 sec (of wall-clock time) 0.000224 sec (of CPU time)
Log-likelihood of RapidNJ tree: -22475.147
--------------------------------------------------------------------
|             INITIALIZING CANDIDATE TREE SET                      |
--------------------------------------------------------------------
Generating 99 parsimony trees... 0.023 second
Computing log-likelihood of 2 initial trees ... 0.000 seconds
Current best score: -22475.147

Do NNI search on 3 best initial trees
Finish initializing candidate tree set (3)
Current best tree score: -22475.147 / CPU time: 0.025
Number of iterations: 3
--------------------------------------------------------------------
|               OPTIMIZING CANDIDATE TREE SET                      |
--------------------------------------------------------------------
Iteration 10 / LogL: -22475.566 / Time: 0h:0m:0s
Iteration 20 / LogL: -22475.661 / Time: 0h:0m:0s
Iteration 30 / LogL: -22475.181 / Time: 0h:0m:0s (0h:0m:0s left)
Iteration 40 / LogL: -22475.171 / Time: 0h:0m:0s (0h:0m:0s left)
Iteration 50 / LogL: -22475.181 / Time: 0h:0m:0s (0h:0m:0s left)
Iteration 60 / LogL: -22492.721 / Time: 0h:0m:0s (0h:0m:0s left)
Iteration 70 / LogL: -22475.147 / Time: 0h:0m:0s (0h:0m:0s left)
Iteration 80 / LogL: -22492.721 / Time: 0h:0m:0s (0h:0m:0s left)
Iteration 90 / LogL: -22475.661 / Time: 0h:0m:0s (0h:0m:0s left)
Iteration 100 / LogL: -22475.661 / Time: 0h:0m:0s (0h:0m:0s left)
TREE SEARCH COMPLETED AFTER 101 ITERATIONS / Time: 0h:0m:0s

--------------------------------------------------------------------
|                    FINALIZING TREE SEARCH                        |
--------------------------------------------------------------------
Performs final model parameters optimization
Estimate model parameters (epsilon = 0.010)
1. Initial log-likelihood: -22475.147
2. Current log-likelihood: -22475.121
3. Current log-likelihood: -22475.091
4. Current log-likelihood: -22475.076
Optimal log-likelihood: -22475.064
Rate parameters:  A-C: 4.56281  A-G: 93.23245  A-T: 4.56281  C-G: 1.00000  C-T: 93.23245  G-T: 1.00000
Base frequencies:  A: 0.300  C: 0.316  G: 0.125  T: 0.260
Gamma shape alpha: 0.182
Parameters optimization took 4 rounds (0.001 sec)
BEST SCORE FOUND : -22475.064
Total tree length: 0.573

Total number of iterations: 101
CPU time used for tree search: 0.064 sec (0h:0m:0s)
Wall-clock time used for tree search: 0.070 sec (0h:0m:0s)
Total CPU time used: 0.339 sec (0h:0m:0s)
Total wall-clock time used: 0.371 sec (0h:0m:0s)

Analysis results written to: 
  IQ-TREE report:                /home/jeremias//chrM/split/iter02/window_1_02/window_1_02_075_1.fa.iqtree
  Maximum-likelihood tree:       /home/jeremias//chrM/split/iter02/window_1_02/window_1_02_075_1.fa.treefile
  Likelihood distances:          /home/jeremias//chrM/split/iter02/window_1_02/window_1_02_075_1.fa.mldist
  Screen log file:               /home/jeremias//chrM/split/iter02/window_1_02/window_1_02_075_1.fa.log

Date and Time: Thu Jun 25 05:41:30 2026
