IQ-TREE multicore version 2.4.0 for Linux x86 64-bit built Feb  7 2025
Developed by Bui Quang Minh, Nguyen Lam Tung, Olga Chernomor, Heiko Schmidt,
Dominik Schrempf, Michael Woodhams, Ly Trong Nhan, Thomas Wong

Host:    rosa (AVX512, FMA3, 755 GB RAM)
Command: /home/jeremias/software/iqtree-2.4.0-Linux-intel/bin/iqtree2 -s /home/jeremias//chrM/split/iter02/window_1_02/window_1_02_075_2.fa -T 1 --quiet --redo -blmin 0.000321957501609788
Seed:    116723 (Using SPRNG - Scalable Parallel Random Number Generator)
Time:    Thu Jun 25 05:41:30 2026
Kernel:  AVX+FMA - 1 threads (128 CPU cores detected)

HINT: Use -nt option to specify number of threads because your CPU has 128 cores!
HINT: -nt AUTO will automatically determine the best number of threads to use.

Reading alignment file /home/jeremias//chrM/split/iter02/window_1_02/window_1_02_075_2.fa ... Fasta format detected
Reading fasta file: done in 0.00019592 secs using 99.02% CPU
Alignment most likely contains DNA/RNA sequences
Alignment has 4 sequences with 3106 columns, 133 distinct patterns
148 parsimony-informative, 620 singleton sites, 2338 constant sites
         Gap/Ambiguity  Composition  p-value
Analyzing sequences: done in 6.27339e-06 secs
   1  hg38       0.00%    passed     99.46%
   2  gorGor3    2.41%    passed     99.80%
   3  panTro4    0.16%    passed     86.32%
   4  ponAbe2    9.21%    passed     70.84%
****  TOTAL      2.95%  0 sequences failed composition chi2 test (p-value<5%; df=3)


Create initial parsimony tree by phylogenetic likelihood library (PLL)... 0.000 seconds
Perform fast likelihood tree search using GTR+I+G model...
Estimate model parameters (epsilon = 5.000)

WARNING: Estimated model parameters are at boundary that can cause numerical instability!

Perform nearest neighbor interchange...
Estimate model parameters (epsilon = 1.000)
1. Initial log-likelihood: -7668.447
2. Current log-likelihood: -7667.357
Optimal log-likelihood: -7666.088
Rate parameters:  A-C: 7.00742  A-G: 78.76644  A-T: 7.03281  C-G: 0.93125  C-T: 100.00000  G-T: 1.00000
Warning! Some parameters hit the boundaries
Base frequencies:  A: 0.315  C: 0.342  G: 0.108  T: 0.235
Proportion of invariable sites: 0.359
Gamma shape alpha: 0.616
Parameters optimization took 2 rounds (0.004 sec)

WARNING: Estimated model parameters are at boundary that can cause numerical instability!

Time for fast ML tree search: 0.011 seconds

NOTE: ModelFinder requires 0 MB RAM!
ModelFinder will test up to 484 DNA models (sample size: 3106 epsilon: 0.100) ...
 No. Model         -LnL         df  AIC          AICc         BIC
  1  GTR+F         7748.619     13  15523.238    15523.356    15601.772
  2  GTR+F+I       7664.436     14  15356.873    15357.009    15441.448
  3  GTR+F+G4      7664.003     14  15356.006    15356.141    15440.581
  4  GTR+F+I+G4    7664.843     15  15359.686    15359.842    15450.303
  5  GTR+F+R2      7664.328     15  15358.657    15358.812    15449.273
  6  GTR+F+R3      7664.314     17  15362.628    15362.827    15465.327
 14  GTR+F+I+R2    7664.202     16  15360.404    15360.580    15457.061
 15  GTR+F+I+R3    7663.888     18  15363.777    15363.998    15472.516
 24  SYM+I         7949.898     11  15921.795    15921.881    15988.247
 25  SYM+G4        7950.063     11  15922.127    15922.212    15988.579
 26  SYM+I+G4      7949.999     12  15923.997    15924.098    15996.490
 27  SYM+R2        7950.007     12  15924.013    15924.114    15996.506
 46  TVM+F+I       7666.122     13  15358.243    15358.361    15436.777
 47  TVM+F+G4      7666.093     13  15358.185    15358.303    15436.719
 48  TVM+F+I+G4    7667.166     14  15362.333    15362.469    15446.908
 49  TVM+F+R2      7666.087     14  15360.175    15360.311    15444.750
 68  TVMe+I        7982.470     10  15984.940    15985.011    16045.351
 69  TVMe+G4       7982.311     10  15984.622    15984.693    16045.033
 70  TVMe+I+G4     7982.327     11  15986.654    15986.739    16053.106
 71  TVMe+R2       7982.477     11  15986.955    15987.040    16053.407
 90  TIM3+F+I      7673.527     12  15371.053    15371.154    15443.546
 91  TIM3+F+G4     7673.011     12  15370.021    15370.122    15442.514
 92  TIM3+F+I+G4   7674.215     13  15374.430    15374.547    15452.964
 93  TIM3+F+R2     7673.241     13  15372.482    15372.599    15451.016
112  TIM3e+I       7988.369     9   15994.738    15994.797    16049.108
113  TIM3e+G4      7988.959     9   15995.919    15995.977    16050.288
114  TIM3e+I+G4    7989.090     10  15998.179    15998.250    16058.590
115  TIM3e+R2      7988.446     10  15996.892    15996.963    16057.303
134  TIM2+F+I      7664.488     12  15352.976    15353.077    15425.469
135  TIM2+F+G4     7664.371     12  15352.742    15352.843    15425.235
136  TIM2+F+I+G4   7665.044     13  15356.088    15356.206    15434.622
137  TIM2+F+R2     7664.180     13  15354.361    15354.479    15432.895
156  TIM2e+I       7950.649     9   15919.298    15919.356    15973.667
157  TIM2e+G4      7951.375     9   15920.750    15920.808    15975.120
158  TIM2e+I+G4    7951.362     10  15922.724    15922.795    15983.135
159  TIM2e+R2      7950.806     10  15921.611    15921.682    15982.022
178  TIM+F+I       7673.067     12  15370.134    15370.234    15442.627
179  TIM+F+G4      7672.209     12  15368.419    15368.519    15440.912
180  TIM+F+I+G4    7673.329     13  15372.658    15372.776    15451.192
181  TIM+F+R2      7672.640     13  15371.280    15371.397    15449.814
200  TIMe+I        7985.331     9   15988.662    15988.720    16043.032
201  TIMe+G4       7985.672     9   15989.344    15989.402    16043.714
202  TIMe+I+G4     7985.777     10  15991.555    15991.626    16051.966
203  TIMe+R2       7985.375     10  15990.749    15990.820    16051.160
222  TPM3u+F+I     7674.653     11  15371.306    15371.391    15437.758
223  TPM3u+F+G4    7674.376     11  15370.753    15370.838    15437.205
224  TPM3u+F+I+G4  7675.958     12  15375.917    15376.018    15448.410
225  TPM3u+F+R2    7674.330     12  15372.660    15372.761    15445.153
244  TPM3+I        8021.263     8   16058.525    16058.572    16106.854
245  TPM3+G4       8021.933     8   16059.865    16059.912    16108.194
246  TPM3+I+G4     8022.118     9   16062.236    16062.294    16116.606
247  TPM3+R2       8021.510     9   16061.020    16061.078    16115.390
266  TPM2u+F+I     7666.275     11  15354.549    15354.634    15421.001
267  TPM2u+F+G4    7666.088     11  15354.175    15354.260    15420.627
268  TPM2u+F+I+G4  7667.245     12  15358.489    15358.590    15430.983
269  TPM2u+F+R2    7665.897     12  15355.793    15355.894    15428.286
288  TPM2+I        7983.121     8   15982.241    15982.288    16030.570
289  TPM2+G4       7983.487     8   15982.974    15983.020    16031.302
290  TPM2+I+G4     7983.547     9   15985.093    15985.152    16039.463
291  TPM2+R2       7983.246     9   15984.491    15984.549    16038.861
310  K3Pu+F+I      7674.294     11  15370.588    15370.673    15437.040
311  K3Pu+F+G4     7673.830     11  15369.661    15369.746    15436.113
312  K3Pu+F+I+G4   7675.370     12  15374.740    15374.841    15447.233
313  K3Pu+F+R2     7673.920     12  15371.839    15371.940    15444.333
332  K3P+I         8018.213     8   16052.425    16052.472    16100.754
333  K3P+G4        8018.597     8   16053.194    16053.241    16101.523
334  K3P+I+G4      8018.774     9   16055.548    16055.606    16109.918
335  K3P+R2        8018.353     9   16054.706    16054.764    16109.076
354  TN+F+I        7673.548     11  15369.095    15369.180    15435.547
355  TN+F+G4       7672.911     11  15367.821    15367.907    15434.273
356  TN+F+I+G4     7674.154     12  15372.307    15372.408    15444.800
357  TN+F+R2       7673.021     12  15370.041    15370.142    15442.534
376  TNe+I         7988.667     8   15993.334    15993.381    16041.663
377  TNe+G4        7989.486     8   15994.972    15995.018    16043.300
378  TNe+I+G4      7989.646     9   15997.292    15997.350    16051.662
379  TNe+R2        7988.901     9   15995.802    15995.860    16050.172
398  HKY+F+I       7674.689     10  15369.379    15369.450    15429.790
399  HKY+F+G4      7674.376     10  15368.752    15368.823    15429.163
400  HKY+F+I+G4    7675.962     11  15373.924    15374.010    15440.376
401  HKY+F+R2      7674.340     11  15370.679    15370.765    15437.131
420  K2P+I         8021.544     7   16057.088    16057.124    16099.376
421  K2P+G4        8022.354     7   16058.708    16058.744    16100.996
422  K2P+I+G4      8022.564     8   16061.127    16061.174    16109.456
423  K2P+R2        8021.832     8   16059.663    16059.710    16107.992
442  F81+F+I       8201.792     9   16421.583    16421.642    16475.953
443  F81+F+G4      8204.495     9   16426.991    16427.049    16481.360
444  F81+F+I+G4    8203.626     10  16427.251    16427.322    16487.662
445  F81+F+R2      8202.916     10  16425.831    16425.902    16486.242
464  JC+I          8487.379     6   16986.758    16986.785    17023.005
465  JC+G4         8489.672     6   16991.344    16991.371    17027.590
466  JC+I+G4       8488.498     7   16990.996    16991.032    17033.283
467  JC+R2         8488.399     7   16990.798    16990.834    17033.086
Akaike Information Criterion:           TIM2+F+G4
Corrected Akaike Information Criterion: TIM2+F+G4
Bayesian Information Criterion:         TPM2u+F+G4
Best-fit model: TPM2u+F+G4 chosen according to BIC

All model information printed to /home/jeremias//chrM/split/iter02/window_1_02/window_1_02_075_2.fa.model.gz
CPU time for ModelFinder: 0.467 seconds (0h:0m:0s)
Wall-clock time for ModelFinder: 0.496 seconds (0h:0m:0s)

NOTE: 0 MB RAM (0 GB) is required!
Estimate model parameters (epsilon = 0.100)
1. Initial log-likelihood: -8205.221
2. Current log-likelihood: -7730.520
3. Current log-likelihood: -7680.231
4. Current log-likelihood: -7670.968
5. Current log-likelihood: -7668.145
6. Current log-likelihood: -7667.043
7. Current log-likelihood: -7666.570
8. Current log-likelihood: -7666.345
9. Current log-likelihood: -7666.244
Optimal log-likelihood: -7666.164
Rate parameters:  A-C: 6.00831  A-G: 87.92938  A-T: 6.00831  C-G: 1.00000  C-T: 87.92938  G-T: 1.00000
Base frequencies:  A: 0.315  C: 0.342  G: 0.108  T: 0.235
Gamma shape alpha: 0.210
Parameters optimization took 9 rounds (0.009 sec)
Wrote distance file to... 
Computing ML distances based on estimated model parameters...
Calculating distance matrix: done in 7.57128e-05 secs using 93.78% CPU
Computing ML distances took 0.000130 sec (of wall-clock time) 0.000128 sec (of CPU time)
Setting up auxiliary I and S matrices: done in 6.07669e-05 secs
Computing RapidNJ tree took 0.000192 sec (of wall-clock time) 0.000000 sec (of CPU time)
Log-likelihood of RapidNJ tree: -7666.165
--------------------------------------------------------------------
|             INITIALIZING CANDIDATE TREE SET                      |
--------------------------------------------------------------------
Generating 99 parsimony trees... 0.014 second
Computing log-likelihood of 2 initial trees ... 0.000 seconds
Current best score: -7666.164

Do NNI search on 3 best initial trees
Finish initializing candidate tree set (3)
Current best tree score: -7666.164 / CPU time: 0.016
Number of iterations: 3
--------------------------------------------------------------------
|               OPTIMIZING CANDIDATE TREE SET                      |
--------------------------------------------------------------------
UPDATE BEST LOG-LIKELIHOOD: -7666.164
Iteration 10 / LogL: -7666.184 / Time: 0h:0m:0s
Iteration 20 / LogL: -7666.433 / Time: 0h:0m:0s
Iteration 30 / LogL: -7673.811 / Time: 0h:0m:0s (0h:0m:0s left)
Iteration 40 / LogL: -7666.184 / Time: 0h:0m:0s (0h:0m:0s left)
Iteration 50 / LogL: -7666.254 / Time: 0h:0m:0s (0h:0m:0s left)
Iteration 60 / LogL: -7666.164 / Time: 0h:0m:0s (0h:0m:0s left)
Iteration 70 / LogL: -7666.164 / Time: 0h:0m:0s (0h:0m:0s left)
Iteration 80 / LogL: -7666.406 / Time: 0h:0m:0s (0h:0m:0s left)
Iteration 90 / LogL: -7673.811 / Time: 0h:0m:0s (0h:0m:0s left)
Iteration 100 / LogL: -7666.433 / Time: 0h:0m:0s (0h:0m:0s left)
TREE SEARCH COMPLETED AFTER 101 ITERATIONS / Time: 0h:0m:0s

--------------------------------------------------------------------
|                    FINALIZING TREE SEARCH                        |
--------------------------------------------------------------------
Performs final model parameters optimization
Estimate model parameters (epsilon = 0.010)
1. Initial log-likelihood: -7666.164
2. Current log-likelihood: -7666.148
3. Current log-likelihood: -7666.128
4. Current log-likelihood: -7666.117
Optimal log-likelihood: -7666.110
Rate parameters:  A-C: 5.81691  A-G: 87.95243  A-T: 5.81691  C-G: 1.00000  C-T: 87.95243  G-T: 1.00000
Base frequencies:  A: 0.315  C: 0.342  G: 0.108  T: 0.235
Gamma shape alpha: 0.204
Parameters optimization took 4 rounds (0.002 sec)
BEST SCORE FOUND : -7666.110
Total tree length: 0.658

Total number of iterations: 101
CPU time used for tree search: 0.065 sec (0h:0m:0s)
Wall-clock time used for tree search: 0.065 sec (0h:0m:0s)
Total CPU time used: 0.552 sec (0h:0m:0s)
Total wall-clock time used: 0.583 sec (0h:0m:0s)

Analysis results written to: 
  IQ-TREE report:                /home/jeremias//chrM/split/iter02/window_1_02/window_1_02_075_2.fa.iqtree
  Maximum-likelihood tree:       /home/jeremias//chrM/split/iter02/window_1_02/window_1_02_075_2.fa.treefile
  Likelihood distances:          /home/jeremias//chrM/split/iter02/window_1_02/window_1_02_075_2.fa.mldist
  Screen log file:               /home/jeremias//chrM/split/iter02/window_1_02/window_1_02_075_2.fa.log

Date and Time: Thu Jun 25 05:41:30 2026
