IQ-TREE multicore version 2.4.0 for Linux x86 64-bit built Feb  7 2025
Developed by Bui Quang Minh, Nguyen Lam Tung, Olga Chernomor, Heiko Schmidt,
Dominik Schrempf, Michael Woodhams, Ly Trong Nhan, Thomas Wong

Host:    rosa (AVX512, FMA3, 755 GB RAM)
Command: /home/jeremias/software/iqtree-2.4.0-Linux-intel/bin/iqtree2 -s /home/jeremias//chrM/merge/iter01/window_1_04/window_1_04_window_1_05.fa -T 1 --quiet --redo -blmin 0.00010564124234101
Seed:    258723 (Using SPRNG - Scalable Parallel Random Number Generator)
Time:    Thu Jun 25 05:42:07 2026
Kernel:  AVX+FMA - 1 threads (128 CPU cores detected)

HINT: Use -nt option to specify number of threads because your CPU has 128 cores!
HINT: -nt AUTO will automatically determine the best number of threads to use.

Reading alignment file /home/jeremias//chrM/merge/iter01/window_1_04/window_1_04_window_1_05.fa ... Fasta format detected
Reading fasta file: done in 0.000556961 secs
Alignment most likely contains DNA/RNA sequences
Alignment has 4 sequences with 9466 columns, 123 distinct patterns
449 parsimony-informative, 1730 singleton sites, 7287 constant sites
         Gap/Ambiguity  Composition  p-value
Analyzing sequences: done in 2.262e-05 secs
   1  hg38       0.00%    passed     98.70%
   2  gorGor3    0.00%    passed     16.18%
   3  panTro4    0.01%    passed     42.65%
   4  ponAbe2    0.06%    failed      0.07%
****  TOTAL      0.02%  1 sequences failed composition chi2 test (p-value<5%; df=3)


Create initial parsimony tree by phylogenetic likelihood library (PLL)... 0.000 seconds
Perform fast likelihood tree search using GTR+I+G model...
Estimate model parameters (epsilon = 5.000)

WARNING: Estimated model parameters are at boundary that can cause numerical instability!

Perform nearest neighbor interchange...
Estimate model parameters (epsilon = 1.000)
1. Initial log-likelihood: -22835.735
Optimal log-likelihood: -22834.464
Rate parameters:  A-C: 5.59622  A-G: 81.64201  A-T: 5.03477  C-G: 1.53395  C-T: 100.00000  G-T: 1.00000
Warning! Some parameters hit the boundaries
Base frequencies:  A: 0.299  C: 0.316  G: 0.125  T: 0.259
Proportion of invariable sites: 0.369
Gamma shape alpha: 0.591
Parameters optimization took 1 rounds (0.002 sec)

WARNING: Estimated model parameters are at boundary that can cause numerical instability!

Time for fast ML tree search: 0.011 seconds

NOTE: ModelFinder requires 0 MB RAM!
ModelFinder will test up to 484 DNA models (sample size: 9466 epsilon: 0.100) ...
 No. Model         -LnL         df  AIC          AICc         BIC
  1  GTR+F         23048.368    13  46122.736    46122.774    46215.757
  2  GTR+F+I       22831.532    14  45691.064    45691.109    45791.241
  3  GTR+F+G4      22829.783    14  45687.565    45687.609    45787.741
  4  GTR+F+I+G4    22832.695    15  45695.390    45695.441    45802.722
  5  GTR+F+R2      22831.235    15  45692.470    45692.521    45799.802
  6  GTR+F+R3      22830.227    17  45694.454    45694.519    45816.097
 14  GTR+F+I+R2    22831.120    16  45694.241    45694.298    45808.728
 15  GTR+F+I+R3    22830.775    18  45697.551    45697.623    45826.349
 24  SYM+I         23398.793    11  46819.586    46819.614    46898.297
 25  SYM+G4        23401.474    11  46824.947    46824.975    46903.657
 46  TVM+F+I       22833.519    13  45693.038    45693.076    45786.059
 47  TVM+F+G4      22833.659    13  45693.318    45693.356    45786.339
 68  TVMe+I        23477.775    10  46975.549    46975.572    47047.104
 69  TVMe+G4       23480.022    10  46980.044    46980.068    47051.599
 90  TIM3+F+I      22849.197    12  45722.393    45722.426    45808.259
 91  TIM3+F+G4     22846.080    12  45716.160    45716.193    45802.026
112  TIM3e+I       23468.710    9   46955.419    46955.439    47019.819
113  TIM3e+G4      23470.381    9   46958.762    46958.781    47023.161
134  TIM2+F+I      22832.020    12  45688.040    45688.073    45773.905
135  TIM2+F+G4     22829.931    12  45683.863    45683.896    45769.728
156  TIM2e+I       23400.779    9   46819.558    46819.577    46883.957
157  TIM2e+G4      23403.592    9   46825.184    46825.203    46889.584
178  TIM+F+I       22848.849    12  45721.697    45721.730    45807.563
179  TIM+F+G4      22846.025    12  45716.051    45716.084    45801.916
200  TIMe+I        23467.114    9   46952.229    46952.248    47016.628
201  TIMe+G4       23469.493    9   46956.985    46957.005    47021.385
222  TPM3u+F+I     22849.598    11  45721.196    45721.224    45799.906
223  TPM3u+F+G4    22848.384    11  45718.767    45718.795    45797.478
244  TPM3+I        23547.137    8   47110.275    47110.290    47167.519
245  TPM3+G4       23549.769    8   47115.539    47115.554    47172.783
266  TPM2u+F+I     22833.740    11  45689.481    45689.509    45768.191
267  TPM2u+F+G4    22833.317    11  45688.633    45688.661    45767.343
288  TPM2+I        23480.051    8   46976.102    46976.117    47033.346
289  TPM2+G4       23482.310    8   46980.620    46980.635    47037.864
310  K3Pu+F+I      22849.465    11  45720.929    45720.957    45799.639
311  K3Pu+F+G4     22848.269    11  45718.538    45718.566    45797.248
332  K3P+I         23545.653    8   47107.306    47107.321    47164.549
333  K3P+G4        23548.724    8   47113.449    47113.464    47170.692
354  TN+F+I        22849.117    11  45720.234    45720.262    45798.944
355  TN+F+G4       22846.118    11  45714.237    45714.264    45792.947
376  TNe+I         23470.318    8   46956.635    46956.651    47013.879
377  TNe+G4        23472.244    8   46960.489    46960.504    47017.732
398  HKY+F+I       22849.674    10  45719.347    45719.370    45790.902
399  HKY+F+G4      22848.283    10  45716.566    45716.589    45788.121
420  K2P+I         23548.951    7   47111.903    47111.915    47161.991
421  K2P+G4        23551.637    7   47117.275    47117.287    47167.363
442  F81+F+I       24569.586    9   49157.172    49157.191    49221.571
443  F81+F+G4      24575.682    9   49169.364    49169.383    49233.763
464  JC+I          25158.801    6   50329.602    50329.611    50372.535
465  JC+G4         25164.088    6   50340.177    50340.186    50383.110
Akaike Information Criterion:           TIM2+F+G4
Corrected Akaike Information Criterion: TIM2+F+G4
Bayesian Information Criterion:         TPM2u+F+G4
Best-fit model: TPM2u+F+G4 chosen according to BIC

All model information printed to /home/jeremias//chrM/merge/iter01/window_1_04/window_1_04_window_1_05.fa.model.gz
CPU time for ModelFinder: 0.283 seconds (0h:0m:0s)
Wall-clock time for ModelFinder: 0.308 seconds (0h:0m:0s)

NOTE: 0 MB RAM (0 GB) is required!
Estimate model parameters (epsilon = 0.100)
1. Initial log-likelihood: -24577.412
2. Current log-likelihood: -23237.541
3. Current log-likelihood: -22884.281
4. Current log-likelihood: -22847.853
5. Current log-likelihood: -22839.633
6. Current log-likelihood: -22836.605
7. Current log-likelihood: -22834.720
8. Current log-likelihood: -22833.994
9. Current log-likelihood: -22833.653
10. Current log-likelihood: -22833.502
Optimal log-likelihood: -22833.389
Rate parameters:  A-C: 4.42660  A-G: 85.82575  A-T: 4.42660  C-G: 1.00000  C-T: 85.82575  G-T: 1.00000
Base frequencies:  A: 0.299  C: 0.316  G: 0.125  T: 0.259
Gamma shape alpha: 0.191
Parameters optimization took 10 rounds (0.010 sec)
Wrote distance file to... 
Computing ML distances based on estimated model parameters...
Calculating distance matrix: done in 8.66503e-05 secs using 92.33% CPU
Computing ML distances took 0.000134 sec (of wall-clock time) 0.000128 sec (of CPU time)
Setting up auxiliary I and S matrices: done in 6.52969e-05 secs using 99.55% CPU
Computing RapidNJ tree took 0.000216 sec (of wall-clock time) 0.000215 sec (of CPU time)
Log-likelihood of RapidNJ tree: -22833.388
--------------------------------------------------------------------
|             INITIALIZING CANDIDATE TREE SET                      |
--------------------------------------------------------------------
Generating 99 parsimony trees... 0.026 second
Computing log-likelihood of 2 initial trees ... 0.000 seconds
Current best score: -22833.388

Do NNI search on 3 best initial trees
Finish initializing candidate tree set (3)
Current best tree score: -22833.388 / CPU time: 0.028
Number of iterations: 3
--------------------------------------------------------------------
|               OPTIMIZING CANDIDATE TREE SET                      |
--------------------------------------------------------------------
Iteration 10 / LogL: -22833.410 / Time: 0h:0m:0s
Iteration 20 / LogL: -22851.503 / Time: 0h:0m:0s
Iteration 30 / LogL: -22833.410 / Time: 0h:0m:0s (0h:0m:0s left)
Iteration 40 / LogL: -22833.422 / Time: 0h:0m:0s (0h:0m:0s left)
Iteration 50 / LogL: -22833.422 / Time: 0h:0m:0s (0h:0m:0s left)
Iteration 60 / LogL: -22833.876 / Time: 0h:0m:0s (0h:0m:0s left)
Iteration 70 / LogL: -22833.410 / Time: 0h:0m:0s (0h:0m:0s left)
Iteration 80 / LogL: -22833.876 / Time: 0h:0m:0s (0h:0m:0s left)
Iteration 90 / LogL: -22833.422 / Time: 0h:0m:0s (0h:0m:0s left)
Iteration 100 / LogL: -22833.388 / Time: 0h:0m:0s (0h:0m:0s left)
TREE SEARCH COMPLETED AFTER 101 ITERATIONS / Time: 0h:0m:0s

--------------------------------------------------------------------
|                    FINALIZING TREE SEARCH                        |
--------------------------------------------------------------------
Performs final model parameters optimization
Estimate model parameters (epsilon = 0.010)
1. Initial log-likelihood: -22833.388
2. Current log-likelihood: -22833.369
3. Current log-likelihood: -22833.346
4. Current log-likelihood: -22833.334
Optimal log-likelihood: -22833.326
Rate parameters:  A-C: 4.32517  A-G: 85.83717  A-T: 4.32517  C-G: 1.00000  C-T: 85.83717  G-T: 1.00000
Base frequencies:  A: 0.299  C: 0.316  G: 0.125  T: 0.259
Gamma shape alpha: 0.186
Parameters optimization took 4 rounds (0.002 sec)
BEST SCORE FOUND : -22833.326
Total tree length: 0.561

Total number of iterations: 101
CPU time used for tree search: 0.077 sec (0h:0m:0s)
Wall-clock time used for tree search: 0.076 sec (0h:0m:0s)
Total CPU time used: 0.382 sec (0h:0m:0s)
Total wall-clock time used: 0.410 sec (0h:0m:0s)

Analysis results written to: 
  IQ-TREE report:                /home/jeremias//chrM/merge/iter01/window_1_04/window_1_04_window_1_05.fa.iqtree
  Maximum-likelihood tree:       /home/jeremias//chrM/merge/iter01/window_1_04/window_1_04_window_1_05.fa.treefile
  Likelihood distances:          /home/jeremias//chrM/merge/iter01/window_1_04/window_1_04_window_1_05.fa.mldist
  Screen log file:               /home/jeremias//chrM/merge/iter01/window_1_04/window_1_04_window_1_05.fa.log

Date and Time: Thu Jun 25 05:42:07 2026
