IQ-TREE multicore version 2.4.0 for Linux x86 64-bit built Feb  7 2025
Developed by Bui Quang Minh, Nguyen Lam Tung, Olga Chernomor, Heiko Schmidt,
Dominik Schrempf, Michael Woodhams, Ly Trong Nhan, Thomas Wong

Host:    rosa (AVX512, FMA3, 755 GB RAM)
Command: /home/jeremias/software/iqtree-2.4.0-Linux-intel/bin/iqtree2 -s /home/jeremias//chrM/split/iter07/window_1_10/window_1_10_05_2.fa -T 1 --quiet --redo -blmin 0.00203665987780041
Seed:    342139 (Using SPRNG - Scalable Parallel Random Number Generator)
Time:    Thu Jun 25 05:41:58 2026
Kernel:  AVX+FMA - 1 threads (128 CPU cores detected)

HINT: Use -nt option to specify number of threads because your CPU has 128 cores!
HINT: -nt AUTO will automatically determine the best number of threads to use.

Reading alignment file /home/jeremias//chrM/split/iter07/window_1_10/window_1_10_05_2.fa ... Fasta format detected
Reading fasta file: done in 5.27948e-05 secs
Alignment most likely contains DNA/RNA sequences
Alignment has 4 sequences with 491 columns, 45 distinct patterns
28 parsimony-informative, 92 singleton sites, 371 constant sites
         Gap/Ambiguity  Composition  p-value
Analyzing sequences: done in 5.90086e-06 secs
   1  hg38       0.00%    passed     92.88%
   2  gorGor3    0.00%    passed     87.07%
   3  panTro4    0.00%    passed     97.89%
   4  ponAbe2    0.00%    passed     96.86%
****  TOTAL      0.00%  0 sequences failed composition chi2 test (p-value<5%; df=3)


Create initial parsimony tree by phylogenetic likelihood library (PLL)... 0.000 seconds
Perform fast likelihood tree search using GTR+I+G model...
Estimate model parameters (epsilon = 5.000)

WARNING: Estimated model parameters are at boundary that can cause numerical instability!

Perform nearest neighbor interchange...
Estimate model parameters (epsilon = 1.000)
1. Initial log-likelihood: -1201.752
Optimal log-likelihood: -1201.002
Rate parameters:  A-C: 7.94454  A-G: 73.69848  A-T: 0.88503  C-G: 0.00010  C-T: 100.00000  G-T: 1.00000
Warning! Some parameters hit the boundaries
Base frequencies:  A: 0.297  C: 0.366  G: 0.094  T: 0.243
Proportion of invariable sites: 0.357
Gamma shape alpha: 0.508
Parameters optimization took 1 rounds (0.002 sec)

WARNING: Estimated model parameters are at boundary that can cause numerical instability!

Time for fast ML tree search: 0.006 seconds

NOTE: ModelFinder requires 0 MB RAM!
ModelFinder will test up to 484 DNA models (sample size: 491 epsilon: 0.100) ...
 No. Model         -LnL         df  AIC          AICc         BIC
  1  GTR+F         1221.347     13  2468.695     2469.458     2523.248
  2  GTR+F+I       1198.904     14  2425.807     2426.689     2484.557
  3  GTR+F+G4      1199.584     14  2427.167     2428.050     2485.917
  4  GTR+F+I+G4    1200.218     15  2430.437     2431.447     2493.383
  5  GTR+F+R2      1198.915     15  2427.830     2428.840     2490.776
+R3 reinitialized from +R2 with factor 0.500
+R3 reinitialized from +R2 with factor 0.250
+R3 reinitialized from +R2 with factor 0.125
  6  GTR+F+R3      1198.903     17  2431.805     2433.099     2503.145
 14  GTR+F+I+R2    1198.828     16  2429.657     2430.804     2496.800
+I+R3 reinitialized from +I+R2 with factor 0.500
 15  GTR+F+I+R3    1198.908     18  2433.817     2435.266     2509.353
 24  SYM+I         1254.366     11  2530.732     2531.283     2576.893
 25  SYM+G4        1254.395     11  2530.789     2531.340     2576.950
 26  SYM+I+G4      1254.724     12  2533.448     2534.101     2583.806
 27  SYM+R2        1254.371     12  2532.742     2533.395     2583.099
 46  TVM+F+I       1200.382     13  2426.764     2427.527     2481.318
 47  TVM+F+G4      1200.478     13  2426.956     2427.719     2481.510
 48  TVM+F+I+G4    1201.017     14  2430.034     2430.917     2488.784
 49  TVM+F+R2      1200.378     14  2428.756     2429.639     2487.507
 68  TVMe+I        1263.386     10  2546.771     2547.229     2588.735
 69  TVMe+G4       1263.334     10  2546.667     2547.125     2588.631
 70  TVMe+I+G4     1263.364     11  2548.727     2549.278     2594.888
 71  TVMe+R2       1263.464     11  2548.928     2549.479     2595.089
 90  TIM3+F+I      1200.461     12  2424.921     2425.574     2475.278
 91  TIM3+F+G4     1200.965     12  2425.929     2426.582     2476.287
 92  TIM3+F+I+G4   1201.771     13  2429.542     2430.305     2484.096
 93  TIM3+F+R2     1200.455     13  2426.910     2427.673     2481.463
112  TIM3e+I       1261.218     9   2540.436     2540.810     2578.204
113  TIM3e+G4      1261.394     9   2540.788     2541.162     2578.556
114  TIM3e+I+G4    1261.794     10  2543.587     2544.046     2585.552
115  TIM3e+R2      1261.231     10  2542.461     2542.920     2584.426
134  TIM2+F+I      1199.408     12  2422.815     2423.468     2473.172
135  TIM2+F+G4     1200.248     12  2424.495     2425.148     2474.853
136  TIM2+F+I+G4   1201.205     13  2428.411     2429.174     2482.964
137  TIM2+F+R2     1199.542     13  2425.085     2425.848     2479.638
156  TIM2e+I       1256.568     9   2531.137     2531.511     2568.905
157  TIM2e+G4      1257.010     9   2532.021     2532.395     2569.789
158  TIM2e+I+G4    1257.310     10  2534.621     2535.079     2576.585
159  TIM2e+R2      1256.585     10  2533.170     2533.628     2575.134
178  TIM+F+I       1199.733     12  2423.467     2424.119     2473.824
179  TIM+F+G4      1200.504     12  2425.008     2425.660     2475.365
180  TIM+F+I+G4    1201.402     13  2428.804     2429.567     2483.358
181  TIM+F+R2      1200.211     13  2426.423     2427.186     2480.977
200  TIMe+I        1259.404     9   2536.808     2537.183     2574.576
201  TIMe+G4       1259.542     9   2537.083     2537.457     2574.851
202  TIMe+I+G4     1259.852     10  2539.704     2540.163     2581.669
203  TIMe+R2       1259.387     10  2538.773     2539.232     2580.738
222  TPM3u+F+I     1201.482     11  2424.963     2425.514     2471.124
223  TPM3u+F+G4    1201.328     11  2424.655     2425.206     2470.816
224  TPM3u+F+I+G4  1202.083     12  2428.166     2428.818     2478.523
225  TPM3u+F+R2    1201.333     12  2426.666     2427.319     2477.024
244  TPM3+I        1270.053     8   2556.106     2556.405     2589.678
245  TPM3+G4       1269.797     8   2555.595     2555.893     2589.166
246  TPM3+I+G4     1269.764     9   2557.529     2557.903     2595.297
247  TPM3+R2       1270.039     9   2558.077     2558.451     2595.845
266  TPM2u+F+I     1200.902     11  2423.805     2424.356     2469.966
267  TPM2u+F+G4    1201.100     11  2424.200     2424.751     2470.361
268  TPM2u+F+I+G4  1201.830     12  2427.660     2428.312     2478.017
269  TPM2u+F+R2    1200.975     12  2425.950     2426.603     2476.308
288  TPM2+I        1265.201     8   2546.402     2546.701     2579.973
289  TPM2+G4       1265.339     8   2546.679     2546.977     2580.250
290  TPM2+I+G4     1265.409     9   2548.818     2549.193     2586.586
291  TPM2+R2       1265.286     9   2548.573     2548.947     2586.341
310  K3Pu+F+I      1201.368     11  2424.736     2425.287     2470.897
311  K3Pu+F+G4     1201.573     11  2425.145     2425.697     2471.306
312  K3Pu+F+I+G4   1202.077     12  2428.153     2428.806     2478.511
313  K3Pu+F+R2     1201.315     12  2426.630     2427.282     2476.987
332  K3P+I         1268.095     8   2552.189     2552.488     2585.761
333  K3P+G4        1267.845     8   2551.691     2551.990     2585.262
334  K3P+I+G4      1267.818     9   2553.637     2554.011     2591.405
335  K3P+R2        1268.034     9   2554.067     2554.442     2591.835
354  TN+F+I        1200.511     11  2423.022     2423.573     2469.183
355  TN+F+G4       1201.044     11  2424.088     2424.639     2470.249
356  TN+F+I+G4     1201.999     12  2427.999     2428.651     2478.356
357  TN+F+R2       1201.131     12  2426.263     2426.916     2476.620
376  TNe+I         1262.001     8   2540.001     2540.300     2573.573
377  TNe+G4        1262.339     8   2540.678     2540.976     2574.249
378  TNe+I+G4      1263.012     9   2544.024     2544.398     2581.792
379  TNe+R2        1262.010     9   2542.019     2542.393     2579.787
398  HKY+F+I       1201.290     10  2422.580     2423.038     2464.544
399  HKY+F+G4      1201.134     10  2422.268     2422.726     2464.233
400  HKY+F+I+G4    1202.268     11  2426.537     2427.088     2472.698
401  HKY+F+R2      1201.404     11  2424.807     2425.358     2470.968
420  K2P+I         1271.354     7   2556.707     2556.939     2586.082
421  K2P+G4        1271.146     7   2556.291     2556.523     2585.666
422  K2P+I+G4      1271.086     8   2558.171     2558.470     2591.743
423  K2P+R2        1271.342     8   2558.684     2558.982     2592.255
442  F81+F+I       1303.669     9   2625.338     2625.712     2663.106
443  F81+F+G4      1304.151     9   2626.302     2626.677     2664.070
444  F81+F+I+G4    1304.170     10  2628.341     2628.799     2670.305
445  F81+F+R2      1304.015     10  2628.031     2628.489     2669.995
464  JC+I          1362.338     6   2736.677     2736.850     2761.855
465  JC+G4         1362.899     6   2737.799     2737.972     2762.977
466  JC+I+G4       1362.817     7   2739.635     2739.867     2769.010
467  JC+R2         1362.770     7   2739.540     2739.772     2768.915
Akaike Information Criterion:           HKY+F+G4
Corrected Akaike Information Criterion: HKY+F+G4
Bayesian Information Criterion:         HKY+F+G4
Best-fit model: HKY+F+G4 chosen according to BIC

All model information printed to /home/jeremias//chrM/split/iter07/window_1_10/window_1_10_05_2.fa.model.gz
CPU time for ModelFinder: 0.244 seconds (0h:0m:0s)
Wall-clock time for ModelFinder: 0.262 seconds (0h:0m:0s)

NOTE: 0 MB RAM (0 GB) is required!
Estimate model parameters (epsilon = 0.100)
1. Initial log-likelihood: -1304.415
2. Current log-likelihood: -1223.097
3. Current log-likelihood: -1201.833
4. Current log-likelihood: -1201.653
5. Current log-likelihood: -1201.505
6. Current log-likelihood: -1201.376
7. Current log-likelihood: -1201.265
Optimal log-likelihood: -1201.126
Rate parameters:  A-C: 1.00000  A-G: 49.66681  A-T: 1.00000  C-G: 1.00000  C-T: 49.66681  G-T: 1.00000
Base frequencies:  A: 0.297  C: 0.366  G: 0.094  T: 0.243
Gamma shape alpha: 0.113
Parameters optimization took 7 rounds (0.003 sec)
Wrote distance file to... 
Computing ML distances based on estimated model parameters...
Calculating distance matrix: done in 7.4327e-05 secs using 91.49% CPU
Computing ML distances took 0.000129 sec (of wall-clock time) 0.000124 sec (of CPU time)
Setting up auxiliary I and S matrices: done in 4.87715e-05 secs using 92.27% CPU
Computing RapidNJ tree took 0.000222 sec (of wall-clock time) 0.000194 sec (of CPU time)
Log-likelihood of RapidNJ tree: -1201.121
--------------------------------------------------------------------
|             INITIALIZING CANDIDATE TREE SET                      |
--------------------------------------------------------------------
Generating 99 parsimony trees... 0.007 second
Computing log-likelihood of 2 initial trees ... 0.000 seconds
Current best score: -1201.121

Do NNI search on 3 best initial trees
Finish initializing candidate tree set (3)
Current best tree score: -1201.121 / CPU time: 0.009
Number of iterations: 3
--------------------------------------------------------------------
|               OPTIMIZING CANDIDATE TREE SET                      |
--------------------------------------------------------------------
UPDATE BEST LOG-LIKELIHOOD: -1201.121
Iteration 10 / LogL: -1201.121 / Time: 0h:0m:0s
Iteration 20 / LogL: -1201.129 / Time: 0h:0m:0s
Iteration 30 / LogL: -1203.644 / Time: 0h:0m:0s (0h:0m:0s left)
Iteration 40 / LogL: -1203.644 / Time: 0h:0m:0s (0h:0m:0s left)
Iteration 50 / LogL: -1201.121 / Time: 0h:0m:0s (0h:0m:0s left)
Iteration 60 / LogL: -1201.129 / Time: 0h:0m:0s (0h:0m:0s left)
Iteration 70 / LogL: -1201.129 / Time: 0h:0m:0s (0h:0m:0s left)
Iteration 80 / LogL: -1201.142 / Time: 0h:0m:0s (0h:0m:0s left)
Iteration 90 / LogL: -1201.142 / Time: 0h:0m:0s (0h:0m:0s left)
Iteration 100 / LogL: -1201.124 / Time: 0h:0m:0s (0h:0m:0s left)
TREE SEARCH COMPLETED AFTER 101 ITERATIONS / Time: 0h:0m:0s

--------------------------------------------------------------------
|                    FINALIZING TREE SEARCH                        |
--------------------------------------------------------------------
Performs final model parameters optimization
Estimate model parameters (epsilon = 0.010)
1. Initial log-likelihood: -1201.121
2. Current log-likelihood: -1201.070
3. Current log-likelihood: -1200.983
4. Current log-likelihood: -1200.910
5. Current log-likelihood: -1200.845
6. Current log-likelihood: -1200.788
7. Current log-likelihood: -1200.737
8. Current log-likelihood: -1200.693
9. Current log-likelihood: -1200.656
10. Current log-likelihood: -1200.627
11. Current log-likelihood: -1200.602
12. Current log-likelihood: -1200.582
13. Current log-likelihood: -1200.565
14. Current log-likelihood: -1200.550
15. Current log-likelihood: -1200.538
16. Current log-likelihood: -1200.527
Optimal log-likelihood: -1200.514
Rate parameters:  A-C: 1.00000  A-G: 89.80462  A-T: 1.00000  C-G: 1.00000  C-T: 89.80462  G-T: 1.00000
Base frequencies:  A: 0.297  C: 0.366  G: 0.094  T: 0.243
Gamma shape alpha: 0.090
Parameters optimization took 16 rounds (0.004 sec)
BEST SCORE FOUND : -1200.514
Total tree length: 2.245

Total number of iterations: 101
CPU time used for tree search: 0.047 sec (0h:0m:0s)
Wall-clock time used for tree search: 0.041 sec (0h:0m:0s)
Total CPU time used: 0.311 sec (0h:0m:0s)
Total wall-clock time used: 0.324 sec (0h:0m:0s)

Analysis results written to: 
  IQ-TREE report:                /home/jeremias//chrM/split/iter07/window_1_10/window_1_10_05_2.fa.iqtree
  Maximum-likelihood tree:       /home/jeremias//chrM/split/iter07/window_1_10/window_1_10_05_2.fa.treefile
  Likelihood distances:          /home/jeremias//chrM/split/iter07/window_1_10/window_1_10_05_2.fa.mldist
  Screen log file:               /home/jeremias//chrM/split/iter07/window_1_10/window_1_10_05_2.fa.log

Date and Time: Thu Jun 25 05:41:58 2026
