IQ-TREE multicore version 2.4.0 for Linux x86 64-bit built Feb  7 2025
Developed by Bui Quang Minh, Nguyen Lam Tung, Olga Chernomor, Heiko Schmidt,
Dominik Schrempf, Michael Woodhams, Ly Trong Nhan, Thomas Wong

Host:    rosa (AVX512, FMA3, 755 GB RAM)
Command: /home/jeremias/software/iqtree-2.4.0-Linux-intel/bin/iqtree2 -s /home/jeremias//chrM/split/iter07/window_1_10/window_1_10_025_1.fa -T 1 --quiet --redo -blmin 0.0040650406504065
Seed:    585308 (Using SPRNG - Scalable Parallel Random Number Generator)
Time:    Thu Jun 25 05:41:57 2026
Kernel:  AVX+FMA - 1 threads (128 CPU cores detected)

HINT: Use -nt option to specify number of threads because your CPU has 128 cores!
HINT: -nt AUTO will automatically determine the best number of threads to use.

Reading alignment file /home/jeremias//chrM/split/iter07/window_1_10/window_1_10_025_1.fa ... Fasta format detected
Reading fasta file: done in 2.80887e-05 secs using 96.12% CPU
Alignment most likely contains DNA/RNA sequences
Alignment has 4 sequences with 246 columns, 27 distinct patterns
8 parsimony-informative, 43 singleton sites, 195 constant sites
         Gap/Ambiguity  Composition  p-value
Analyzing sequences: done in 4.33624e-06 secs
   1  hg38       0.00%    passed     98.51%
   2  gorGor3    0.00%    passed     99.48%
   3  panTro4    0.00%    passed     98.11%
   4  ponAbe2    0.00%    passed     94.96%
****  TOTAL      0.00%  0 sequences failed composition chi2 test (p-value<5%; df=3)


Create initial parsimony tree by phylogenetic likelihood library (PLL)... 0.000 seconds
Perform fast likelihood tree search using GTR+I+G model...
Estimate model parameters (epsilon = 5.000)

WARNING: Estimated model parameters are at boundary that can cause numerical instability!

Perform nearest neighbor interchange...
Estimate model parameters (epsilon = 1.000)
1. Initial log-likelihood: -570.373
Optimal log-likelihood: -570.348
Rate parameters:  A-C: 8.12836  A-G: 61.38861  A-T: 8.76361  C-G: 3.46717  C-T: 100.00000  G-T: 1.00000
Warning! Some parameters hit the boundaries
Base frequencies:  A: 0.240  C: 0.358  G: 0.144  T: 0.258
Proportion of invariable sites: 0.389
Gamma shape alpha: 3.530
Parameters optimization took 1 rounds (0.001 sec)

WARNING: Estimated model parameters are at boundary that can cause numerical instability!

Time for fast ML tree search: 0.004 seconds

NOTE: ModelFinder requires 0 MB RAM!
ModelFinder will test up to 484 DNA models (sample size: 246 epsilon: 0.100) ...
 No. Model         -LnL         df  AIC          AICc         BIC
  1  GTR+F         572.305      13  1170.609     1172.178     1216.178
  2  GTR+F+I       570.171      14  1168.343     1170.161     1217.418
  3  GTR+F+G4      570.406      14  1168.812     1170.631     1217.887
  4  GTR+F+I+G4    570.331      15  1170.661     1172.748     1223.241
  5  GTR+F+R2      570.473      15  1170.946     1173.033     1223.526
+R3 reinitialized from +R2 with factor 0.500
+R3 reinitialized from +R2 with factor 0.250
  6  GTR+F+R3      570.527      17  1175.054     1177.738     1234.645
 14  GTR+F+I+R2    570.376      16  1172.752     1175.128     1228.838
 15  GTR+F+I+R3    570.234      18  1176.468     1179.481     1239.564
 23  SYM           582.936      10  1185.872     1186.808     1220.925
 24  SYM+I         581.801      11  1185.602     1186.730     1224.161
 25  SYM+G4        581.927      11  1185.855     1186.983     1224.413
 26  SYM+I+G4      581.787      12  1187.575     1188.914     1229.639
 27  SYM+R2        581.826      12  1187.652     1188.991     1229.716
 45  TVM+F         573.122      12  1170.245     1171.584     1212.309
 46  TVM+F+I       570.997      13  1167.994     1169.563     1213.563
 47  TVM+F+G4      571.194      13  1168.387     1169.956     1213.956
 48  TVM+F+I+G4    571.133      14  1170.265     1172.084     1219.340
 49  TVM+F+R2      571.269      14  1170.539     1172.357     1219.613
 67  TVMe          586.892      9   1191.784     1192.547     1223.332
 68  TVMe+I        585.437      10  1190.875     1191.811     1225.928
 69  TVMe+G4       585.532      10  1191.065     1192.001     1226.118
 70  TVMe+I+G4     585.479      11  1192.958     1194.086     1231.516
 71  TVMe+R2       585.489      11  1192.978     1194.106     1231.537
 89  TIM3+F        573.776      11  1169.553     1170.681     1208.111
 90  TIM3+F+I      571.321      12  1166.642     1167.981     1208.706
 91  TIM3+F+G4     571.486      12  1166.972     1168.311     1209.036
 92  TIM3+F+I+G4   571.466      13  1168.931     1170.500     1214.501
 93  TIM3+F+R2     571.702      13  1169.404     1170.973     1214.973
111  TIM3e         584.980      8   1185.959     1186.567     1214.002
112  TIM3e+I       583.670      9   1185.339     1186.102     1216.887
113  TIM3e+G4      583.789      9   1185.579     1186.341     1217.127
114  TIM3e+I+G4    583.693      10  1187.385     1188.322     1222.439
115  TIM3e+R2      583.715      10  1187.431     1188.367     1222.484
133  TIM2+F        572.656      11  1167.313     1168.441     1205.871
134  TIM2+F+I      570.408      12  1164.817     1166.156     1206.881
135  TIM2+F+G4     570.637      12  1165.273     1166.612     1207.337
136  TIM2+F+I+G4   570.563      13  1167.126     1168.695     1212.696
137  TIM2+F+R2     570.689      13  1167.379     1168.948     1212.948
155  TIM2e         583.192      8   1182.385     1182.992     1210.427
156  TIM2e+I       581.991      9   1181.981     1182.744     1213.529
157  TIM2e+G4      582.120      9   1182.240     1183.002     1213.788
158  TIM2e+I+G4    581.972      10  1183.943     1184.879     1218.997
159  TIM2e+R2      582.024      10  1184.048     1184.984     1219.101
177  TIM+F         573.839      11  1169.678     1170.806     1208.236
178  TIM+F+I       571.349      12  1166.698     1168.037     1208.762
179  TIM+F+G4      571.506      12  1167.012     1168.351     1209.076
180  TIM+F+I+G4    571.495      13  1168.990     1170.559     1214.560
181  TIM+F+R2      571.693      13  1169.386     1170.955     1214.955
199  TIMe          585.087      8   1186.174     1186.781     1214.217
200  TIMe+I        583.749      9   1185.498     1186.261     1217.046
201  TIMe+G4       583.870      9   1185.740     1186.503     1217.288
202  TIMe+I+G4     583.753      10  1187.506     1188.442     1222.559
203  TIMe+R2       583.785      10  1187.570     1188.506     1222.623
221  TPM3u+F       574.539      10  1169.078     1170.014     1204.131
222  TPM3u+F+I     572.096      11  1166.192     1167.320     1204.751
223  TPM3u+F+G4    572.256      11  1166.511     1167.639     1205.070
224  TPM3u+F+I+G4  572.231      12  1168.462     1169.801     1210.526
225  TPM3u+F+R2    572.412      12  1168.823     1170.162     1210.887
243  TPM3          588.944      7   1191.888     1192.359     1216.425
244  TPM3+I        587.262      8   1190.524     1191.131     1218.567
245  TPM3+G4       587.348      8   1190.697     1191.304     1218.739
246  TPM3+I+G4     587.313      9   1192.626     1193.389     1224.174
247  TPM3+R2       587.321      9   1192.642     1193.404     1224.190
265  TPM2u+F       573.410      10  1166.820     1167.756     1201.873
266  TPM2u+F+I     571.264      11  1164.528     1165.656     1203.087
267  TPM2u+F+G4    571.434      11  1164.868     1165.997     1203.427
268  TPM2u+F+I+G4  571.372      12  1166.744     1168.083     1208.808
269  TPM2u+F+R2    571.452      12  1166.904     1168.243     1208.968
287  TPM2          587.200      7   1188.400     1188.871     1212.938
288  TPM2+I        585.647      8   1187.295     1187.902     1215.337
289  TPM2+G4       585.746      8   1187.492     1188.100     1215.535
290  TPM2+I+G4     585.691      9   1189.382     1190.144     1220.930
291  TPM2+R2       585.696      9   1189.393     1190.155     1220.941
309  K3Pu+F        574.594      10  1169.189     1170.125     1204.242
310  K3Pu+F+I      572.097      11  1166.194     1167.323     1204.753
311  K3Pu+F+G4     572.238      11  1166.476     1167.604     1205.035
312  K3Pu+F+I+G4   572.219      12  1168.439     1169.778     1210.503
313  K3Pu+F+R2     572.389      12  1168.778     1170.117     1210.841
331  K3P           589.047      7   1192.095     1192.565     1216.632
332  K3P+I         587.301      8   1190.602     1191.210     1218.645
333  K3P+G4        587.403      8   1190.805     1191.413     1218.848
334  K3P+I+G4      587.363      9   1192.725     1193.488     1224.273
335  K3P+R2        587.362      9   1192.723     1193.486     1224.271
353  TN+F          573.822      10  1167.645     1168.581     1202.698
354  TN+F+I        571.321      11  1164.643     1165.771     1203.201
355  TN+F+G4       571.510      11  1165.021     1166.149     1203.579
356  TN+F+I+G4     571.483      12  1166.966     1168.305     1209.030
357  TN+F+R2       571.603      12  1167.206     1168.545     1209.270
375  TNe           585.096      7   1184.193     1184.664     1208.730
376  TNe+I         583.712      8   1183.424     1184.032     1211.467
377  TNe+G4        583.858      8   1183.716     1184.323     1211.758
378  TNe+I+G4      583.732      9   1185.463     1186.226     1217.011
379  TNe+R2        583.781      9   1185.563     1186.326     1217.111
397  HKY+F         574.582      9   1167.165     1167.927     1198.713
398  HKY+F+I       572.093      10  1164.186     1165.122     1199.239
399  HKY+F+G4      572.262      10  1164.524     1165.460     1199.577
400  HKY+F+I+G4    572.238      11  1166.477     1167.605     1205.036
401  HKY+F+R2      572.358      11  1166.716     1167.844     1205.274
419  K2P           589.053      6   1190.106     1190.458     1211.138
420  K2P+I         587.297      7   1188.593     1189.064     1213.131
421  K2P+G4        587.398      7   1188.795     1189.266     1213.332
422  K2P+I+G4      587.355      8   1190.710     1191.318     1218.753
423  K2P+R2        587.350      8   1190.700     1191.307     1218.742
441  F81+F         608.660      8   1233.321     1233.928     1261.363
442  F81+F+I       607.169      9   1232.337     1233.100     1263.885
443  F81+F+G4      607.292      9   1232.584     1233.347     1264.132
444  F81+F+I+G4    607.203      10  1234.406     1235.342     1269.460
445  F81+F+R2      607.216      10  1234.431     1235.368     1269.485
463  JC            624.971      5   1259.942     1260.192     1277.469
464  JC+I          623.992      6   1259.985     1260.336     1281.017
465  JC+G4         624.107      6   1260.215     1260.566     1281.247
466  JC+I+G4       623.993      7   1261.985     1262.456     1286.522
467  JC+R2         624.099      7   1262.197     1262.668     1286.735
Akaike Information Criterion:           HKY+F+I
Corrected Akaike Information Criterion: HKY+F+I
Bayesian Information Criterion:         HKY+F
Best-fit model: HKY+F chosen according to BIC

All model information printed to /home/jeremias//chrM/split/iter07/window_1_10/window_1_10_025_1.fa.model.gz
CPU time for ModelFinder: 0.079 seconds (0h:0m:0s)
Wall-clock time for ModelFinder: 0.087 seconds (0h:0m:0s)

NOTE: 0 MB RAM (0 GB) is required!
Estimate model parameters (epsilon = 0.100)
1. Initial log-likelihood: -608.727
2. Current log-likelihood: -576.675
Optimal log-likelihood: -576.584
Rate parameters:  A-C: 1.00000  A-G: 29.83031  A-T: 1.00000  C-G: 1.00000  C-T: 29.83031  G-T: 1.00000
Base frequencies:  A: 0.240  C: 0.358  G: 0.144  T: 0.258
Parameters optimization took 2 rounds (0.000 sec)
Wrote distance file to... 
Computing ML distances based on estimated model parameters...
Calculating distance matrix: done in 2.57492e-05 secs using 89.32% CPU
Computing ML distances took 0.000045 sec (of wall-clock time) 0.000044 sec (of CPU time)
Setting up auxiliary I and S matrices: done in 1.65552e-05 secs using 90.61% CPU
Computing RapidNJ tree took 0.000063 sec (of wall-clock time) 0.000057 sec (of CPU time)
Log-likelihood of RapidNJ tree: -576.461
--------------------------------------------------------------------
|             INITIALIZING CANDIDATE TREE SET                      |
--------------------------------------------------------------------
Generating 98 parsimony trees... 0.005 second
Computing log-likelihood of 1 initial trees ... 0.000 seconds
Current best score: -576.461

Do NNI search on 3 best initial trees
Estimate model parameters (epsilon = 0.100)
UPDATE BEST LOG-LIKELIHOOD: -576.424
Estimate model parameters (epsilon = 0.100)
UPDATE BEST LOG-LIKELIHOOD: -576.361
Finish initializing candidate tree set (3)
Current best tree score: -576.361 / CPU time: 0.006
Number of iterations: 3
--------------------------------------------------------------------
|               OPTIMIZING CANDIDATE TREE SET                      |
--------------------------------------------------------------------
Iteration 10 / LogL: -576.361 / Time: 0h:0m:0s
Iteration 20 / LogL: -576.404 / Time: 0h:0m:0s
Iteration 30 / LogL: -576.404 / Time: 0h:0m:0s (0h:0m:0s left)
Iteration 40 / LogL: -576.361 / Time: 0h:0m:0s (0h:0m:0s left)
Iteration 50 / LogL: -576.361 / Time: 0h:0m:0s (0h:0m:0s left)
Iteration 60 / LogL: -576.404 / Time: 0h:0m:0s (0h:0m:0s left)
Iteration 70 / LogL: -576.404 / Time: 0h:0m:0s (0h:0m:0s left)
Iteration 80 / LogL: -576.361 / Time: 0h:0m:0s (0h:0m:0s left)
Iteration 90 / LogL: -576.404 / Time: 0h:0m:0s (0h:0m:0s left)
Iteration 100 / LogL: -576.361 / Time: 0h:0m:0s (0h:0m:0s left)
TREE SEARCH COMPLETED AFTER 101 ITERATIONS / Time: 0h:0m:0s

--------------------------------------------------------------------
|                    FINALIZING TREE SEARCH                        |
--------------------------------------------------------------------
Performs final model parameters optimization
Estimate model parameters (epsilon = 0.010)
1. Initial log-likelihood: -576.361
2. Current log-likelihood: -576.341
3. Current log-likelihood: -576.320
4. Current log-likelihood: -576.300
5. Current log-likelihood: -576.279
6. Current log-likelihood: -576.259
7. Current log-likelihood: -576.238
8. Current log-likelihood: -576.218
9. Current log-likelihood: -576.197
10. Current log-likelihood: -576.176
11. Current log-likelihood: -576.156
12. Current log-likelihood: -576.135
13. Current log-likelihood: -576.114
14. Current log-likelihood: -576.093
15. Current log-likelihood: -576.073
16. Current log-likelihood: -576.052
17. Current log-likelihood: -576.031
18. Current log-likelihood: -576.010
19. Current log-likelihood: -575.990
20. Current log-likelihood: -575.969
21. Current log-likelihood: -575.948
22. Current log-likelihood: -575.927
23. Current log-likelihood: -574.392
Optimal log-likelihood: -574.392
Rate parameters:  A-C: 1.00000  A-G: 12.79590  A-T: 1.00000  C-G: 1.00000  C-T: 12.79590  G-T: 1.00000
Base frequencies:  A: 0.240  C: 0.358  G: 0.144  T: 0.258
Parameters optimization took 23 rounds (0.002 sec)
BEST SCORE FOUND : -574.392
Total tree length: 0.255

Total number of iterations: 101
CPU time used for tree search: 0.012 sec (0h:0m:0s)
Wall-clock time used for tree search: 0.013 sec (0h:0m:0s)
Total CPU time used: 0.100 sec (0h:0m:0s)
Total wall-clock time used: 0.110 sec (0h:0m:0s)

Analysis results written to: 
  IQ-TREE report:                /home/jeremias//chrM/split/iter07/window_1_10/window_1_10_025_1.fa.iqtree
  Maximum-likelihood tree:       /home/jeremias//chrM/split/iter07/window_1_10/window_1_10_025_1.fa.treefile
  Likelihood distances:          /home/jeremias//chrM/split/iter07/window_1_10/window_1_10_025_1.fa.mldist
  Screen log file:               /home/jeremias//chrM/split/iter07/window_1_10/window_1_10_025_1.fa.log

Date and Time: Thu Jun 25 05:41:57 2026
