IQ-TREE multicore version 2.4.0 for Linux x86 64-bit built Feb  7 2025
Developed by Bui Quang Minh, Nguyen Lam Tung, Olga Chernomor, Heiko Schmidt,
Dominik Schrempf, Michael Woodhams, Ly Trong Nhan, Thomas Wong

Host:    rosa (AVX512, FMA3, 755 GB RAM)
Command: /home/jeremias/software/iqtree-2.4.0-Linux-intel/bin/iqtree2 -s /home/jeremias//chrM/split/iter02/window_1_01/window_1_01_025_2.fa -T 1 --quiet --redo -blmin 0.000321957501609788
Seed:    110294 (Using SPRNG - Scalable Parallel Random Number Generator)
Time:    Thu Jun 25 05:41:24 2026
Kernel:  AVX+FMA - 1 threads (128 CPU cores detected)

HINT: Use -nt option to specify number of threads because your CPU has 128 cores!
HINT: -nt AUTO will automatically determine the best number of threads to use.

Reading alignment file /home/jeremias//chrM/split/iter02/window_1_01/window_1_01_025_2.fa ... Fasta format detected
Reading fasta file: done in 0.000207439 secs using 98.82% CPU
Alignment most likely contains DNA/RNA sequences
Alignment has 4 sequences with 3106 columns, 73 distinct patterns
97 parsimony-informative, 429 singleton sites, 2580 constant sites
         Gap/Ambiguity  Composition  p-value
Analyzing sequences: done in 7.6741e-06 secs using 104.2% CPU
   1  hg38       0.00%    passed     97.86%
   2  gorGor3    0.03%    passed     88.68%
   3  panTro4    0.03%    passed     81.69%
   4  ponAbe2    0.10%    passed     61.77%
****  TOTAL      0.04%  0 sequences failed composition chi2 test (p-value<5%; df=3)


Create initial parsimony tree by phylogenetic likelihood library (PLL)... 0.000 seconds
Perform fast likelihood tree search using GTR+I+G model...
Estimate model parameters (epsilon = 5.000)

WARNING: Estimated model parameters are at boundary that can cause numerical instability!

Perform nearest neighbor interchange...
Estimate model parameters (epsilon = 1.000)
1. Initial log-likelihood: -6802.727
Optimal log-likelihood: -6802.221
Rate parameters:  A-C: 5.49901  A-G: 45.88801  A-T: 5.41602  C-G: 0.25474  C-T: 100.00000  G-T: 1.00000
Warning! Some parameters hit the boundaries
Base frequencies:  A: 0.329  C: 0.281  G: 0.163  T: 0.227
Proportion of invariable sites: 0.404
Gamma shape alpha: 0.560
Parameters optimization took 1 rounds (0.001 sec)

WARNING: Estimated model parameters are at boundary that can cause numerical instability!

Time for fast ML tree search: 0.006 seconds

NOTE: ModelFinder requires 0 MB RAM!
ModelFinder will test up to 484 DNA models (sample size: 3106 epsilon: 0.100) ...
 No. Model         -LnL         df  AIC          AICc         BIC
  1  GTR+F         6857.394     13  13740.787    13740.905    13819.321
  2  GTR+F+I       6802.951     14  13633.903    13634.039    13718.478
  3  GTR+F+G4      6802.284     14  13632.569    13632.705    13717.144
  4  GTR+F+I+G4    6801.946     15  13633.892    13634.047    13724.508
  5  GTR+F+R2      6803.086     15  13636.172    13636.327    13726.788
  6  GTR+F+R3      6801.952     17  13637.905    13638.103    13740.603
 14  GTR+F+I+R2    6802.963     16  13637.927    13638.103    13734.584
 15  GTR+F+I+R3    6802.305     18  13640.610    13640.832    13749.350
 24  SYM+I         6914.126     11  13850.252    13850.337    13916.704
 25  SYM+G4        6913.901     11  13849.802    13849.887    13916.254
 26  SYM+I+G4      6913.925     12  13851.849    13851.950    13924.342
 27  SYM+R2        6914.166     12  13852.332    13852.433    13924.825
 46  TVM+F+I       6818.693     13  13663.386    13663.504    13741.920
 47  TVM+F+G4      6818.734     13  13663.468    13663.585    13742.002
 48  TVM+F+I+G4    6819.233     14  13666.466    13666.602    13751.042
 49  TVM+F+R2      6818.886     14  13665.771    13665.907    13750.347
 68  TVMe+I        6944.211     10  13908.422    13908.493    13968.833
 69  TVMe+G4       6944.256     10  13908.511    13908.582    13968.922
 70  TVMe+I+G4     6944.442     11  13910.885    13910.970    13977.337
 71  TVMe+R2       6944.362     11  13910.723    13910.809    13977.175
 90  TIM3+F+I      6814.379     12  13652.759    13652.859    13725.252
 91  TIM3+F+G4     6813.646     12  13651.293    13651.393    13723.786
 92  TIM3+F+I+G4   6813.178     13  13652.355    13652.473    13730.889
 93  TIM3+F+R2     6814.234     13  13654.468    13654.586    13733.003
112  TIM3e+I       6935.244     9   13888.488    13888.546    13942.857
113  TIM3e+G4      6934.984     9   13887.968    13888.027    13942.338
114  TIM3e+I+G4    6935.039     10  13890.079    13890.150    13950.490
115  TIM3e+R2      6935.358     10  13890.715    13890.786    13951.126
134  TIM2+F+I      6803.138     12  13630.275    13630.376    13702.769
135  TIM2+F+G4     6802.654     12  13629.309    13629.410    13701.802
136  TIM2+F+I+G4   6802.520     13  13631.040    13631.158    13709.575
137  TIM2+F+R2     6803.048     13  13632.097    13632.214    13710.631
156  TIM2e+I       6914.648     9   13847.295    13847.353    13901.665
157  TIM2e+G4      6914.622     9   13847.244    13847.302    13901.613
158  TIM2e+I+G4    6914.759     10  13849.519    13849.590    13909.930
159  TIM2e+R2      6914.744     10  13849.489    13849.560    13909.900
178  TIM+F+I       6814.282     12  13652.563    13652.664    13725.056
179  TIM+F+G4      6813.542     12  13651.084    13651.185    13723.577
180  TIM+F+I+G4    6813.030     13  13652.059    13652.177    13730.593
181  TIM+F+R2      6814.253     13  13654.506    13654.623    13733.040
200  TIMe+I        6934.945     9   13887.891    13887.949    13942.260
201  TIMe+G4       6934.668     9   13887.337    13887.395    13941.706
202  TIMe+I+G4     6934.663     10  13889.326    13889.397    13949.737
203  TIMe+R2       6934.964     10  13889.928    13889.999    13950.338
222  TPM3u+F+I     6828.946     11  13679.892    13679.977    13746.344
223  TPM3u+F+G4    6828.966     11  13679.932    13680.017    13746.384
224  TPM3u+F+I+G4  6829.298     12  13682.595    13682.696    13755.088
225  TPM3u+F+R2    6829.121     12  13682.241    13682.342    13754.734
244  TPM3+I        6965.520     8   13947.040    13947.087    13995.369
245  TPM3+G4       6965.673     8   13947.346    13947.392    13995.674
246  TPM3+I+G4     6965.911     9   13949.822    13949.880    14004.192
247  TPM3+R2       6965.711     9   13949.421    13949.479    14003.791
266  TPM2u+F+I     6818.888     11  13659.776    13659.861    13726.228
267  TPM2u+F+G4    6819.044     11  13660.087    13660.172    13726.539
268  TPM2u+F+I+G4  6819.680     12  13663.360    13663.461    13735.853
269  TPM2u+F+R2    6819.082     12  13662.165    13662.266    13734.658
288  TPM2+I        6944.571     8   13905.143    13905.189    13953.472
289  TPM2+G4       6944.779     8   13905.558    13905.604    13953.886
290  TPM2+I+G4     6945.053     9   13908.107    13908.165    13962.477
291  TPM2+R2       6944.761     9   13907.522    13907.580    13961.892
310  K3Pu+F+I      6828.860     11  13679.721    13679.806    13746.173
311  K3Pu+F+G4     6828.853     11  13679.706    13679.792    13746.158
312  K3Pu+F+I+G4   6829.196     12  13682.391    13682.492    13754.884
313  K3Pu+F+R2     6829.137     12  13682.275    13682.376    13754.768
332  K3P+I         6965.221     8   13946.442    13946.488    13994.771
333  K3P+G4        6965.362     8   13946.723    13946.770    13995.052
334  K3P+I+G4      6965.580     9   13949.160    13949.218    14003.530
335  K3P+R2        6965.372     9   13948.744    13948.802    14003.114
354  TN+F+I        6814.389     11  13650.778    13650.863    13717.230
355  TN+F+G4       6813.674     11  13649.347    13649.433    13715.799
356  TN+F+I+G4     6813.187     12  13650.374    13650.474    13722.867
357  TN+F+R2       6813.936     12  13651.872    13651.973    13724.365
376  TNe+I         6935.367     8   13886.734    13886.781    13935.063
377  TNe+G4        6935.114     8   13886.227    13886.274    13934.556
378  TNe+I+G4      6935.109     9   13888.217    13888.276    13942.587
379  TNe+R2        6935.283     9   13888.565    13888.624    13942.935
398  HKY+F+I       6828.949     10  13677.897    13677.968    13738.308
399  HKY+F+G4      6828.948     10  13677.896    13677.967    13738.307
400  HKY+F+I+G4    6829.301     11  13680.602    13680.688    13747.054
401  HKY+F+R2      6829.211     11  13680.422    13680.507    13746.874
420  K2P+I         6965.686     7   13945.371    13945.407    13987.659
421  K2P+G4        6965.822     7   13945.644    13945.680    13987.931
422  K2P+I+G4      6966.033     8   13948.066    13948.113    13996.395
423  K2P+R2        6965.857     8   13947.714    13947.760    13996.043
442  F81+F+I       7239.345     9   14496.690    14496.748    14551.059
443  F81+F+G4      7240.490     9   14498.980    14499.039    14553.350
444  F81+F+I+G4    7240.742     10  14501.483    14501.554    14561.894
445  F81+F+R2      7240.158     10  14500.316    14500.387    14560.727
464  JC+I          7342.179     6   14696.358    14696.385    14732.604
465  JC+G4         7343.206     6   14698.413    14698.440    14734.660
466  JC+I+G4       7343.307     7   14700.614    14700.650    14742.901
467  JC+R2         7342.936     7   14699.873    14699.909    14742.160
Akaike Information Criterion:           TIM2+F+G4
Corrected Akaike Information Criterion: TIM2+F+G4
Bayesian Information Criterion:         TIM2+F+G4
Best-fit model: TIM2+F+G4 chosen according to BIC

All model information printed to /home/jeremias//chrM/split/iter02/window_1_01/window_1_01_025_2.fa.model.gz
CPU time for ModelFinder: 0.210 seconds (0h:0m:0s)
Wall-clock time for ModelFinder: 0.223 seconds (0h:0m:0s)

NOTE: 0 MB RAM (0 GB) is required!
Estimate model parameters (epsilon = 0.100)
1. Initial log-likelihood: -7240.667
2. Current log-likelihood: -6828.099
3. Current log-likelihood: -6803.584
4. Current log-likelihood: -6802.786
5. Current log-likelihood: -6802.685
Optimal log-likelihood: -6802.657
Rate parameters:  A-C: 5.30216  A-G: 45.45981  A-T: 5.30216  C-G: 1.00000  C-T: 100.00000  G-T: 1.00000
Warning! Some parameters hit the boundaries
Base frequencies:  A: 0.329  C: 0.281  G: 0.163  T: 0.227
Gamma shape alpha: 0.184
Parameters optimization took 5 rounds (0.004 sec)

WARNING: Estimated model parameters are at boundary that can cause numerical instability!

Wrote distance file to... 
Computing ML distances based on estimated model parameters...
Calculating distance matrix: done in 0.000624612 secs using 16.97% CPU
Computing ML distances took 0.000677 sec (of wall-clock time) 0.000163 sec (of CPU time)
Setting up auxiliary I and S matrices: done in 0.000404269 secs
Computing RapidNJ tree took 0.000567 sec (of wall-clock time) 0.000000 sec (of CPU time)
Log-likelihood of RapidNJ tree: -6803.441
--------------------------------------------------------------------
|             INITIALIZING CANDIDATE TREE SET                      |
--------------------------------------------------------------------
Generating 98 parsimony trees... 0.010 second
Computing log-likelihood of 1 initial trees ... 0.000 seconds
Current best score: -6802.657

Do NNI search on 3 best initial trees
UPDATE BEST LOG-LIKELIHOOD: -6802.651
Finish initializing candidate tree set (3)
Current best tree score: -6802.651 / CPU time: 0.012
Number of iterations: 3
--------------------------------------------------------------------
|               OPTIMIZING CANDIDATE TREE SET                      |
--------------------------------------------------------------------
Iteration 10 / LogL: -6803.188 / Time: 0h:0m:0s
Iteration 20 / LogL: -6802.651 / Time: 0h:0m:0s
Iteration 30 / LogL: -6802.660 / Time: 0h:0m:0s (0h:0m:0s left)
Iteration 40 / LogL: -6802.653 / Time: 0h:0m:0s (0h:0m:0s left)
Iteration 50 / LogL: -6802.653 / Time: 0h:0m:0s (0h:0m:0s left)
Iteration 60 / LogL: -6802.660 / Time: 0h:0m:0s (0h:0m:0s left)
Iteration 70 / LogL: -6802.660 / Time: 0h:0m:0s (0h:0m:0s left)
Iteration 80 / LogL: -6802.651 / Time: 0h:0m:0s (0h:0m:0s left)
Iteration 90 / LogL: -6802.660 / Time: 0h:0m:0s (0h:0m:0s left)
Iteration 100 / LogL: -6802.653 / Time: 0h:0m:0s (0h:0m:0s left)
TREE SEARCH COMPLETED AFTER 101 ITERATIONS / Time: 0h:0m:0s

--------------------------------------------------------------------
|                    FINALIZING TREE SEARCH                        |
--------------------------------------------------------------------
Performs final model parameters optimization
Estimate model parameters (epsilon = 0.010)
1. Initial log-likelihood: -6802.651
Optimal log-likelihood: -6802.647
Rate parameters:  A-C: 5.27131  A-G: 45.28254  A-T: 5.27131  C-G: 1.00000  C-T: 100.00000  G-T: 1.00000
Warning! Some parameters hit the boundaries
Base frequencies:  A: 0.329  C: 0.281  G: 0.163  T: 0.227
Gamma shape alpha: 0.183
Parameters optimization took 1 rounds (0.001 sec)

WARNING: Estimated model parameters are at boundary that can cause numerical instability!

BEST SCORE FOUND : -6802.647
Total tree length: 0.308

Total number of iterations: 101
CPU time used for tree search: 0.048 sec (0h:0m:0s)
Wall-clock time used for tree search: 0.046 sec (0h:0m:0s)
Total CPU time used: 0.271 sec (0h:0m:0s)
Total wall-clock time used: 0.285 sec (0h:0m:0s)

Analysis results written to: 
  IQ-TREE report:                /home/jeremias//chrM/split/iter02/window_1_01/window_1_01_025_2.fa.iqtree
  Maximum-likelihood tree:       /home/jeremias//chrM/split/iter02/window_1_01/window_1_01_025_2.fa.treefile
  Likelihood distances:          /home/jeremias//chrM/split/iter02/window_1_01/window_1_01_025_2.fa.mldist
  Screen log file:               /home/jeremias//chrM/split/iter02/window_1_01/window_1_01_025_2.fa.log

Date and Time: Thu Jun 25 05:41:24 2026
