IQ-TREE multicore version 2.4.0 for Linux x86 64-bit built Feb  7 2025
Developed by Bui Quang Minh, Nguyen Lam Tung, Olga Chernomor, Heiko Schmidt,
Dominik Schrempf, Michael Woodhams, Ly Trong Nhan, Thomas Wong

Host:    rosa (AVX512, FMA3, 755 GB RAM)
Command: /home/jeremias/software/iqtree-2.4.0-Linux-intel/bin/iqtree2 -s /home/jeremias//chrM/split/iter01/window_1/window_1_05_2.fa -T 1 --quiet --redo -blmin 0.00012071463061323
Seed:    243064 (Using SPRNG - Scalable Parallel Random Number Generator)
Time:    Thu Jun 25 05:41:22 2026
Kernel:  AVX+FMA - 1 threads (128 CPU cores detected)

HINT: Use -nt option to specify number of threads because your CPU has 128 cores!
HINT: -nt AUTO will automatically determine the best number of threads to use.

Reading alignment file /home/jeremias//chrM/split/iter01/window_1/window_1_05_2.fa ... Fasta format detected
Reading fasta file: done in 0.000464901 secs using 99.59% CPU
Alignment most likely contains DNA/RNA sequences
Alignment has 4 sequences with 8284 columns, 163 distinct patterns
412 parsimony-informative, 1610 singleton sites, 6262 constant sites
         Gap/Ambiguity  Composition  p-value
Analyzing sequences: done in 1.84774e-05 secs using 97.42% CPU
   1  hg38       0.00%    passed     98.05%
   2  gorGor3    0.91%    passed     60.73%
   3  panTro4    0.06%    passed     51.10%
   4  ponAbe2    3.48%    failed      1.50%
****  TOTAL      1.11%  1 sequences failed composition chi2 test (p-value<5%; df=3)


Create initial parsimony tree by phylogenetic likelihood library (PLL)... 0.000 seconds
Perform fast likelihood tree search using GTR+I+G model...
Estimate model parameters (epsilon = 5.000)

WARNING: Estimated model parameters are at boundary that can cause numerical instability!

Perform nearest neighbor interchange...
Estimate model parameters (epsilon = 1.000)
1. Initial log-likelihood: -20359.358
Optimal log-likelihood: -20357.999
Rate parameters:  A-C: 6.23484  A-G: 87.38929  A-T: 6.08264  C-G: 1.28035  C-T: 100.00000  G-T: 1.00000
Warning! Some parameters hit the boundaries
Base frequencies:  A: 0.307  C: 0.329  G: 0.112  T: 0.251
Proportion of invariable sites: 0.361
Gamma shape alpha: 0.597
Parameters optimization took 1 rounds (0.002 sec)

WARNING: Estimated model parameters are at boundary that can cause numerical instability!

Time for fast ML tree search: 0.013 seconds

NOTE: ModelFinder requires 0 MB RAM!
ModelFinder will test up to 484 DNA models (sample size: 8284 epsilon: 0.100) ...
 No. Model         -LnL         df  AIC          AICc         BIC
  1  GTR+F         20562.459    13  41150.919    41150.963    41242.206
  2  GTR+F+I       20353.126    14  40734.252    40734.303    40832.561
  3  GTR+F+G4      20351.931    14  40731.862    40731.913    40830.171
  4  GTR+F+I+G4    20355.858    15  40741.716    40741.774    40847.047
  5  GTR+F+R2      20352.691    15  40735.383    40735.441    40840.714
  6  GTR+F+R3      20351.962    17  40737.924    40737.998    40857.299
 14  GTR+F+I+R2    20352.579    16  40737.158    40737.224    40849.511
 15  GTR+F+I+R3    20352.471    18  40740.942    40741.025    40867.340
 24  SYM+I         21011.332    11  42044.664    42044.696    42121.907
 25  SYM+G4        21014.446    11  42050.891    42050.923    42128.134
 46  TVM+F+I       20353.855    13  40733.711    40733.755    40824.998
 47  TVM+F+G4      20354.144    13  40734.289    40734.333    40825.576
 68  TVMe+I        21087.854    10  42195.708    42195.735    42265.929
 69  TVMe+G4       21090.125    10  42200.251    42200.278    42270.472
 90  TIM3+F+I      20371.362    12  40766.724    40766.761    40850.989
 91  TIM3+F+G4     20368.817    12  40761.635    40761.673    40845.900
112  TIM3e+I       21097.031    9   42212.063    42212.084    42275.261
113  TIM3e+G4      21099.468    9   42216.936    42216.958    42280.135
134  TIM2+F+I      20353.355    12  40730.709    40730.747    40814.974
135  TIM2+F+G4     20351.953    12  40727.905    40727.943    40812.170
156  TIM2e+I       21013.175    9   42044.351    42044.373    42107.549
157  TIM2e+G4      21016.824    9   42051.649    42051.671    42114.848
178  TIM+F+I       20370.898    12  40765.797    40765.834    40850.062
179  TIM+F+G4      20368.429    12  40760.857    40760.895    40845.122
200  TIMe+I        21093.394    9   42204.789    42204.810    42267.987
201  TIMe+G4       21096.075    9   42210.151    42210.172    42273.349
222  TPM3u+F+I     20371.282    11  40764.565    40764.596    40841.807
223  TPM3u+F+G4    20369.878    11  40761.757    40761.788    40838.999
244  TPM3+I        21172.998    8   42361.996    42362.014    42418.173
245  TPM3+G4       21175.884    8   42367.769    42367.786    42423.946
266  TPM2u+F+I     20354.041    11  40730.081    40730.113    40807.324
267  TPM2u+F+G4    20353.681    11  40729.363    40729.395    40806.606
288  TPM2+I        21089.838    8   42195.676    42195.693    42251.853
289  TPM2+G4       21092.550    8   42201.099    42201.116    42257.276
310  K3Pu+F+I      20370.936    11  40763.872    40763.904    40841.115
311  K3Pu+F+G4     20369.549    11  40761.098    40761.130    40838.341
332  K3P+I         21169.277    8   42354.554    42354.571    42410.731
333  K3P+G4        21172.412    8   42360.825    42360.842    42417.001
354  TN+F+I        20371.272    11  40764.543    40764.575    40841.786
355  TN+F+G4       20368.852    11  40759.703    40759.735    40836.946
376  TNe+I         21098.109    8   42212.218    42212.235    42268.394
377  TNe+G4        21100.845    8   42217.691    42217.708    42273.868
398  HKY+F+I       20371.332    10  40762.665    40762.691    40832.885
399  HKY+F+G4      20369.848    10  40759.697    40759.724    40829.918
420  K2P+I         21174.081    7   42362.162    42362.176    42411.317
421  K2P+G4        21177.167    7   42368.334    42368.348    42417.489
442  F81+F+I       21864.239    9   43746.479    43746.501    43809.678
443  F81+F+G4      21870.866    9   43759.732    43759.754    43822.931
464  JC+I          22530.598    6   45073.197    45073.207    45115.329
465  JC+G4         22536.258    6   45084.515    45084.525    45126.648
Akaike Information Criterion:           TIM2+F+G4
Corrected Akaike Information Criterion: TIM2+F+G4
Bayesian Information Criterion:         TPM2u+F+G4
Best-fit model: TPM2u+F+G4 chosen according to BIC

All model information printed to /home/jeremias//chrM/split/iter01/window_1/window_1_05_2.fa.model.gz
CPU time for ModelFinder: 0.329 seconds (0h:0m:0s)
Wall-clock time for ModelFinder: 0.350 seconds (0h:0m:0s)

NOTE: 0 MB RAM (0 GB) is required!
Estimate model parameters (epsilon = 0.100)
1. Initial log-likelihood: -21872.747
2. Current log-likelihood: -20599.422
3. Current log-likelihood: -20400.289
4. Current log-likelihood: -20369.783
5. Current log-likelihood: -20360.980
6. Current log-likelihood: -20357.311
7. Current log-likelihood: -20355.714
8. Current log-likelihood: -20354.903
9. Current log-likelihood: -20354.469
10. Current log-likelihood: -20354.238
11. Current log-likelihood: -20354.129
Optimal log-likelihood: -20354.043
Rate parameters:  A-C: 4.43311  A-G: 79.67727  A-T: 4.43311  C-G: 1.00000  C-T: 79.67727  G-T: 1.00000
Base frequencies:  A: 0.307  C: 0.329  G: 0.112  T: 0.251
Gamma shape alpha: 0.197
Parameters optimization took 11 rounds (0.011 sec)
Wrote distance file to... 
Computing ML distances based on estimated model parameters...
Calculating distance matrix: done in 7.82758e-05 secs using 99.65% CPU
Computing ML distances took 0.000130 sec (of wall-clock time) 0.000134 sec (of CPU time)
Setting up auxiliary I and S matrices: done in 4.69685e-05 secs using 100.1% CPU
Computing RapidNJ tree took 0.000390 sec (of wall-clock time) 0.000662 sec (of CPU time)
Log-likelihood of RapidNJ tree: -20354.042
--------------------------------------------------------------------
|             INITIALIZING CANDIDATE TREE SET                      |
--------------------------------------------------------------------
Generating 99 parsimony trees... 0.024 second
Computing log-likelihood of 2 initial trees ... 0.000 seconds
Current best score: -20354.042

Do NNI search on 3 best initial trees
Finish initializing candidate tree set (3)
Current best tree score: -20354.042 / CPU time: 0.027
Number of iterations: 3
--------------------------------------------------------------------
|               OPTIMIZING CANDIDATE TREE SET                      |
--------------------------------------------------------------------
Iteration 10 / LogL: -20354.545 / Time: 0h:0m:0s
Iteration 20 / LogL: -20364.984 / Time: 0h:0m:0s
UPDATE BEST LOG-LIKELIHOOD: -20354.042
Iteration 30 / LogL: -20354.545 / Time: 0h:0m:0s (0h:0m:0s left)
Iteration 40 / LogL: -20354.058 / Time: 0h:0m:0s (0h:0m:0s left)
Iteration 50 / LogL: -20354.058 / Time: 0h:0m:0s (0h:0m:0s left)
Iteration 60 / LogL: -20354.058 / Time: 0h:0m:0s (0h:0m:0s left)
Iteration 70 / LogL: -20354.503 / Time: 0h:0m:0s (0h:0m:0s left)
Iteration 80 / LogL: -20354.503 / Time: 0h:0m:0s (0h:0m:0s left)
Iteration 90 / LogL: -20354.503 / Time: 0h:0m:0s (0h:0m:0s left)
Iteration 100 / LogL: -20354.058 / Time: 0h:0m:0s (0h:0m:0s left)
TREE SEARCH COMPLETED AFTER 101 ITERATIONS / Time: 0h:0m:0s

--------------------------------------------------------------------
|                    FINALIZING TREE SEARCH                        |
--------------------------------------------------------------------
Performs final model parameters optimization
Estimate model parameters (epsilon = 0.010)
1. Initial log-likelihood: -20354.042
2. Current log-likelihood: -20354.026
3. Current log-likelihood: -20354.004
Optimal log-likelihood: -20353.990
Rate parameters:  A-C: 4.34703  A-G: 79.69092  A-T: 4.34703  C-G: 1.00000  C-T: 79.69092  G-T: 1.00000
Base frequencies:  A: 0.307  C: 0.329  G: 0.112  T: 0.251
Gamma shape alpha: 0.193
Parameters optimization took 3 rounds (0.002 sec)
BEST SCORE FOUND : -20353.990
Total tree length: 0.655

Total number of iterations: 101
CPU time used for tree search: 0.084 sec (0h:0m:0s)
Wall-clock time used for tree search: 0.082 sec (0h:0m:0s)
Total CPU time used: 0.435 sec (0h:0m:0s)
Total wall-clock time used: 0.455 sec (0h:0m:0s)

Analysis results written to: 
  IQ-TREE report:                /home/jeremias//chrM/split/iter01/window_1/window_1_05_2.fa.iqtree
  Maximum-likelihood tree:       /home/jeremias//chrM/split/iter01/window_1/window_1_05_2.fa.treefile
  Likelihood distances:          /home/jeremias//chrM/split/iter01/window_1/window_1_05_2.fa.mldist
  Screen log file:               /home/jeremias//chrM/split/iter01/window_1/window_1_05_2.fa.log

Date and Time: Thu Jun 25 05:41:22 2026
