IQ-TREE multicore version 2.4.0 for Linux x86 64-bit built Feb  7 2025
Developed by Bui Quang Minh, Nguyen Lam Tung, Olga Chernomor, Heiko Schmidt,
Dominik Schrempf, Michael Woodhams, Ly Trong Nhan, Thomas Wong

Host:    rosa (AVX512, FMA3, 755 GB RAM)
Command: /home/jeremias/software/iqtree-2.4.0-Linux-intel/bin/iqtree2 -s /home/jeremias//chrM/split/iter01/window_1/window_1_075_2.fa -T 1 --quiet --redo -blmin 0.000241429261226461
Seed:    107815 (Using SPRNG - Scalable Parallel Random Number Generator)
Time:    Thu Jun 25 05:41:23 2026
Kernel:  AVX+FMA - 1 threads (128 CPU cores detected)

HINT: Use -nt option to specify number of threads because your CPU has 128 cores!
HINT: -nt AUTO will automatically determine the best number of threads to use.

Reading alignment file /home/jeremias//chrM/split/iter01/window_1/window_1_075_2.fa ... Fasta format detected
Reading fasta file: done in 0.000245556 secs using 99.37% CPU
Alignment most likely contains DNA/RNA sequences
Alignment has 4 sequences with 4142 columns, 139 distinct patterns
206 parsimony-informative, 817 singleton sites, 3119 constant sites
         Gap/Ambiguity  Composition  p-value
Analyzing sequences: done in 1.60635e-05 secs
   1  hg38       0.00%    passed     99.09%
   2  gorGor3    1.81%    passed     95.83%
   3  panTro4    0.12%    passed     85.32%
   4  ponAbe2    6.90%    passed     47.86%
****  TOTAL      2.21%  0 sequences failed composition chi2 test (p-value<5%; df=3)


Create initial parsimony tree by phylogenetic likelihood library (PLL)... 0.000 seconds
Perform fast likelihood tree search using GTR+I+G model...
Estimate model parameters (epsilon = 5.000)

WARNING: Estimated model parameters are at boundary that can cause numerical instability!

Perform nearest neighbor interchange...
Estimate model parameters (epsilon = 1.000)
1. Initial log-likelihood: -10252.843
Optimal log-likelihood: -10251.439
Rate parameters:  A-C: 6.90822  A-G: 80.74447  A-T: 6.80876  C-G: 0.70469  C-T: 100.00000  G-T: 1.00000
Warning! Some parameters hit the boundaries
Base frequencies:  A: 0.310  C: 0.338  G: 0.112  T: 0.240
Proportion of invariable sites: 0.359
Gamma shape alpha: 0.582
Parameters optimization took 1 rounds (0.002 sec)

WARNING: Estimated model parameters are at boundary that can cause numerical instability!

Time for fast ML tree search: 0.010 seconds

NOTE: ModelFinder requires 0 MB RAM!
ModelFinder will test up to 484 DNA models (sample size: 4142 epsilon: 0.100) ...
 No. Model         -LnL         df  AIC          AICc         BIC
  1  GTR+F         10367.909    13  20761.818    20761.907    20844.095
  2  GTR+F+I       10247.153    14  20522.306    20522.407    20610.911
  3  GTR+F+G4      10247.179    14  20522.359    20522.461    20610.964
  4  GTR+F+I+G4    10249.302    15  20528.604    20528.721    20623.538
  5  GTR+F+R2      10246.999    15  20523.998    20524.114    20618.932
+R3 reinitialized from +R2 with factor 0.500
  6  GTR+F+R3      10246.701    17  20527.401    20527.550    20634.993
 14  GTR+F+I+R2    10246.936    16  20525.873    20526.005    20627.136
 15  GTR+F+I+R3    10246.751    18  20529.502    20529.667    20643.422
 24  SYM+I         10597.858    11  21217.716    21217.780    21287.335
 25  SYM+G4        10599.193    11  21220.385    21220.449    21290.004
 27  SYM+R2        10598.080    12  21220.160    21220.235    21296.107
 46  TVM+F+I       10248.836    13  20523.672    20523.760    20605.948
 47  TVM+F+G4      10249.465    13  20524.929    20525.018    20607.206
 49  TVM+F+R2      10248.715    14  20525.430    20525.531    20614.035
 68  TVMe+I        10638.982    10  21297.964    21298.017    21361.253
 69  TVMe+G4       10639.627    10  21299.254    21299.308    21362.544
 71  TVMe+R2       10638.698    11  21299.396    21299.460    21369.014
 90  TIM3+F+I      10259.903    12  20543.807    20543.883    20619.754
 91  TIM3+F+G4     10259.097    12  20542.193    20542.269    20618.140
 93  TIM3+F+R2     10259.273    13  20544.546    20544.634    20626.822
112  TIM3e+I       10650.298    9   21318.596    21318.640    21375.557
113  TIM3e+G4      10651.649    9   21321.299    21321.342    21378.259
115  TIM3e+R2      10650.545    10  21321.091    21321.144    21384.380
134  TIM2+F+I      10247.244    12  20518.489    20518.564    20594.436
135  TIM2+F+G4     10247.568    12  20519.136    20519.211    20595.083
137  TIM2+F+R2     10246.838    13  20519.675    20519.763    20601.951
156  TIM2e+I       10598.999    9   21215.998    21216.042    21272.959
157  TIM2e+G4      10601.027    9   21220.054    21220.098    21277.014
159  TIM2e+R2      10599.413    10  21218.826    21218.879    21282.115
178  TIM+F+I       10259.104    12  20542.209    20542.285    20618.156
179  TIM+F+G4      10258.137    12  20540.274    20540.350    20616.222
181  TIM+F+R2      10258.344    13  20542.688    20542.776    20624.964
200  TIMe+I        10646.381    9   21310.762    21310.805    21367.722
201  TIMe+G4       10647.801    9   21313.601    21313.645    21370.562
203  TIMe+R2       10646.581    10  21313.163    21313.216    21376.452
222  TPM3u+F+I     10260.570    11  20543.140    20543.204    20612.758
223  TPM3u+F+G4    10260.326    11  20542.653    20542.717    20612.271
225  TPM3u+F+R2    10259.992    12  20543.984    20544.059    20619.931
244  TPM3+I        10691.074    8   21398.149    21398.183    21448.780
245  TPM3+G4       10692.335    8   21400.670    21400.705    21451.302
247  TPM3+R2       10691.443    9   21400.886    21400.929    21457.846
266  TPM2u+F+I     10248.922    11  20519.845    20519.909    20589.463
267  TPM2u+F+G4    10249.634    11  20521.267    20521.331    20590.885
269  TPM2u+F+R2    10248.581    12  20521.162    20521.237    20597.109
288  TPM2+I        10639.972    8   21295.945    21295.980    21346.576
289  TPM2+G4       10641.124    8   21298.248    21298.283    21348.880
291  TPM2+R2       10640.266    9   21298.532    21298.576    21355.492
310  K3Pu+F+I      10259.883    11  20541.767    20541.830    20611.385
311  K3Pu+F+G4     10259.523    11  20541.046    20541.110    20610.664
313  K3Pu+F+R2     10259.264    12  20542.528    20542.604    20618.476
332  K3P+I         10687.163    8   21390.326    21390.361    21440.957
333  K3P+G4        10688.419    8   21392.839    21392.874    21443.470
335  K3P+R2        10687.484    9   21392.968    21393.011    21449.928
354  TN+F+I        10259.885    11  20541.770    20541.834    20611.388
355  TN+F+G4       10259.028    11  20540.057    20540.121    20609.675
357  TN+F+R2       10259.076    12  20542.153    20542.228    20618.100
376  TNe+I         10650.690    8   21317.379    21317.414    21368.011
377  TNe+G4        10652.356    8   21320.712    21320.747    21371.343
379  TNe+R2        10651.060    9   21320.120    21320.164    21377.081
398  HKY+F+I       10260.575    10  20541.150    20541.203    20604.439
399  HKY+F+G4      10260.319    10  20540.637    20540.691    20603.927
401  HKY+F+R2      10259.927    11  20541.854    20541.917    20611.472
420  K2P+I         10691.473    7   21396.946    21396.973    21441.249
421  K2P+G4        10692.867    7   21399.733    21399.761    21444.036
423  K2P+R2        10691.871    8   21399.741    21399.776    21450.373
442  F81+F+I       10983.886    9   21985.773    21985.816    22042.733
443  F81+F+G4      10987.603    9   21993.206    21993.249    22050.166
445  F81+F+R2      10985.135    10  21990.271    21990.324    22053.560
464  JC+I          11333.744    6   22679.487    22679.508    22717.461
465  JC+G4         11336.901    6   22685.802    22685.823    22723.776
467  JC+R2         11334.956    7   22683.912    22683.939    22728.214
Akaike Information Criterion:           TIM2+F+I
Corrected Akaike Information Criterion: TIM2+F+I
Bayesian Information Criterion:         TPM2u+F+I
Best-fit model: TPM2u+F+I chosen according to BIC

All model information printed to /home/jeremias//chrM/split/iter01/window_1/window_1_075_2.fa.model.gz
CPU time for ModelFinder: 0.444 seconds (0h:0m:0s)
Wall-clock time for ModelFinder: 0.454 seconds (0h:0m:0s)

NOTE: 0 MB RAM (0 GB) is required!
Estimate model parameters (epsilon = 0.100)
1. Initial log-likelihood: -10984.827
2. Current log-likelihood: -10339.034
3. Current log-likelihood: -10266.458
4. Current log-likelihood: -10252.639
5. Current log-likelihood: -10250.035
6. Current log-likelihood: -10249.198
7. Current log-likelihood: -10248.916
8. Current log-likelihood: -10248.811
Optimal log-likelihood: -10248.754
Rate parameters:  A-C: 6.94565  A-G: 99.63440  A-T: 6.94565  C-G: 1.00000  C-T: 99.63440  G-T: 1.00000
Base frequencies:  A: 0.310  C: 0.338  G: 0.112  T: 0.240
Proportion of invariable sites: 0.642
Parameters optimization took 8 rounds (0.003 sec)

WARNING: Estimated model parameters are at boundary that can cause numerical instability!

Wrote distance file to... 
Computing ML distances based on estimated model parameters...
Calculating distance matrix: done in 5.50449e-05 secs using 96.29% CPU
Computing ML distances took 0.000100 sec (of wall-clock time) 0.000100 sec (of CPU time)
Setting up auxiliary I and S matrices: done in 5.45382e-05 secs
Computing RapidNJ tree took 0.000644 sec (of wall-clock time) 0.000000 sec (of CPU time)
Log-likelihood of RapidNJ tree: -10248.754
--------------------------------------------------------------------
|             INITIALIZING CANDIDATE TREE SET                      |
--------------------------------------------------------------------
Generating 99 parsimony trees... 0.015 second
Computing log-likelihood of 2 initial trees ... 0.000 seconds
Current best score: -10248.754

Do NNI search on 3 best initial trees
Finish initializing candidate tree set (3)
Current best tree score: -10248.754 / CPU time: 0.017
Number of iterations: 3
--------------------------------------------------------------------
|               OPTIMIZING CANDIDATE TREE SET                      |
--------------------------------------------------------------------
Iteration 10 / LogL: -10249.157 / Time: 0h:0m:0s
Iteration 20 / LogL: -10256.386 / Time: 0h:0m:0s
Iteration 30 / LogL: -10249.157 / Time: 0h:0m:0s (0h:0m:0s left)
Iteration 40 / LogL: -10248.837 / Time: 0h:0m:0s (0h:0m:0s left)
Iteration 50 / LogL: -10248.837 / Time: 0h:0m:0s (0h:0m:0s left)
Iteration 60 / LogL: -10256.891 / Time: 0h:0m:0s (0h:0m:0s left)
Iteration 70 / LogL: -10256.386 / Time: 0h:0m:0s (0h:0m:0s left)
Iteration 80 / LogL: -10248.837 / Time: 0h:0m:0s (0h:0m:0s left)
Iteration 90 / LogL: -10256.891 / Time: 0h:0m:0s (0h:0m:0s left)
Iteration 100 / LogL: -10248.782 / Time: 0h:0m:0s (0h:0m:0s left)
TREE SEARCH COMPLETED AFTER 101 ITERATIONS / Time: 0h:0m:0s

--------------------------------------------------------------------
|                    FINALIZING TREE SEARCH                        |
--------------------------------------------------------------------
Performs final model parameters optimization
Estimate model parameters (epsilon = 0.010)
1. Initial log-likelihood: -10248.754
Optimal log-likelihood: -10248.739
Rate parameters:  A-C: 6.88043  A-G: 99.64025  A-T: 6.88043  C-G: 1.00000  C-T: 99.64025  G-T: 1.00000
Base frequencies:  A: 0.310  C: 0.338  G: 0.112  T: 0.240
Proportion of invariable sites: 0.643
Parameters optimization took 1 rounds (0.000 sec)

WARNING: Estimated model parameters are at boundary that can cause numerical instability!

BEST SCORE FOUND : -10248.739
Total tree length: 0.614

Total number of iterations: 101
CPU time used for tree search: 0.044 sec (0h:0m:0s)
Wall-clock time used for tree search: 0.040 sec (0h:0m:0s)
Total CPU time used: 0.499 sec (0h:0m:0s)
Total wall-clock time used: 0.508 sec (0h:0m:0s)

Analysis results written to: 
  IQ-TREE report:                /home/jeremias//chrM/split/iter01/window_1/window_1_075_2.fa.iqtree
  Maximum-likelihood tree:       /home/jeremias//chrM/split/iter01/window_1/window_1_075_2.fa.treefile
  Likelihood distances:          /home/jeremias//chrM/split/iter01/window_1/window_1_075_2.fa.mldist
  Screen log file:               /home/jeremias//chrM/split/iter01/window_1/window_1_075_2.fa.log

Date and Time: Thu Jun 25 05:41:23 2026
