IQ-TREE multicore version 2.4.0 for Linux x86 64-bit built Feb  7 2025
Developed by Bui Quang Minh, Nguyen Lam Tung, Olga Chernomor, Heiko Schmidt,
Dominik Schrempf, Michael Woodhams, Ly Trong Nhan, Thomas Wong

Host:    rosa (AVX512, FMA3, 755 GB RAM)
Command: /home/jeremias/software/iqtree-2.4.0-Linux-intel/bin/iqtree2 -s /home/jeremias//chrM/split/iter06/window_1_07/window_1_07_075_2.fa -T 1 --quiet --redo -blmin 0.00917431192660551
Seed:    69466 (Using SPRNG - Scalable Parallel Random Number Generator)
Time:    Thu Jun 25 05:41:52 2026
Kernel:  AVX+FMA - 1 threads (128 CPU cores detected)

HINT: Use -nt option to specify number of threads because your CPU has 128 cores!
HINT: -nt AUTO will automatically determine the best number of threads to use.

Reading alignment file /home/jeremias//chrM/split/iter06/window_1_07/window_1_07_075_2.fa ... Fasta format detected
Reading fasta file: done in 2.69413e-05 secs
Alignment most likely contains DNA/RNA sequences
Alignment has 4 sequences with 109 columns, 22 distinct patterns
2 parsimony-informative, 19 singleton sites, 88 constant sites
         Gap/Ambiguity  Composition  p-value
Analyzing sequences: done in 4.76837e-06 secs
   1  hg38       0.00%    passed     99.64%
   2  gorGor3    0.00%    passed     91.79%
   3  panTro4    0.00%    passed     97.87%
   4  ponAbe2    0.00%    passed     86.38%
****  TOTAL      0.00%  0 sequences failed composition chi2 test (p-value<5%; df=3)


Create initial parsimony tree by phylogenetic likelihood library (PLL)... 0.000 seconds
Perform fast likelihood tree search using GTR+I+G model...
Estimate model parameters (epsilon = 5.000)

WARNING: Estimated model parameters are at boundary that can cause numerical instability!

Perform nearest neighbor interchange...
Estimate model parameters (epsilon = 1.000)
1. Initial log-likelihood: -238.515
Optimal log-likelihood: -238.485
Rate parameters:  A-C: 2.71824  A-G: 100.00000  A-T: 16.43238  C-G: 0.00010  C-T: 69.86855  G-T: 1.00000
Warning! Some parameters hit the boundaries
Base frequencies:  A: 0.330  C: 0.399  G: 0.096  T: 0.174
Proportion of invariable sites: 0.385
Gamma shape alpha: 2.675
Parameters optimization took 1 rounds (0.001 sec)

WARNING: Estimated model parameters are at boundary that can cause numerical instability!

Time for fast ML tree search: 0.006 seconds

NOTE: ModelFinder requires 0 MB RAM!
ModelFinder will test up to 484 DNA models (sample size: 109 epsilon: 0.100) ...
 No. Model         -LnL         df  AIC          AICc         BIC
  1  GTR+F         239.212      13  504.424      508.256      539.412
  2  GTR+F+I       238.514      14  505.028      509.496      542.707
  3  GTR+F+G4      238.479      14  504.958      509.426      542.637
  4  GTR+F+I+G4    238.473      15  506.947      512.108      547.317
  5  GTR+F+R2      238.540      15  507.080      512.242      547.450
+R3 reinitialized from +R2 with factor 0.500
  6  GTR+F+R3      238.587      17  511.173      517.899      556.926
 14  GTR+F+I+R2    238.173      16  508.346      514.259      551.407
 15  GTR+F+I+R3    238.194      18  512.388      519.988      560.833
 23  SYM           254.118      10  528.235      530.480      555.149
 24  SYM+I         253.844      11  529.687      532.409      559.292
 25  SYM+G4        253.800      11  529.600      532.321      559.205
 26  SYM+I+G4      253.792      12  531.585      534.835      563.881
 27  SYM+R2        253.763      12  531.526      534.776      563.822
 45  TVM+F         239.455      12  502.910      506.160      535.206
 46  TVM+F+I       238.744      13  503.488      507.320      538.476
 47  TVM+F+G4      238.611      13  503.222      507.054      538.210
 48  TVM+F+I+G4    238.518      14  505.036      509.504      542.715
 49  TVM+F+R2      238.655      14  505.310      509.779      542.989
 67  TVMe          254.223      9   526.446      528.265      550.669
 68  TVMe+I        253.890      10  527.780      530.025      554.693
 69  TVMe+G4       253.897      10  527.795      530.040      554.708
 70  TVMe+I+G4     253.872      11  529.745      532.466      559.349
 71  TVMe+R2       253.826      11  529.651      532.373      559.256
 89  TIM3+F        239.432      11  500.864      503.585      530.468
 90  TIM3+F+I      238.607      12  501.214      504.464      533.510
 91  TIM3+F+G4     238.606      12  501.212      504.462      533.508
 92  TIM3+F+I+G4   238.580      13  503.161      506.992      538.148
 93  TIM3+F+R2     238.653      13  503.306      507.138      538.294
111  TIM3e         254.819      8   525.638      527.078      547.169
112  TIM3e+I       254.554      9   527.108      528.926      551.330
113  TIM3e+G4      254.475      9   526.951      528.769      551.173
114  TIM3e+I+G4    254.481      10  528.963      531.208      555.876
115  TIM3e+R2      254.481      10  528.961      531.206      555.875
133  TIM2+F        240.094      11  502.187      504.909      531.792
134  TIM2+F+I      239.364      12  502.729      505.979      535.025
135  TIM2+F+G4     239.246      12  502.492      505.742      534.789
136  TIM2+F+I+G4   239.235      13  504.469      508.301      539.457
137  TIM2+F+R2     239.335      13  504.671      508.502      539.658
155  TIM2e         254.393      8   524.785      526.225      546.316
156  TIM2e+I       254.106      9   526.211      528.030      550.434
157  TIM2e+G4      254.101      9   526.202      528.020      550.424
158  TIM2e+I+G4    254.092      10  528.184      530.428      555.097
159  TIM2e+R2      254.062      10  528.124      530.369      555.037
177  TIM+F         240.196      11  502.393      505.114      531.997
178  TIM+F+I       239.454      12  502.909      506.159      535.205
179  TIM+F+G4      239.461      12  502.921      506.171      535.218
180  TIM+F+I+G4    239.445      13  504.890      508.721      539.877
181  TIM+F+R2      239.416      13  504.833      508.664      539.820
199  TIMe          254.991      8   525.982      527.422      547.512
200  TIMe+I        254.702      9   527.404      529.222      551.626
201  TIMe+G4       254.678      9   527.356      529.174      551.578
202  TIMe+I+G4     254.677      10  529.353      531.598      556.267
203  TIMe+R2       254.675      10  529.350      531.595      556.264
221  TPM3u+F       239.495      10  498.990      501.234      525.903
222  TPM3u+F+I     238.847      11  499.694      502.415      529.298
223  TPM3u+F+G4    238.832      11  499.664      502.386      529.269
224  TPM3u+F+I+G4  238.826      12  501.652      504.902      533.949
225  TPM3u+F+R2    238.811      12  501.622      504.872      533.918
243  TPM3          254.933      7   523.867      524.976      542.706
244  TPM3+I        254.603      8   525.207      526.647      546.737
245  TPM3+G4       254.600      8   525.201      526.641      546.732
246  TPM3+I+G4     254.601      9   527.202      529.020      551.424
247  TPM3+R2       254.597      9   527.193      529.012      551.416
265  TPM2u+F       240.236      10  500.471      502.716      527.385
266  TPM2u+F+I     239.565      11  501.131      503.852      530.735
267  TPM2u+F+G4    239.447      11  500.895      503.617      530.500
268  TPM2u+F+I+G4  239.440      12  502.880      506.130      535.177
269  TPM2u+F+R2    239.537      12  503.074      506.324      535.370
287  TPM2          254.511      7   523.021      524.130      541.861
288  TPM2+I        254.215      8   524.430      525.870      545.961
289  TPM2+G4       254.175      8   524.350      525.790      545.881
290  TPM2+I+G4     254.179      9   526.357      528.175      550.579
291  TPM2+R2       254.171      9   526.342      528.160      550.564
309  K3Pu+F        240.335      10  500.669      502.914      527.583
310  K3Pu+F+I      239.648      11  501.296      504.017      530.901
311  K3Pu+F+G4     239.622      11  501.245      503.966      530.849
312  K3Pu+F+I+G4   239.619      12  503.238      506.488      535.534
313  K3Pu+F+R2     239.613      12  503.227      506.477      535.523
331  K3P           255.177      7   524.355      525.464      543.194
332  K3P+I         254.749      8   525.498      526.938      547.029
333  K3P+G4        254.761      8   525.522      526.962      547.053
334  K3P+I+G4      254.757      9   527.513      529.332      551.736
335  K3P+R2        254.750      9   527.501      529.319      551.723
353  TN+F          240.218      10  500.436      502.681      527.349
354  TN+F+I        239.423      11  500.847      503.568      530.452
355  TN+F+G4       239.401      11  500.802      503.524      530.407
356  TN+F+I+G4     239.401      12  502.803      506.053      535.099
357  TN+F+R2       239.468      12  502.935      506.185      535.232
375  TNe           255.182      7   524.363      525.472      543.203
376  TNe+I         254.871      8   525.741      527.181      547.272
377  TNe+G4        254.830      8   525.661      527.101      547.191
378  TNe+I+G4      254.789      9   527.579      529.397      551.801
379  TNe+R2        254.791      9   527.582      529.400      551.804
397  HKY+F         240.313      9   498.627      500.445      522.849
398  HKY+F+I       239.664      10  499.327      501.572      526.241
399  HKY+F+G4      239.571      10  499.142      501.387      526.055
400  HKY+F+I+G4    239.564      11  501.128      503.850      530.733
401  HKY+F+R2      239.611      11  501.222      503.944      530.827
419  K2P           255.361      6   522.723      523.546      538.871
420  K2P+I         255.025      7   524.049      525.158      542.889
421  K2P+G4        254.933      7   523.865      524.974      542.705
422  K2P+I+G4      254.937      8   525.874      527.314      547.404
423  K2P+R2        254.941      8   525.882      527.322      547.413
441  F81+F         254.900      8   525.800      527.240      547.330
442  F81+F+I       254.774      9   527.548      529.366      551.770
443  F81+F+G4      254.796      9   527.591      529.409      551.813
444  F81+F+I+G4    254.773      10  529.545      531.790      556.459
445  F81+F+R2      254.842      10  529.684      531.929      556.598
463  JC            267.239      5   544.478      545.060      557.935
464  JC+I          267.135      6   546.270      547.093      562.418
465  JC+G4         267.149      6   546.299      547.122      562.447
466  JC+I+G4       267.139      7   548.277      549.386      567.117
467  JC+R2         267.216      7   548.432      549.541      567.271
Akaike Information Criterion:           HKY+F
Corrected Akaike Information Criterion: HKY+F
Bayesian Information Criterion:         HKY+F
Best-fit model: HKY+F chosen according to BIC

All model information printed to /home/jeremias//chrM/split/iter06/window_1_07/window_1_07_075_2.fa.model.gz
CPU time for ModelFinder: 0.105 seconds (0h:0m:0s)
Wall-clock time for ModelFinder: 0.122 seconds (0h:0m:0s)

NOTE: 0 MB RAM (0 GB) is required!
Estimate model parameters (epsilon = 0.100)
1. Initial log-likelihood: -254.874
2. Current log-likelihood: -240.354
Optimal log-likelihood: -240.354
Rate parameters:  A-C: 1.00000  A-G: 12.72113  A-T: 1.00000  C-G: 1.00000  C-T: 12.72113  G-T: 1.00000
Base frequencies:  A: 0.330  C: 0.399  G: 0.096  T: 0.174
Parameters optimization took 2 rounds (0.000 sec)
Wrote distance file to... 
Computing ML distances based on estimated model parameters...
Calculating distance matrix: done in 3.84897e-05 secs using 98.73% CPU
Computing ML distances took 0.000070 sec (of wall-clock time) 0.000072 sec (of CPU time)
Setting up auxiliary I and S matrices: done in 4.3422e-05 secs
Computing RapidNJ tree took 0.000214 sec (of wall-clock time) 0.000000 sec (of CPU time)
Log-likelihood of RapidNJ tree: -240.456
--------------------------------------------------------------------
|             INITIALIZING CANDIDATE TREE SET                      |
--------------------------------------------------------------------
Generating 99 parsimony trees... 0.005 second
Computing log-likelihood of 2 initial trees ... 0.000 seconds
Current best score: -240.354

Do NNI search on 3 best initial trees
Finish initializing candidate tree set (3)
Current best tree score: -240.354 / CPU time: 0.007
Number of iterations: 3
--------------------------------------------------------------------
|               OPTIMIZING CANDIDATE TREE SET                      |
--------------------------------------------------------------------
Iteration 10 / LogL: -240.354 / Time: 0h:0m:0s
Estimate model parameters (epsilon = 0.100)
UPDATE BEST LOG-LIKELIHOOD: -240.344
Iteration 20 / LogL: -240.816 / Time: 0h:0m:0s
UPDATE BEST LOG-LIKELIHOOD: -240.344
Iteration 30 / LogL: -240.816 / Time: 0h:0m:0s (0h:0m:0s left)
Iteration 40 / LogL: -240.816 / Time: 0h:0m:0s (0h:0m:0s left)
Iteration 50 / LogL: -240.773 / Time: 0h:0m:0s (0h:0m:0s left)
Iteration 60 / LogL: -240.345 / Time: 0h:0m:0s (0h:0m:0s left)
Iteration 70 / LogL: -240.816 / Time: 0h:0m:0s (0h:0m:0s left)
Iteration 80 / LogL: -240.773 / Time: 0h:0m:0s (0h:0m:0s left)
Iteration 90 / LogL: -240.344 / Time: 0h:0m:0s (0h:0m:0s left)
Iteration 100 / LogL: -240.773 / Time: 0h:0m:0s (0h:0m:0s left)
TREE SEARCH COMPLETED AFTER 101 ITERATIONS / Time: 0h:0m:0s

--------------------------------------------------------------------
|                    FINALIZING TREE SEARCH                        |
--------------------------------------------------------------------
Performs final model parameters optimization
Estimate model parameters (epsilon = 0.010)
1. Initial log-likelihood: -240.344
Optimal log-likelihood: -240.344
Rate parameters:  A-C: 1.00000  A-G: 12.72332  A-T: 1.00000  C-G: 1.00000  C-T: 12.72332  G-T: 1.00000
Base frequencies:  A: 0.330  C: 0.399  G: 0.096  T: 0.174
Parameters optimization took 1 rounds (0.000 sec)
BEST SCORE FOUND : -240.344
Total tree length: 0.232

Total number of iterations: 101
CPU time used for tree search: 0.016 sec (0h:0m:0s)
Wall-clock time used for tree search: 0.022 sec (0h:0m:0s)
Total CPU time used: 0.129 sec (0h:0m:0s)
Total wall-clock time used: 0.154 sec (0h:0m:0s)

Analysis results written to: 
  IQ-TREE report:                /home/jeremias//chrM/split/iter06/window_1_07/window_1_07_075_2.fa.iqtree
  Maximum-likelihood tree:       /home/jeremias//chrM/split/iter06/window_1_07/window_1_07_075_2.fa.treefile
  Likelihood distances:          /home/jeremias//chrM/split/iter06/window_1_07/window_1_07_075_2.fa.mldist
  Screen log file:               /home/jeremias//chrM/split/iter06/window_1_07/window_1_07_075_2.fa.log

Date and Time: Thu Jun 25 05:41:52 2026
