IQ-TREE multicore version 2.4.0 for Linux x86 64-bit built Feb  7 2025
Developed by Bui Quang Minh, Nguyen Lam Tung, Olga Chernomor, Heiko Schmidt,
Dominik Schrempf, Michael Woodhams, Ly Trong Nhan, Thomas Wong

Host:    rosa (AVX512, FMA3, 755 GB RAM)
Command: /home/jeremias/software/iqtree-2.4.0-Linux-intel/bin/iqtree2 -s /home/jeremias//chrM/split/iter06/window_1_06/window_1_06_05_2.fa -T 1 --quiet --redo -blmin 0.00458715596330275
Seed:    860265 (Using SPRNG - Scalable Parallel Random Number Generator)
Time:    Thu Jun 25 05:41:51 2026
Kernel:  AVX+FMA - 1 threads (128 CPU cores detected)

HINT: Use -nt option to specify number of threads because your CPU has 128 cores!
HINT: -nt AUTO will automatically determine the best number of threads to use.

Reading alignment file /home/jeremias//chrM/split/iter06/window_1_06/window_1_06_05_2.fa ... Fasta format detected
Reading fasta file: done in 5.42104e-05 secs using 94.08% CPU
Alignment most likely contains DNA/RNA sequences
Alignment has 4 sequences with 218 columns, 30 distinct patterns
10 parsimony-informative, 52 singleton sites, 156 constant sites
         Gap/Ambiguity  Composition  p-value
Analyzing sequences: done in 5.34952e-06 secs using 93.47% CPU
   1  hg38       0.00%    passed     95.85%
   2  gorGor3    0.00%    passed     89.43%
   3  panTro4    0.00%    passed     60.64%
   4  ponAbe2    0.00%    passed     84.19%
****  TOTAL      0.00%  0 sequences failed composition chi2 test (p-value<5%; df=3)


Create initial parsimony tree by phylogenetic likelihood library (PLL)... 0.000 seconds
Perform fast likelihood tree search using GTR+I+G model...
Estimate model parameters (epsilon = 5.000)

WARNING: Estimated model parameters are at boundary that can cause numerical instability!

Perform nearest neighbor interchange...
Estimate model parameters (epsilon = 1.000)
1. Initial log-likelihood: -539.152
Optimal log-likelihood: -538.166
Rate parameters:  A-C: 3.02659  A-G: 100.00000  A-T: 3.72068  C-G: 0.00010  C-T: 48.80301  G-T: 1.00000
Warning! Some parameters hit the boundaries
Base frequencies:  A: 0.347  C: 0.350  G: 0.069  T: 0.234
Proportion of invariable sites: 0.338
Gamma shape alpha: 1.355
Parameters optimization took 1 rounds (0.002 sec)

WARNING: Estimated model parameters are at boundary that can cause numerical instability!

Time for fast ML tree search: 0.005 seconds

NOTE: ModelFinder requires 0 MB RAM!
ModelFinder will test up to 484 DNA models (sample size: 218 epsilon: 0.100) ...
 No. Model         -LnL         df  AIC          AICc         BIC
  1  GTR+F         543.563      13  1113.125     1114.910     1157.124
  2  GTR+F+I       537.396      14  1102.792     1104.861     1150.175
  3  GTR+F+G4      536.250      14  1100.501     1102.570     1147.884
  4  GTR+F+I+G4    536.790      15  1103.580     1105.956     1154.347
  5  GTR+F+R2      534.764      15  1099.527     1101.903     1150.295
+R3 reinitialized from +R2 with factor 0.500
+R3 reinitialized from +R2 with factor 0.250
  6  GTR+F+R3      534.721      17  1103.441     1106.501     1160.978
 14  GTR+F+I+R2    534.526      16  1101.052     1103.758     1155.204
 15  GTR+F+I+R3    534.504      18  1105.007     1108.445     1165.928
 23  SYM           575.659      10  1171.317     1172.380     1205.162
 24  SYM+I         574.999      11  1171.999     1173.281     1209.228
 25  SYM+G4        575.091      11  1172.182     1173.463     1209.411
 26  SYM+I+G4      575.059      12  1174.118     1175.640     1214.732
 27  SYM+R2        575.490      12  1174.980     1176.502     1215.594
 36  SYM+I+R2      575.436      13  1176.871     1178.655     1220.870
 45  TVM+F         544.612      12  1113.224     1114.745     1153.837
 46  TVM+F+I       538.049      13  1102.098     1103.882     1146.096
 47  TVM+F+G4      537.636      13  1101.271     1103.056     1145.270
 48  TVM+F+I+G4    537.649      14  1103.297     1105.366     1150.680
 49  TVM+F+R2      537.967      14  1103.933     1106.002     1151.316
 58  TVM+F+I+R2    537.882      15  1105.764     1108.140     1156.531
 67  TVMe          577.555      9   1173.110     1173.975     1203.570
 68  TVMe+I        577.009      10  1174.018     1175.081     1207.863
 69  TVMe+G4       577.043      10  1174.085     1175.148     1207.930
 70  TVMe+I+G4     577.052      11  1176.105     1177.386     1213.334
 71  TVMe+R2       577.197      11  1176.395     1177.676     1213.624
 80  TVMe+I+R2     577.265      12  1178.531     1180.053     1219.145
 89  TIM3+F        544.691      11  1111.382     1112.664     1148.612
 90  TIM3+F+I      537.592      12  1099.183     1100.705     1139.797
 91  TIM3+F+G4     536.278      12  1096.555     1098.077     1137.169
 92  TIM3+F+I+G4   536.886      13  1099.772     1101.556     1143.770
 93  TIM3+F+R2     538.210      13  1102.421     1104.205     1146.419
102  TIM3+F+I+R2   535.856      14  1099.712     1101.781     1147.095
111  TIM3e         579.798      8   1175.596     1176.285     1202.672
112  TIM3e+I       578.774      9   1175.548     1176.413     1206.008
113  TIM3e+G4      578.905      9   1175.811     1176.676     1206.271
114  TIM3e+I+G4    578.957      10  1177.913     1178.976     1211.758
115  TIM3e+R2      579.008      10  1178.017     1179.079     1211.861
124  TIM3e+I+R2    578.995      11  1179.990     1181.271     1217.219
133  TIM2+F        543.601      11  1109.202     1110.483     1146.431
134  TIM2+F+I      537.795      12  1099.590     1101.112     1140.204
135  TIM2+F+G4     536.601      12  1097.202     1098.724     1137.816
136  TIM2+F+I+G4   537.197      13  1100.393     1102.177     1144.392
137  TIM2+F+R2     537.702      13  1101.405     1103.189     1145.403
146  TIM2+F+I+R2   536.007      14  1100.014     1102.083     1147.397
155  TIM2e         576.073      8   1168.146     1168.835     1195.222
156  TIM2e+I       575.342      9   1168.684     1169.549     1199.144
157  TIM2e+G4      575.469      9   1168.938     1169.804     1199.399
158  TIM2e+I+G4    575.388      10  1170.776     1171.839     1204.621
159  TIM2e+R2      575.589      10  1171.178     1172.241     1205.023
168  TIM2e+I+R2    575.702      11  1173.405     1174.686     1210.634
177  TIM+F         544.680      11  1111.360     1112.642     1148.590
178  TIM+F+I       537.859      12  1099.718     1101.240     1140.332
179  TIM+F+G4      536.532      12  1097.065     1098.587     1137.679
180  TIM+F+I+G4    537.120      13  1100.240     1102.024     1144.238
181  TIM+F+R2      537.389      13  1100.777     1102.561     1144.775
190  TIM+F+I+R2    535.974      14  1099.947     1102.016     1147.330
199  TIMe          579.619      8   1175.238     1175.927     1202.314
200  TIMe+I        578.638      9   1175.277     1176.142     1205.737
201  TIMe+G4       578.754      9   1175.509     1176.374     1205.969
202  TIMe+I+G4     578.847      10  1177.695     1178.757     1211.540
203  TIMe+R2       578.876      10  1177.752     1178.815     1211.597
212  TIMe+I+R2     578.959      11  1179.917     1181.199     1217.147
221  TPM3u+F       545.998      10  1111.996     1113.058     1145.841
222  TPM3u+F+I     538.454      11  1098.907     1100.189     1136.137
223  TPM3u+F+G4    537.805      11  1097.610     1098.891     1134.839
224  TPM3u+F+I+G4  537.822      12  1099.644     1101.166     1140.258
225  TPM3u+F+R2    539.354      12  1102.708     1104.230     1143.322
234  TPM3u+F+I+R2  538.003      13  1102.006     1103.791     1146.005
243  TPM3          581.573      7   1177.147     1177.680     1200.838
244  TPM3+I        580.735      8   1177.469     1178.158     1204.545
245  TPM3+G4       580.777      8   1177.554     1178.243     1204.630
246  TPM3+I+G4     580.976      9   1179.953     1180.818     1210.413
247  TPM3+R2       580.861      9   1179.723     1180.588     1210.183
256  TPM3+I+R2     581.172      10  1182.344     1183.406     1216.189
265  TPM2u+F       544.741      10  1109.481     1110.544     1143.326
266  TPM2u+F+I     538.258      11  1098.515     1099.797     1135.745
267  TPM2u+F+G4    537.841      11  1097.682     1098.963     1134.911
268  TPM2u+F+I+G4  537.911      12  1099.821     1101.343     1140.435
269  TPM2u+F+R2    539.034      12  1102.068     1103.590     1142.682
278  TPM2u+F+I+R2  537.963      13  1101.925     1103.709     1145.923
287  TPM2          577.882      7   1169.765     1170.298     1193.456
288  TPM2+I        577.300      8   1170.600     1171.289     1197.676
289  TPM2+G4       577.294      8   1170.589     1171.278     1197.665
290  TPM2+I+G4     577.332      9   1172.664     1173.529     1203.124
291  TPM2+R2       577.467      9   1172.933     1173.799     1203.394
300  TPM2+I+R2     577.657      10  1175.314     1176.377     1209.159
309  K3Pu+F        546.001      10  1112.002     1113.065     1145.847
310  K3Pu+F+I      538.622      11  1099.245     1100.526     1136.474
311  K3Pu+F+G4     537.892      11  1097.785     1099.067     1135.014
312  K3Pu+F+I+G4   537.975      12  1099.949     1101.471     1140.563
313  K3Pu+F+R2     539.569      12  1103.138     1104.660     1143.752
322  K3Pu+F+I+R2   538.070      13  1102.139     1103.923     1146.137
331  K3P           581.406      7   1176.812     1177.345     1200.503
332  K3P+I         580.564      8   1177.129     1177.818     1204.205
333  K3P+G4        580.708      8   1177.417     1178.106     1204.493
334  K3P+I+G4      580.634      9   1179.268     1180.134     1209.729
335  K3P+R2        580.602      9   1179.203     1180.069     1209.664
344  K3P+I+R2      580.913      10  1181.826     1182.888     1215.670
353  TN+F          544.675      10  1109.350     1110.412     1143.195
354  TN+F+I        537.940      11  1097.880     1099.161     1135.109
355  TN+F+G4       536.444      11  1094.889     1096.170     1132.118
356  TN+F+I+G4     537.177      12  1098.354     1099.876     1138.968
357  TN+F+R2       537.316      12  1098.632     1100.154     1139.246
366  TN+F+I+R2     535.966      13  1097.931     1099.716     1141.930
375  TNe           579.792      7   1173.585     1174.118     1197.276
376  TNe+I         578.808      8   1173.617     1174.306     1200.693
377  TNe+G4        578.933      8   1173.866     1174.555     1200.942
378  TNe+I+G4      578.911      9   1175.821     1176.686     1206.282
379  TNe+R2        578.980      9   1175.961     1176.826     1206.421
388  TNe+I+R2      578.955      10  1177.910     1178.973     1211.755
397  HKY+F         545.995      9   1109.990     1110.855     1140.450
398  HKY+F+I       538.551      10  1097.103     1098.165     1130.948
399  HKY+F+G4      537.932      10  1095.863     1096.926     1129.708
400  HKY+F+I+G4    538.004      11  1098.009     1099.290     1135.238
401  HKY+F+R2      539.427      11  1100.855     1102.136     1138.084
410  HKY+F+I+R2    538.095      12  1100.190     1101.712     1140.804
419  K2P           587.898      6   1187.796     1188.194     1208.103
420  K2P+I         580.802      7   1175.604     1176.137     1199.295
421  K2P+G4        580.705      7   1175.410     1175.943     1199.102
422  K2P+I+G4      581.120      8   1178.239     1178.928     1205.315
423  K2P+R2        580.811      8   1177.623     1178.312     1204.699
432  K2P+I+R2      581.156      9   1180.312     1181.177     1210.772
441  F81+F         593.123      8   1202.247     1202.936     1229.323
442  F81+F+I       592.933      9   1203.865     1204.731     1234.326
443  F81+F+G4      592.968      9   1203.936     1204.801     1234.396
444  F81+F+I+G4    593.137      10  1206.274     1207.337     1240.119
445  F81+F+R2      593.131      10  1206.262     1207.325     1240.107
454  F81+F+I+R2    593.327      11  1208.654     1209.936     1245.883
463  JC            621.488      5   1252.976     1253.259     1269.899
464  JC+I          621.460      6   1254.920     1255.319     1275.227
465  JC+G4         621.473      6   1254.945     1255.343     1275.252
466  JC+I+G4       621.940      7   1257.880     1258.413     1281.571
467  JC+R2         621.599      7   1257.197     1257.730     1280.888
476  JC+I+R2       621.882      8   1259.764     1260.453     1286.840
Akaike Information Criterion:           TN+F+G4
Corrected Akaike Information Criterion: TN+F+G4
Bayesian Information Criterion:         HKY+F+G4
Best-fit model: HKY+F+G4 chosen according to BIC

All model information printed to /home/jeremias//chrM/split/iter06/window_1_06/window_1_06_05_2.fa.model.gz
CPU time for ModelFinder: 0.416 seconds (0h:0m:0s)
Wall-clock time for ModelFinder: 0.467 seconds (0h:0m:0s)

NOTE: 0 MB RAM (0 GB) is required!
Estimate model parameters (epsilon = 0.100)
1. Initial log-likelihood: -593.073
2. Current log-likelihood: -547.400
3. Current log-likelihood: -540.153
4. Current log-likelihood: -539.313
5. Current log-likelihood: -538.786
6. Current log-likelihood: -538.484
7. Current log-likelihood: -538.312
8. Current log-likelihood: -538.175
9. Current log-likelihood: -538.067
Optimal log-likelihood: -537.941
Rate parameters:  A-C: 1.00000  A-G: 52.61609  A-T: 1.00000  C-G: 1.00000  C-T: 52.61609  G-T: 1.00000
Base frequencies:  A: 0.347  C: 0.350  G: 0.069  T: 0.234
Gamma shape alpha: 0.201
Parameters optimization took 9 rounds (0.004 sec)
Wrote distance file to... 
Computing ML distances based on estimated model parameters...
Calculating distance matrix: done in 7.11828e-05 secs using 91.31% CPU
Computing ML distances took 0.000119 sec (of wall-clock time) 0.000114 sec (of CPU time)
Setting up auxiliary I and S matrices: done in 6.7696e-05 secs using 91.59% CPU
Computing RapidNJ tree took 0.000211 sec (of wall-clock time) 0.000388 sec (of CPU time)
Log-likelihood of RapidNJ tree: -537.945
--------------------------------------------------------------------
|             INITIALIZING CANDIDATE TREE SET                      |
--------------------------------------------------------------------
Generating 99 parsimony trees... 0.006 second
Computing log-likelihood of 2 initial trees ... 0.000 seconds
Current best score: -537.941

Do NNI search on 3 best initial trees
UPDATE BEST LOG-LIKELIHOOD: -537.940
UPDATE BEST LOG-LIKELIHOOD: -537.940
Finish initializing candidate tree set (3)
Current best tree score: -537.940 / CPU time: 0.008
Number of iterations: 3
--------------------------------------------------------------------
|               OPTIMIZING CANDIDATE TREE SET                      |
--------------------------------------------------------------------
UPDATE BEST LOG-LIKELIHOOD: -537.940
Iteration 10 / LogL: -537.941 / Time: 0h:0m:0s
UPDATE BEST LOG-LIKELIHOOD: -537.940
UPDATE BEST LOG-LIKELIHOOD: -537.940
Iteration 20 / LogL: -537.940 / Time: 0h:0m:0s
Iteration 30 / LogL: -537.941 / Time: 0h:0m:0s (0h:0m:0s left)
Iteration 40 / LogL: -537.940 / Time: 0h:0m:0s (0h:0m:0s left)
Iteration 50 / LogL: -537.940 / Time: 0h:0m:0s (0h:0m:0s left)
Iteration 60 / LogL: -537.940 / Time: 0h:0m:0s (0h:0m:0s left)
Iteration 70 / LogL: -537.940 / Time: 0h:0m:0s (0h:0m:0s left)
Iteration 80 / LogL: -537.940 / Time: 0h:0m:0s (0h:0m:0s left)
Iteration 90 / LogL: -537.940 / Time: 0h:0m:0s (0h:0m:0s left)
Iteration 100 / LogL: -537.940 / Time: 0h:0m:0s (0h:0m:0s left)
TREE SEARCH COMPLETED AFTER 101 ITERATIONS / Time: 0h:0m:0s

--------------------------------------------------------------------
|                    FINALIZING TREE SEARCH                        |
--------------------------------------------------------------------
Performs final model parameters optimization
Estimate model parameters (epsilon = 0.010)
1. Initial log-likelihood: -537.940
2. Current log-likelihood: -537.900
3. Current log-likelihood: -537.839
4. Current log-likelihood: -537.791
5. Current log-likelihood: -537.754
6. Current log-likelihood: -537.722
7. Current log-likelihood: -537.695
8. Current log-likelihood: -537.671
9. Current log-likelihood: -537.655
10. Current log-likelihood: -537.639
11. Current log-likelihood: -537.625
12. Current log-likelihood: -537.611
13. Current log-likelihood: -537.599
14. Current log-likelihood: -537.588
15. Current log-likelihood: -537.577
16. Current log-likelihood: -537.567
Optimal log-likelihood: -537.552
Rate parameters:  A-C: 1.00000  A-G: 97.17795  A-T: 1.00000  C-G: 1.00000  C-T: 97.17795  G-T: 1.00000
Base frequencies:  A: 0.347  C: 0.350  G: 0.069  T: 0.234
Gamma shape alpha: 0.147
Parameters optimization took 16 rounds (0.004 sec)
BEST SCORE FOUND : -537.552
Total tree length: 2.451

Total number of iterations: 101
CPU time used for tree search: 0.039 sec (0h:0m:0s)
Wall-clock time used for tree search: 0.038 sec (0h:0m:0s)
Total CPU time used: 0.473 sec (0h:0m:0s)
Total wall-clock time used: 0.523 sec (0h:0m:0s)

Analysis results written to: 
  IQ-TREE report:                /home/jeremias//chrM/split/iter06/window_1_06/window_1_06_05_2.fa.iqtree
  Maximum-likelihood tree:       /home/jeremias//chrM/split/iter06/window_1_06/window_1_06_05_2.fa.treefile
  Likelihood distances:          /home/jeremias//chrM/split/iter06/window_1_06/window_1_06_05_2.fa.mldist
  Screen log file:               /home/jeremias//chrM/split/iter06/window_1_06/window_1_06_05_2.fa.log

Date and Time: Thu Jun 25 05:41:52 2026
