IQ-TREE multicore version 2.4.0 for Linux x86 64-bit built Feb  7 2025
Developed by Bui Quang Minh, Nguyen Lam Tung, Olga Chernomor, Heiko Schmidt,
Dominik Schrempf, Michael Woodhams, Ly Trong Nhan, Thomas Wong

Host:    rosa (AVX512, FMA3, 755 GB RAM)
Command: /home/jeremias/software/iqtree-2.4.0-Linux-intel/bin/iqtree2 -s /home/jeremias//chrM/split/iter06/window_1_06/window_1_06_075_1.fa -T 1 --quiet --redo -blmin 0.00304878048780488
Seed:    414344 (Using SPRNG - Scalable Parallel Random Number Generator)
Time:    Thu Jun 25 05:41:52 2026
Kernel:  AVX+FMA - 1 threads (128 CPU cores detected)

HINT: Use -nt option to specify number of threads because your CPU has 128 cores!
HINT: -nt AUTO will automatically determine the best number of threads to use.

Reading alignment file /home/jeremias//chrM/split/iter06/window_1_06/window_1_06_075_1.fa ... Fasta format detected
Reading fasta file: done in 5.20945e-05 secs
Alignment most likely contains DNA/RNA sequences
Alignment has 4 sequences with 328 columns, 45 distinct patterns
26 parsimony-informative, 89 singleton sites, 213 constant sites
         Gap/Ambiguity  Composition  p-value
Analyzing sequences: done in 6.02007e-06 secs
   1  hg38       0.00%    passed     99.50%
   2  gorGor3    0.00%    passed     97.14%
   3  panTro4    0.00%    passed     59.59%
   4  ponAbe2    0.00%    passed     61.83%
****  TOTAL      0.00%  0 sequences failed composition chi2 test (p-value<5%; df=3)


Create initial parsimony tree by phylogenetic likelihood library (PLL)... 0.000 seconds
Perform fast likelihood tree search using GTR+I+G model...
Estimate model parameters (epsilon = 5.000)

WARNING: Estimated model parameters are at boundary that can cause numerical instability!

Perform nearest neighbor interchange...
Estimate model parameters (epsilon = 1.000)
1. Initial log-likelihood: -924.204
Optimal log-likelihood: -923.489
Rate parameters:  A-C: 6.26183  A-G: 81.86172  A-T: 5.33871  C-G: 2.81512  C-T: 100.00000  G-T: 1.00000
Warning! Some parameters hit the boundaries
Base frequencies:  A: 0.317  C: 0.363  G: 0.082  T: 0.238
Proportion of invariable sites: 0.301
Gamma shape alpha: 0.938
Parameters optimization took 1 rounds (0.003 sec)

WARNING: Estimated model parameters are at boundary that can cause numerical instability!

Time for fast ML tree search: 0.010 seconds

NOTE: ModelFinder requires 0 MB RAM!
ModelFinder will test up to 484 DNA models (sample size: 328 epsilon: 0.100) ...
 No. Model         -LnL         df  AIC          AICc         BIC
  1  GTR+F         936.710      13  1899.421     1900.580     1948.730
  2  GTR+F+I       922.112      14  1872.223     1873.565     1925.325
  3  GTR+F+G4      922.449      14  1872.898     1874.240     1926.001
  4  GTR+F+I+G4    922.106      15  1874.211     1875.749     1931.106
  5  GTR+F+R2      921.593      15  1873.186     1874.724     1930.081
  6  GTR+F+R3      921.597      17  1877.194     1879.168     1941.675
 14  GTR+F+I+R2    921.336      16  1874.671     1876.420     1935.359
 15  GTR+F+I+R3    921.312      18  1878.624     1880.837     1946.898
 24  SYM+I         969.037      11  1960.074     1960.909     2001.797
 25  SYM+G4        969.808      11  1961.616     1962.452     2003.339
 26  SYM+I+G4      969.522      12  1963.044     1964.034     2008.560
 27  SYM+R2        968.931      12  1961.861     1962.851     2007.377
 46  TVM+F+I       922.152      13  1870.305     1871.464     1919.614
 47  TVM+F+G4      922.881      13  1871.763     1872.922     1921.072
 48  TVM+F+I+G4    922.671      14  1873.342     1874.683     1926.444
 49  TVM+F+R2      921.612      14  1871.224     1872.566     1924.326
 68  TVMe+I        979.691      10  1979.382     1980.076     2017.313
 69  TVMe+G4       978.880      10  1977.761     1978.455     2015.691
 70  TVMe+I+G4     978.843      11  1979.686     1980.522     2021.410
 71  TVMe+R2       978.796      11  1979.592     1980.428     2021.315
 90  TIM3+F+I      922.400      12  1868.800     1869.790     1914.316
 91  TIM3+F+G4     922.663      12  1869.325     1870.316     1914.841
 92  TIM3+F+I+G4   922.417      13  1870.834     1871.993     1920.143
 93  TIM3+F+R2     921.844      13  1869.689     1870.848     1918.998
112  TIM3e+I       973.812      9   1965.623     1966.189     1999.760
113  TIM3e+G4      974.594      9   1967.188     1967.754     2001.325
114  TIM3e+I+G4    974.271      10  1968.542     1969.236     2006.472
115  TIM3e+R2      973.742      10  1967.484     1968.178     2005.414
134  TIM2+F+I      922.595      12  1869.189     1870.180     1914.706
135  TIM2+F+G4     922.688      12  1869.377     1870.367     1914.893
136  TIM2+F+I+G4   922.363      13  1870.726     1871.885     1920.035
137  TIM2+F+R2     922.086      13  1870.172     1871.331     1919.481
156  TIM2e+I       969.416      9   1956.833     1957.399     1990.970
157  TIM2e+G4      970.295      9   1958.590     1959.156     1992.727
158  TIM2e+I+G4    970.010      10  1960.020     1960.714     1997.950
159  TIM2e+R2      969.560      10  1959.119     1959.813     1997.050
178  TIM+F+I       922.438      12  1868.875     1869.866     1914.391
179  TIM+F+G4      922.790      12  1869.580     1870.571     1915.096
180  TIM+F+I+G4    922.464      13  1870.928     1872.088     1920.237
181  TIM+F+R2      922.077      13  1870.154     1871.313     1919.463
200  TIMe+I        973.736      9   1965.471     1966.037     1999.609
201  TIMe+G4       974.426      9   1966.853     1967.419     2000.990
202  TIMe+I+G4     974.068      10  1968.136     1968.830     2006.066
203  TIMe+R2       973.636      10  1967.273     1967.967     2005.203
222  TPM3u+F+I     922.338      11  1866.677     1867.512     1908.400
223  TPM3u+F+G4    923.058      11  1868.117     1868.952     1909.840
224  TPM3u+F+I+G4  922.853      12  1869.706     1870.696     1915.222
225  TPM3u+F+R2    921.882      12  1867.764     1868.754     1913.280
244  TPM3+I        982.605      8   1981.210     1981.662     2011.554
245  TPM3+G4       983.907      8   1983.815     1984.266     2014.159
246  TPM3+I+G4     983.944      9   1985.888     1986.454     2020.026
247  TPM3+R2       983.036      9   1984.072     1984.638     2018.210
266  TPM2u+F+I     922.637      11  1867.274     1868.109     1908.997
267  TPM2u+F+G4    923.033      11  1868.066     1868.902     1909.790
268  TPM2u+F+I+G4  922.803      12  1869.607     1870.597     1915.123
269  TPM2u+F+R2    922.144      12  1868.288     1869.278     1913.804
288  TPM2+I        978.712      8   1973.424     1973.875     2003.768
289  TPM2+G4       979.019      8   1974.037     1974.489     2004.382
290  TPM2+I+G4     978.902      9   1975.804     1976.370     2009.941
291  TPM2+R2       978.848      9   1975.695     1976.261     2009.832
310  K3Pu+F+I      922.535      11  1867.070     1867.905     1908.793
311  K3Pu+F+G4     923.271      11  1868.541     1869.377     1910.264
312  K3Pu+F+I+G4   923.073      12  1870.147     1871.137     1915.663
313  K3Pu+F+R2     922.324      12  1868.648     1869.639     1914.165
332  K3P+I         982.428      8   1980.856     1981.308     2011.200
333  K3P+G4        983.579      8   1983.157     1983.609     2013.501
334  K3P+I+G4      983.561      9   1985.123     1985.689     2019.260
335  K3P+R2        982.721      9   1983.441     1984.007     2017.578
354  TN+F+I        922.917      11  1867.834     1868.670     1909.557
355  TN+F+G4       923.051      11  1868.103     1868.938     1909.826
356  TN+F+I+G4     922.685      12  1869.371     1870.361     1914.887
357  TN+F+R2       922.450      12  1868.899     1869.890     1914.416
376  TNe+I         974.318      8   1964.635     1965.087     1994.980
377  TNe+G4        975.099      8   1966.198     1966.650     1996.542
378  TNe+I+G4      974.711      9   1967.422     1967.988     2001.559
379  TNe+R2        974.483      9   1966.966     1967.532     2001.103
398  HKY+F+I       922.964      10  1865.929     1866.623     1903.859
399  HKY+F+G4      923.470      10  1866.939     1867.633     1904.869
400  HKY+F+I+G4    923.204      11  1868.408     1869.243     1910.131
401  HKY+F+R2      922.521      11  1867.043     1867.878     1908.766
420  K2P+I         983.425      7   1980.851     1981.201     2007.402
421  K2P+G4        984.014      7   1982.027     1982.377     2008.578
422  K2P+I+G4      983.911      8   1983.822     1984.274     2014.166
423  K2P+R2        983.392      8   1982.785     1983.236     2013.129
442  F81+F+I       1006.928     9   2031.856     2032.422     2065.993
443  F81+F+G4      1007.446     9   2032.891     2033.457     2067.028
444  F81+F+I+G4    1006.978     10  2033.956     2034.650     2071.886
445  F81+F+R2      1007.192     10  2034.383     2035.077     2072.314
464  JC+I          1055.081     6   2122.161     2122.423     2144.919
465  JC+G4         1055.490     6   2122.980     2123.242     2145.738
466  JC+I+G4       1055.081     7   2124.163     2124.513     2150.714
467  JC+R2         1055.321     7   2124.641     2124.991     2151.192
Akaike Information Criterion:           HKY+F+I
Corrected Akaike Information Criterion: HKY+F+I
Bayesian Information Criterion:         HKY+F+I
Best-fit model: HKY+F+I chosen according to BIC

All model information printed to /home/jeremias//chrM/split/iter06/window_1_06/window_1_06_075_1.fa.model.gz
CPU time for ModelFinder: 0.228 seconds (0h:0m:0s)
Wall-clock time for ModelFinder: 0.250 seconds (0h:0m:0s)

NOTE: 0 MB RAM (0 GB) is required!
Estimate model parameters (epsilon = 0.100)
1. Initial log-likelihood: -1007.060
2. Current log-likelihood: -952.044
3. Current log-likelihood: -924.160
4. Current log-likelihood: -923.578
5. Current log-likelihood: -923.303
6. Current log-likelihood: -923.143
Optimal log-likelihood: -923.016
Rate parameters:  A-C: 1.00000  A-G: 34.18667  A-T: 1.00000  C-G: 1.00000  C-T: 34.18667  G-T: 1.00000
Base frequencies:  A: 0.317  C: 0.363  G: 0.082  T: 0.238
Proportion of invariable sites: 0.521
Parameters optimization took 6 rounds (0.001 sec)
Wrote distance file to... 
Computing ML distances based on estimated model parameters...
Calculating distance matrix: done in 3.41237e-05 secs using 90.85% CPU
Computing ML distances took 0.000060 sec (of wall-clock time) 0.000060 sec (of CPU time)
Setting up auxiliary I and S matrices: done in 5.72205e-05 secs using 90.88% CPU
Computing RapidNJ tree took 0.000224 sec (of wall-clock time) 0.000449 sec (of CPU time)
Log-likelihood of RapidNJ tree: -923.012
--------------------------------------------------------------------
|             INITIALIZING CANDIDATE TREE SET                      |
--------------------------------------------------------------------
Generating 99 parsimony trees... 0.007 second
Computing log-likelihood of 2 initial trees ... 0.000 seconds
Current best score: -923.012

Do NNI search on 3 best initial trees
Finish initializing candidate tree set (3)
Current best tree score: -923.012 / CPU time: 0.008
Number of iterations: 3
--------------------------------------------------------------------
|               OPTIMIZING CANDIDATE TREE SET                      |
--------------------------------------------------------------------
Iteration 10 / LogL: -923.103 / Time: 0h:0m:0s
Iteration 20 / LogL: -923.147 / Time: 0h:0m:0s
Iteration 30 / LogL: -923.012 / Time: 0h:0m:0s (0h:0m:0s left)
Iteration 40 / LogL: -923.057 / Time: 0h:0m:0s (0h:0m:0s left)
Iteration 50 / LogL: -923.132 / Time: 0h:0m:0s (0h:0m:0s left)
Iteration 60 / LogL: -923.132 / Time: 0h:0m:0s (0h:0m:0s left)
Iteration 70 / LogL: -923.109 / Time: 0h:0m:0s (0h:0m:0s left)
Iteration 80 / LogL: -923.012 / Time: 0h:0m:0s (0h:0m:0s left)
Iteration 90 / LogL: -923.147 / Time: 0h:0m:0s (0h:0m:0s left)
Iteration 100 / LogL: -923.057 / Time: 0h:0m:0s (0h:0m:0s left)
TREE SEARCH COMPLETED AFTER 101 ITERATIONS / Time: 0h:0m:0s

--------------------------------------------------------------------
|                    FINALIZING TREE SEARCH                        |
--------------------------------------------------------------------
Performs final model parameters optimization
Estimate model parameters (epsilon = 0.010)
1. Initial log-likelihood: -923.012
2. Current log-likelihood: -922.985
3. Current log-likelihood: -922.944
4. Current log-likelihood: -922.920
5. Current log-likelihood: -922.903
Optimal log-likelihood: -922.895
Rate parameters:  A-C: 1.00000  A-G: 29.06753  A-T: 1.00000  C-G: 1.00000  C-T: 29.06753  G-T: 1.00000
Base frequencies:  A: 0.317  C: 0.363  G: 0.082  T: 0.238
Proportion of invariable sites: 0.518
Parameters optimization took 5 rounds (0.001 sec)
BEST SCORE FOUND : -922.895
Total tree length: 1.522

Total number of iterations: 101
CPU time used for tree search: 0.037 sec (0h:0m:0s)
Wall-clock time used for tree search: 0.030 sec (0h:0m:0s)
Total CPU time used: 0.277 sec (0h:0m:0s)
Total wall-clock time used: 0.292 sec (0h:0m:0s)

Analysis results written to: 
  IQ-TREE report:                /home/jeremias//chrM/split/iter06/window_1_06/window_1_06_075_1.fa.iqtree
  Maximum-likelihood tree:       /home/jeremias//chrM/split/iter06/window_1_06/window_1_06_075_1.fa.treefile
  Likelihood distances:          /home/jeremias//chrM/split/iter06/window_1_06/window_1_06_075_1.fa.mldist
  Screen log file:               /home/jeremias//chrM/split/iter06/window_1_06/window_1_06_075_1.fa.log

Date and Time: Thu Jun 25 05:41:52 2026
