IQ-TREE multicore version 2.4.0 for Linux x86 64-bit built Feb  7 2025
Developed by Bui Quang Minh, Nguyen Lam Tung, Olga Chernomor, Heiko Schmidt,
Dominik Schrempf, Michael Woodhams, Ly Trong Nhan, Thomas Wong

Host:    rosa (AVX512, FMA3, 755 GB RAM)
Command: /home/jeremias/software/iqtree-2.4.0-Linux-intel/bin/iqtree2 -s /home/jeremias//chrM/split/iter07/window_1_08/window_1_08_05_1.fa -T 1 --quiet --redo -blmin 0.00609756097560976
Seed:    226228 (Using SPRNG - Scalable Parallel Random Number Generator)
Time:    Thu Jun 25 05:41:54 2026
Kernel:  AVX+FMA - 1 threads (128 CPU cores detected)

HINT: Use -nt option to specify number of threads because your CPU has 128 cores!
HINT: -nt AUTO will automatically determine the best number of threads to use.

Reading alignment file /home/jeremias//chrM/split/iter07/window_1_08/window_1_08_05_1.fa ... Fasta format detected
Reading fasta file: done in 3.27528e-05 secs
Alignment most likely contains DNA/RNA sequences
Alignment has 4 sequences with 164 columns, 18 distinct patterns
12 parsimony-informative, 17 singleton sites, 135 constant sites
         Gap/Ambiguity  Composition  p-value
Analyzing sequences: done in 5.75185e-06 secs
   1  hg38       0.00%    passed     81.28%
   2  gorGor3    0.00%    passed     93.53%
   3  panTro4    0.00%    passed     82.23%
   4  ponAbe2    0.00%    passed     83.13%
****  TOTAL      0.00%  0 sequences failed composition chi2 test (p-value<5%; df=3)


Create initial parsimony tree by phylogenetic likelihood library (PLL)... 0.000 seconds
Perform fast likelihood tree search using GTR+I+G model...
Estimate model parameters (epsilon = 5.000)

WARNING: Estimated model parameters are at boundary that can cause numerical instability!

Perform nearest neighbor interchange...
Estimate model parameters (epsilon = 1.000)
1. Initial log-likelihood: -349.910
Optimal log-likelihood: -349.801
Rate parameters:  A-C: 21.73388  A-G: 100.00000  A-T: 4.58675  C-G: 0.00010  C-T: 100.00000  G-T: 1.00000
Warning! Some parameters hit the boundaries
Base frequencies:  A: 0.351  C: 0.366  G: 0.079  T: 0.204
Proportion of invariable sites: 0.405
Gamma shape alpha: 1.205
Parameters optimization took 1 rounds (0.000 sec)

WARNING: Estimated model parameters are at boundary that can cause numerical instability!

Time for fast ML tree search: 0.002 seconds

NOTE: ModelFinder requires 0 MB RAM!
ModelFinder will test up to 484 DNA models (sample size: 164 epsilon: 0.100) ...
 No. Model         -LnL         df  AIC          AICc         BIC
  1  GTR+F         352.322      13  730.644      733.071      770.943
  2  GTR+F+I       339.519      14  707.039      709.858      750.437
  3  GTR+F+G4      342.401      14  712.802      715.621      756.200
  4  GTR+F+I+G4    342.699      15  715.397      718.641      761.895
  5  GTR+F+R2      342.735      15  715.469      718.712      761.967
  6  GTR+F+R3      342.592      17  719.183      723.375      771.881
 14  GTR+F+I+R2    341.789      16  715.577      719.278      765.175
+I+R3 reinitialized from +I+R2 with factor 0.500
+I+R3 reinitialized from +I+R2 with factor 0.250
+I+R3 reinitialized from +I+R2 with factor 0.125
 15  GTR+F+I+R3    339.901      18  715.803      720.520      771.600
 24  SYM+I         366.107      11  754.214      755.951      788.312
 25  SYM+G4        366.610      11  755.219      756.956      789.318
 46  TVM+F+I       343.033      13  712.067      714.493      752.365
 47  TVM+F+G4      342.834      13  711.667      714.094      751.965
 68  TVMe+I        368.300      10  756.600      758.038      787.599
 69  TVMe+G4       368.875      10  757.750      759.188      788.748
 90  TIM3+F+I      340.067      12  704.135      706.201      741.333
 91  TIM3+F+G4     340.201      12  704.402      706.469      741.601
112  TIM3e+I       366.553      9   751.106      752.274      779.004
113  TIM3e+G4      367.017      9   752.033      753.202      779.932
134  TIM2+F+I      340.400      12  704.800      706.866      741.998
135  TIM2+F+G4     340.505      12  705.010      707.077      742.209
156  TIM2e+I       366.597      9   751.195      752.364      779.093
157  TIM2e+G4      367.080      9   752.160      753.328      780.058
178  TIM+F+I       340.400      12  704.800      706.866      741.998
179  TIM+F+G4      340.505      12  705.010      707.077      742.209
200  TIMe+I        366.597      9   751.195      752.364      779.093
201  TIMe+G4       367.080      9   752.160      753.328      780.058
222  TPM3u+F+I     342.153      11  706.305      708.042      740.404
223  TPM3u+F+G4    342.351      11  706.702      708.438      740.800
244  TPM3+I        368.317      8   752.634      753.563      777.433
245  TPM3+G4       368.432      8   752.863      753.792      777.662
266  TPM2u+F+I     342.129      11  706.259      707.995      740.357
267  TPM2u+F+G4    342.361      11  706.722      708.459      740.821
288  TPM2+I        368.124      8   752.247      753.176      777.046
289  TPM2+G4       368.142      8   752.284      753.213      777.082
310  K3Pu+F+I      342.191      11  706.382      708.119      740.481
311  K3Pu+F+G4     342.408      11  706.817      708.554      740.915
332  K3P+I         368.326      8   752.653      753.582      777.452
333  K3P+G4        368.432      8   752.863      753.792      777.662
354  TN+F+I        341.789      11  705.579      707.316      739.677
355  TN+F+G4       341.919      11  705.838      707.575      739.937
376  TNe+I         367.577      8   751.154      752.083      775.953
377  TNe+G4        368.034      8   752.067      752.996      776.866
398  HKY+F+I       342.220      10  704.440      705.878      735.439
399  HKY+F+G4      342.393      10  704.786      706.224      735.785
420  K2P+I         368.330      7   750.660      751.378      772.359
421  K2P+G4        368.437      7   750.874      751.592      772.573
442  F81+F+I       379.411      9   776.821      777.990      804.720
443  F81+F+G4      379.565      9   777.131      778.299      805.029
464  JC+I          402.040      6   816.079      816.614      834.679
465  JC+G4         402.141      6   816.282      816.817      834.881
Akaike Information Criterion:           TIM3+F+I
Corrected Akaike Information Criterion: HKY+F+I
Bayesian Information Criterion:         HKY+F+I
Best-fit model: HKY+F+I chosen according to BIC

All model information printed to /home/jeremias//chrM/split/iter07/window_1_08/window_1_08_05_1.fa.model.gz
CPU time for ModelFinder: 0.086 seconds (0h:0m:0s)
Wall-clock time for ModelFinder: 0.107 seconds (0h:0m:0s)

NOTE: 0 MB RAM (0 GB) is required!
Estimate model parameters (epsilon = 0.100)
1. Initial log-likelihood: -379.467
2. Current log-likelihood: -343.898
3. Current log-likelihood: -342.563
4. Current log-likelihood: -342.345
Optimal log-likelihood: -342.250
Rate parameters:  A-C: 1.00000  A-G: 77.93802  A-T: 1.00000  C-G: 1.00000  C-T: 77.93802  G-T: 1.00000
Base frequencies:  A: 0.351  C: 0.366  G: 0.079  T: 0.204
Proportion of invariable sites: 0.698
Parameters optimization took 4 rounds (0.001 sec)
Wrote distance file to... 
Computing ML distances based on estimated model parameters...
Calculating distance matrix: done in 3.31551e-05 secs using 84.45% CPU
Computing ML distances took 0.000063 sec (of wall-clock time) 0.000057 sec (of CPU time)
Setting up auxiliary I and S matrices: done in 5.88298e-05 secs using 401.2% CPU
Computing RapidNJ tree took 0.005005 sec (of wall-clock time) 0.004836 sec (of CPU time)
Log-likelihood of RapidNJ tree: -342.178
--------------------------------------------------------------------
|             INITIALIZING CANDIDATE TREE SET                      |
--------------------------------------------------------------------
Generating 99 parsimony trees... 0.006 second
Computing log-likelihood of 2 initial trees ... 0.000 seconds
Current best score: -342.178

Do NNI search on 3 best initial trees
Estimate model parameters (epsilon = 0.100)
UPDATE BEST LOG-LIKELIHOOD: -342.075
Estimate model parameters (epsilon = 0.100)
UPDATE BEST LOG-LIKELIHOOD: -342.059
Estimate model parameters (epsilon = 0.100)
UPDATE BEST LOG-LIKELIHOOD: -342.020
Finish initializing candidate tree set (3)
Current best tree score: -342.020 / CPU time: 0.008
Number of iterations: 3
--------------------------------------------------------------------
|               OPTIMIZING CANDIDATE TREE SET                      |
--------------------------------------------------------------------
UPDATE BEST LOG-LIKELIHOOD: -342.019
UPDATE BEST LOG-LIKELIHOOD: -342.019
Iteration 10 / LogL: -342.019 / Time: 0h:0m:0s
Iteration 20 / LogL: -342.020 / Time: 0h:0m:0s
Iteration 30 / LogL: -342.131 / Time: 0h:0m:0s (0h:0m:0s left)
Iteration 40 / LogL: -342.078 / Time: 0h:0m:0s (0h:0m:0s left)
Iteration 50 / LogL: -342.020 / Time: 0h:0m:0s (0h:0m:0s left)
Iteration 60 / LogL: -342.078 / Time: 0h:0m:0s (0h:0m:0s left)
Iteration 70 / LogL: -342.131 / Time: 0h:0m:0s (0h:0m:0s left)
Iteration 80 / LogL: -342.019 / Time: 0h:0m:0s (0h:0m:0s left)
Iteration 90 / LogL: -342.019 / Time: 0h:0m:0s (0h:0m:0s left)
Iteration 100 / LogL: -342.020 / Time: 0h:0m:0s (0h:0m:0s left)
TREE SEARCH COMPLETED AFTER 101 ITERATIONS / Time: 0h:0m:0s

--------------------------------------------------------------------
|                    FINALIZING TREE SEARCH                        |
--------------------------------------------------------------------
Performs final model parameters optimization
Estimate model parameters (epsilon = 0.010)
1. Initial log-likelihood: -342.019
Optimal log-likelihood: -342.019
Rate parameters:  A-C: 1.00000  A-G: 84.61294  A-T: 1.00000  C-G: 1.00000  C-T: 84.61294  G-T: 1.00000
Base frequencies:  A: 0.351  C: 0.366  G: 0.079  T: 0.204
Proportion of invariable sites: 0.700
Parameters optimization took 1 rounds (0.000 sec)
BEST SCORE FOUND : -342.019
Total tree length: 0.457

Total number of iterations: 101
CPU time used for tree search: 0.024 sec (0h:0m:0s)
Wall-clock time used for tree search: 0.024 sec (0h:0m:0s)
Total CPU time used: 0.123 sec (0h:0m:0s)
Total wall-clock time used: 0.150 sec (0h:0m:0s)

Analysis results written to: 
  IQ-TREE report:                /home/jeremias//chrM/split/iter07/window_1_08/window_1_08_05_1.fa.iqtree
  Maximum-likelihood tree:       /home/jeremias//chrM/split/iter07/window_1_08/window_1_08_05_1.fa.treefile
  Likelihood distances:          /home/jeremias//chrM/split/iter07/window_1_08/window_1_08_05_1.fa.mldist
  Screen log file:               /home/jeremias//chrM/split/iter07/window_1_08/window_1_08_05_1.fa.log

Date and Time: Thu Jun 25 05:41:54 2026
